2025-05-21 14:24:45,659 - INFO - Performance Metrics: {'Process Start': '2025-05-21 14:24:45'}
2025-05-21 14:24:45,659 - INFO - Elapsed Time: 0.00 seconds
2025-05-21 14:24:45,695 - INFO - ๐พ ูุณุฎู ูพุดุชุจุงู c:\Developer\T13_Project\T13\backup\20250521_142445_version.json ุงุฌุงุฏ ุดุฏ.
2025-05-21 14:24:45,695 - INFO - ูุณุฎู ุฌุฏุฏ ุณุณุชู ุจุง ูุนุงุฑูุง ุนููฺฉุฑุฏ ุซุจุช ุดุฏ.
2025-05-21 14:24:45,707 - INFO - ูพุดููุงุฏุงุช ุงุฑุชูุง ุซุจุช ุดุฏูุฏ.
2025-05-21 14:24:45,707 - INFO - ๐ ุขุบุงุฒ ุจุงุฒููุณ ุฎูุฏฺฉุงุฑ ุณุณุชู (Refactor)...
2025-05-21 14:24:46,708 - INFO - โ ุจุงุฒููุณ ุฎูุฏฺฉุงุฑ ุณุณุชู ุจู ูพุงุงู ุฑุณุฏ.
2025-05-21 14:24:48,732 - INFO - Performance Metrics: {'avg_emotion': 5.6}
2025-05-21 14:24:49,900 - INFO - ๐พ ูุณุฎู ูพุดุชุจุงู c:\Developer\T13_Project\T13\backup\20250521_142449_version.json ุงุฌุงุฏ ุดุฏ.
2025-05-21 14:24:49,900 - INFO - ูุณุฎู ุฌุฏุฏ ุณุณุชู ุจุง ูุนุงุฑูุง ุนููฺฉุฑุฏ ุซุจุช ุดุฏ.
2025-05-21 14:24:49,916 - INFO - ูพุดููุงุฏุงุช ุงุฑุชูุง ุซุจุช ุดุฏูุฏ.
2025-05-21 14:24:49,917 - INFO - ๐ ุขุบุงุฒ ุจุงุฒููุณ ุฎูุฏฺฉุงุฑ ุณุณุชู (Refactor)...
2025-05-21 14:24:50,918 - INFO - โ ุจุงุฒููุณ ุฎูุฏฺฉุงุฑ ุณุณุชู ุจู ูพุงุงู ุฑุณุฏ.
2025-05-21 14:24:50,919 - INFO - ๐ง ุขุบุงุฒ ุงุฑุชูุง ุฏุฑูู ุณุณุชู ุจุฑุง ุจูุจูุฏ ฺฉุฏููุณ...
2025-05-21 14:24:50,920 - INFO - ๐ ุดุฑูุน ุจูููโุณุงุฒ ุฏุงุฎู ฺฉุฏ...
2025-05-21 14:24:51,921 - INFO - โค ูพุดููุงุฏ ุจูููโุณุงุฒ: ูพุงฺฉุณุงุฒ ฺฉุฏูุง ุชฺฉุฑุงุฑ
2025-05-21 14:24:52,222 - INFO - โค ูพุดููุงุฏ ุจูููโุณุงุฒ: ุจูุจูุฏ ูุณุชูุฏุณุงุฒ
2025-05-21 14:24:52,561 - INFO - โค ูพุดููุงุฏ ุจูููโุณุงุฒ: ุงูุฒูุฏู ุชุณุชโูุง ูุงุญุฏ
2025-05-21 14:24:52,863 - INFO - โ ุจูููโุณุงุฒ ุฏุงุฎู ฺฉุฏ ุจู ูพุงุงู ุฑุณุฏ.
2025-05-21 14:24:52,865 - INFO - ๐ง ุขุบุงุฒ ุงุนูุงู ุจูููโุณุงุฒ ุฏุงุฎู ฺฉุฏ ุจู ุตูุฑุช ุฎูุฏฺฉุงุฑ...
2025-05-21 14:24:52,866 - INFO - โค ุฏุฑ ุญุงู ุงุนูุงู ุจูููโุณุงุฒ: ูพุงฺฉุณุงุฒ ฺฉุฏูุง ุชฺฉุฑุงุฑ
2025-05-21 14:24:53,368 - INFO - โค ุฏุฑ ุญุงู ุงุนูุงู ุจูููโุณุงุฒ: ุจูุจูุฏ ูุณุชูุฏุณุงุฒ
2025-05-21 14:24:53,870 - INFO - โค ุฏุฑ ุญุงู ุงุนูุงู ุจูููโุณุงุฒ: ุงูุฒูุฏู ุชุณุชโูุง ูุงุญุฏ
2025-05-21 14:24:54,373 - INFO - โ ุจูููโุณุงุฒ ุฏุงุฎู ฺฉุฏ ุจุง ููููุช ุงุนูุงู ุดุฏ.
2025-05-21 14:24:54,378 - INFO - Elapsed Time: 8.72 seconds
2025-05-21 14:24:54,382 - INFO - โณ ุงุฌุฑุง ุจุนุฏ ุจุฑุฑุณ ุฏุฑ ุณุงุนุช 14:25:54
2025-05-21 14:24:54,382 - INFO - ๐ ุฒูุงูโุจูุฏ ุงุฑุชูุง ุชูุธู ุดุฏ.
2025-05-21 14:25:54,385 - INFO - ๐ ุขุบุงุฒ ุจุฑุฑุณ ุฏูุฑูโุง ุงุฑุชูุง...
2025-05-21 14:25:54,414 - INFO - ูพุดููุงุฏุงุช ุงุฑุชูุง ุซุจุช ุดุฏูุฏ.
2025-05-21 14:25:54,415 - INFO - ๐ ุขุบุงุฒ ุจุงุฒููุณ ุฎูุฏฺฉุงุฑ ุณุณุชู (Refactor)...
2025-05-21 14:25:55,415 - INFO - โ ุจุงุฒููุณ ุฎูุฏฺฉุงุฑ ุณุณุชู ุจู ูพุงุงู ุฑุณุฏ.
2025-05-21 14:25:55,416 - INFO - ๐ ุขุบุงุฒ ุงุนูุงู ุงุฑุชูุงูุง ูพุดููุงุฏ...
2025-05-21 14:25:55,416 - INFO - โค ุฏุฑ ุญุงู ุงุนูุงู ุชุบุฑ: ุงุฑุชูุง ูุงฺูู ุฑูุชุงุฑ ุจุฑุง ฺฉุงูุด ุงุณุชุฑุณ
2025-05-21 14:25:55,917 - INFO - โค ุฏุฑ ุญุงู ุงุนูุงู ุชุบุฑ: ุงูุฒุงุด ูุงุจูุช ุงูฺฏุฒุด ุฏุฑ ShadowBoost
2025-05-21 14:25:56,420 - INFO - โค ุฏุฑ ุญุงู ุงุนูุงู ุชุบุฑ: ุจูููโุณุงุฒ ฺุฑุฎู ุญุงูุธู ุจุฑุง ูุตุฑู ฺฉูุชุฑ
2025-05-21 14:25:56,922 - INFO - โค ุฏุฑ ุญุงู ุงุนูุงู ุชุบุฑ: ุจูููโุณุงุฒ ุณุงุฎุชุงุฑ ฺฉุฏ ู ุงูุฒุงุด ฺฉุดู ุฎุทุง
2025-05-21 14:25:57,424 - INFO - โ ุงุฑุชูุงูุง ูพุดููุงุฏ ุจุง ููููุช ุงุนูุงู ุดุฏูุฏ.
2025-05-21 14:25:57,426 - INFO - ๐ ุดุฑูุน ุจูููโุณุงุฒ ุฏุงุฎู ฺฉุฏ...
2025-05-21 14:25:58,428 - INFO - โค ูพุดููุงุฏ ุจูููโุณุงุฒ: ูพุงฺฉุณุงุฒ ฺฉุฏูุง ุชฺฉุฑุงุฑ
2025-05-21 14:25:58,731 - INFO - โค ูพุดููุงุฏ ุจูููโุณุงุฒ: ุจูุจูุฏ ูุณุชูุฏุณุงุฒ
2025-05-21 14:25:59,033 - INFO - โค ูพุดููุงุฏ ุจูููโุณุงุฒ: ุงูุฒูุฏู ุชุณุชโูุง ูุงุญุฏ
2025-05-21 14:25:59,335 - INFO - โ ุจูููโุณุงุฒ ุฏุงุฎู ฺฉุฏ ุจู ูพุงุงู ุฑุณุฏ.
2025-05-21 14:25:59,337 - INFO - โ ุชุบุฑุงุช ุจูููโุณุงุฒ ุฏุงุฎู ุงุนูุงู ุดุฏูุฏ.
2025-05-21 14:25:59,370 - INFO - ๐พ ูุณุฎู ูพุดุชุจุงู c:\Developer\T13_Project\T13\backup\20250521_142559_version.json ุงุฌุงุฏ ุดุฏ.
2025-05-21 14:25:59,371 - INFO - ูุณุฎู ุฌุฏุฏ ุณุณุชู ุจุง ูุนุงุฑูุง ุนููฺฉุฑุฏ ุซุจุช ุดุฏ.
2025-05-21 14:25:59,372 - INFO - โณ ุงุฌุฑุง ุจุนุฏ ุจุฑุฑุณ ุฏุฑ ุณุงุนุช 14:26:59
2025-05-21 14:26:59,373 - INFO - ๐ ุขุบุงุฒ ุจุฑุฑุณ ุฏูุฑูโุง ุงุฑุชูุง...
2025-05-21 14:26:59,402 - INFO - ูพุดููุงุฏุงุช ุงุฑุชูุง ุซุจุช ุดุฏูุฏ.
2025-05-21 14:26:59,402 - INFO - ๐ ุขุบุงุฒ ุจุงุฒููุณ ุฎูุฏฺฉุงุฑ ุณุณุชู (Refactor)...
2025-05-21 14:27:00,403 - INFO - โ ุจุงุฒููุณ ุฎูุฏฺฉุงุฑ ุณุณุชู ุจู ูพุงุงู ุฑุณุฏ.
2025-05-21 14:27:00,403 - INFO - ๐ ุขุบุงุฒ ุงุนูุงู ุงุฑุชูุงูุง ูพุดููุงุฏ...
2025-05-21 14:27:00,403 - INFO - โค ุฏุฑ ุญุงู ุงุนูุงู ุชุบุฑ: ุงุฑุชูุง ูุงฺูู ุฑูุชุงุฑ ุจุฑุง ฺฉุงูุด ุงุณุชุฑุณ
2025-05-21 14:27:00,904 - INFO - โค ุฏุฑ ุญุงู ุงุนูุงู ุชุบุฑ: ุงูุฒุงุด ูุงุจูุช ุงูฺฏุฒุด ุฏุฑ ShadowBoost
2025-05-21 14:27:01,406 - INFO - โค ุฏุฑ ุญุงู ุงุนูุงู ุชุบุฑ: ุจูููโุณุงุฒ ฺุฑุฎู ุญุงูุธู ุจุฑุง ูุตุฑู ฺฉูุชุฑ
2025-05-21 14:27:01,908 - INFO - โค ุฏุฑ ุญุงู ุงุนูุงู ุชุบุฑ: ุจูููโุณุงุฒ ุณุงุฎุชุงุฑ ฺฉุฏ ู ุงูุฒุงุด ฺฉุดู ุฎุทุง
2025-05-21 14:27:02,409 - INFO - โ ุงุฑุชูุงูุง ูพุดููุงุฏ ุจุง ููููุช ุงุนูุงู ุดุฏูุฏ.
2025-05-21 14:27:02,409 - INFO - ๐ ุดุฑูุน ุจูููโุณุงุฒ ุฏุงุฎู ฺฉุฏ...
2025-05-21 14:27:03,410 - INFO - โค ูพุดููุงุฏ ุจูููโุณุงุฒ: ูพุงฺฉุณุงุฒ ฺฉุฏูุง ุชฺฉุฑุงุฑ
2025-05-21 14:27:03,712 - INFO - โค ูพุดููุงุฏ ุจูููโุณุงุฒ: ุจูุจูุฏ ูุณุชูุฏุณุงุฒ
2025-05-21 14:27:04,015 - INFO - โค ูพุดููุงุฏ ุจูููโุณุงุฒ: ุงูุฒูุฏู ุชุณุชโูุง ูุงุญุฏ
2025-05-21 14:27:04,318 - INFO - โ ุจูููโุณุงุฒ ุฏุงุฎู ฺฉุฏ ุจู ูพุงุงู ุฑุณุฏ.
2025-05-21 14:27:04,320 - INFO - โ ุชุบุฑุงุช ุจูููโุณุงุฒ ุฏุงุฎู ุงุนูุงู ุดุฏูุฏ.
2025-05-21 14:27:04,342 - INFO - ๐พ ูุณุฎู ูพุดุชุจุงู c:\Developer\T13_Project\T13\backup\20250521_142704_version.json ุงุฌุงุฏ ุดุฏ.
2025-05-21 14:27:04,343 - INFO - ูุณุฎู ุฌุฏุฏ ุณุณุชู ุจุง ูุนุงุฑูุง ุนููฺฉุฑุฏ ุซุจุช ุดุฏ.
2025-05-21 14:27:04,343 - INFO - โณ ุงุฌุฑุง ุจุนุฏ ุจุฑุฑุณ ุฏุฑ ุณุงุนุช 14:28:04
2025-05-21 14:28:04,343 - INFO - ๐ ุขุบุงุฒ ุจุฑุฑุณ ุฏูุฑูโุง ุงุฑุชูุง...
2025-05-21 14:28:04,370 - INFO - ูพุดููุงุฏุงุช ุงุฑุชูุง ุซุจุช ุดุฏูุฏ.
2025-05-21 14:28:04,371 - INFO - ๐ ุขุบุงุฒ ุจุงุฒููุณ ุฎูุฏฺฉุงุฑ ุณุณุชู (Refactor)...
2025-05-21 14:28:05,371 - INFO - โ ุจุงุฒููุณ ุฎูุฏฺฉุงุฑ ุณุณุชู ุจู ูพุงุงู ุฑุณุฏ.
2025-05-21 14:28:05,372 - INFO - ๐ ุขุบุงุฒ ุงุนูุงู ุงุฑุชูุงูุง ูพุดููุงุฏ...
2025-05-21 14:28:05,372 - INFO - โค ุฏุฑ ุญุงู ุงุนูุงู ุชุบุฑ: ุงุฑุชูุง ูุงฺูู ุฑูุชุงุฑ ุจุฑุง ฺฉุงูุด ุงุณุชุฑุณ
2025-05-21 14:28:05,873 - INFO - โค ุฏุฑ ุญุงู ุงุนูุงู ุชุบุฑ: ุงูุฒุงุด ูุงุจูุช ุงูฺฏุฒุด ุฏุฑ ShadowBoost
2025-05-21 14:28:06,375 - INFO - โค ุฏุฑ ุญุงู ุงุนูุงู ุชุบุฑ: ุจูููโุณุงุฒ ฺุฑุฎู ุญุงูุธู ุจุฑุง ูุตุฑู ฺฉูุชุฑ
2025-05-21 14:28:06,876 - INFO - โค ุฏุฑ ุญุงู ุงุนูุงู ุชุบุฑ: ุจูููโุณุงุฒ ุณุงุฎุชุงุฑ ฺฉุฏ ู ุงูุฒุงุด ฺฉุดู ุฎุทุง
2025-05-21 14:28:07,376 - INFO - โ ุงุฑุชูุงูุง ูพุดููุงุฏ ุจุง ููููุช ุงุนูุงู ุดุฏูุฏ.
2025-05-21 14:28:07,377 - INFO - ๐ ุดุฑูุน ุจูููโุณุงุฒ ุฏุงุฎู ฺฉุฏ...
2025-05-21 14:28:08,377 - INFO - โค ูพุดููุงุฏ ุจูููโุณุงุฒ: ูพุงฺฉุณุงุฒ ฺฉุฏูุง ุชฺฉุฑุงุฑ
2025-05-21 14:28:08,679 - INFO - โค ูพุดููุงุฏ ุจูููโุณุงุฒ: ุจูุจูุฏ ูุณุชูุฏุณุงุฒ
2025-05-21 14:28:08,982 - INFO - โค ูพุดููุงุฏ ุจูููโุณุงุฒ: ุงูุฒูุฏู ุชุณุชโูุง ูุงุญุฏ
2025-05-21 14:28:09,284 - INFO - โ ุจูููโุณุงุฒ ุฏุงุฎู ฺฉุฏ ุจู ูพุงุงู ุฑุณุฏ.
2025-05-21 14:28:09,285 - INFO - โ ุชุบุฑุงุช ุจูููโุณุงุฒ ุฏุงุฎู ุงุนูุงู ุดุฏูุฏ.
2025-05-21 14:28:09,297 - INFO - ๐พ ูุณุฎู ูพุดุชุจุงู c:\Developer\T13_Project\T13\backup\20250521_142809_version.json ุงุฌุงุฏ ุดุฏ.
2025-05-21 14:28:09,298 - INFO - ูุณุฎู ุฌุฏุฏ ุณุณุชู ุจุง ูุนุงุฑูุง ุนููฺฉุฑุฏ ุซุจุช ุดุฏ.
2025-05-21 14:28:09,298 - INFO - โณ ุงุฌุฑุง ุจุนุฏ ุจุฑุฑุณ ุฏุฑ ุณุงุนุช 14:29:09
2025-05-21 14:32:02,893 - INFO - Performance Metrics: {'Process Start': '2025-05-21 14:32:02'}
2025-05-21 14:32:02,893 - INFO - Elapsed Time: 0.00 seconds
2025-05-21 14:32:02,922 - INFO - ๐พ ูุณุฎู ูพุดุชุจุงู c:\Developer\T13_Project\T13\backup\20250521_143202_version.json ุงุฌุงุฏ ุดุฏ.
2025-05-21 14:32:02,923 - INFO - ูุณุฎู ุฌุฏุฏ ุณุณุชู ุจุง ูุนุงุฑูุง ุนููฺฉุฑุฏ ุซุจุช ุดุฏ.
2025-05-21 14:32:02,937 - INFO - ูพุดููุงุฏุงุช ุงุฑุชูุง ุซุจุช ุดุฏูุฏ.
2025-05-21 14:32:02,938 - INFO - ๐ ุขุบุงุฒ ุจุงุฒููุณ ุฎูุฏฺฉุงุฑ ุณุณุชู (Refactor)...
2025-05-21 14:32:03,938 - INFO - โ ุจุงุฒููุณ ุฎูุฏฺฉุงุฑ ุณุณุชู ุจู ูพุงุงู ุฑุณุฏ.
2025-05-21 14:32:05,970 - INFO - Performance Metrics: {'avg_emotion': 5.6}
2025-05-21 14:32:06,749 - INFO - ๐พ ูุณุฎู ูพุดุชุจุงู c:\Developer\T13_Project\T13\backup\20250521_143206_version.json ุงุฌุงุฏ ุดุฏ.
2025-05-21 14:32:06,750 - INFO - ูุณุฎู ุฌุฏุฏ ุณุณุชู ุจุง ูุนุงุฑูุง ุนููฺฉุฑุฏ ุซุจุช ุดุฏ.
2025-05-21 14:32:06,758 - INFO - ูพุดููุงุฏุงุช ุงุฑุชูุง ุซุจุช ุดุฏูุฏ.
2025-05-21 14:32:06,758 - INFO - ๐ ุขุบุงุฒ ุจุงุฒููุณ ุฎูุฏฺฉุงุฑ ุณุณุชู (Refactor)...
2025-05-21 14:32:07,759 - INFO - โ ุจุงุฒููุณ ุฎูุฏฺฉุงุฑ ุณุณุชู ุจู ูพุงุงู ุฑุณุฏ.
2025-05-21 14:32:07,759 - INFO - ๐ง ุขุบุงุฒ ุงุฑุชูุง ุฏุฑูู ุณุณุชู ุจุฑุง ุจูุจูุฏ ฺฉุฏููุณ...
2025-05-21 14:32:07,760 - INFO - ๐ ุดุฑูุน ุจูููโุณุงุฒ ุฏุงุฎู ฺฉุฏ...
2025-05-21 14:32:08,760 - INFO - โค ูพุดููุงุฏ ุจูููโุณุงุฒ: ูพุงฺฉุณุงุฒ ฺฉุฏูุง ุชฺฉุฑุงุฑ
2025-05-21 14:32:09,061 - INFO - โค ูพุดููุงุฏ ุจูููโุณุงุฒ: ุจูุจูุฏ ูุณุชูุฏุณุงุฒ
2025-05-21 14:32:09,362 - INFO - โค ูพุดููุงุฏ ุจูููโุณุงุฒ: ุงูุฒูุฏู ุชุณุชโูุง ูุงุญุฏ
2025-05-21 14:32:09,663 - INFO - โ ุจูููโุณุงุฒ ุฏุงุฎู ฺฉุฏ ุจู ูพุงุงู ุฑุณุฏ.
2025-05-21 14:32:09,663 - INFO - ๐ง ุขุบุงุฒ ุงุนูุงู ุจูููโุณุงุฒ ุฏุงุฎู ฺฉุฏ ุจู ุตูุฑุช ุฎูุฏฺฉุงุฑ...
2025-05-21 14:32:09,664 - INFO - โค ุฏุฑ ุญุงู ุงุนูุงู ุจูููโุณุงุฒ: ูพุงฺฉุณุงุฒ ฺฉุฏูุง ุชฺฉุฑุงุฑ
2025-05-21 14:32:10,164 - INFO - โค ุฏุฑ ุญุงู ุงุนูุงู ุจูููโุณุงุฒ: ุจูุจูุฏ ูุณุชูุฏุณุงุฒ
2025-05-21 14:32:10,665 - INFO - โค ุฏุฑ ุญุงู ุงุนูุงู ุจูููโุณุงุฒ: ุงูุฒูุฏู ุชุณุชโูุง ูุงุญุฏ
2025-05-21 14:32:11,165 - INFO - โ ุจูููโุณุงุฒ ุฏุงุฎู ฺฉุฏ ุจุง ููููุช ุงุนูุงู ุดุฏ.
2025-05-21 14:32:11,166 - INFO - Elapsed Time: 8.27 seconds
2025-05-21 14:32:11,167 - INFO - โณ ุงุฌุฑุง ุจุนุฏ ุจุฑุฑุณ ุฏุฑ ุณุงุนุช 14:33:11
2025-05-21 14:32:11,168 - INFO - ๐ ุฒูุงูโุจูุฏ ุงุฑุชูุง ุชูุธู ุดุฏ.
2025-05-21 14:33:11,169 - INFO - ๐ ุขุบุงุฒ ุจุฑุฑุณ ุฏูุฑูโุง ุงุฑุชูุง...
2025-05-21 14:33:11,205 - INFO - ูพุดููุงุฏุงุช ุงุฑุชูุง ุซุจุช ุดุฏูุฏ.
2025-05-21 14:33:11,205 - INFO - ๐ ุขุบุงุฒ ุจุงุฒููุณ ุฎูุฏฺฉุงุฑ ุณุณุชู (Refactor)...
2025-05-21 14:33:12,207 - INFO - โ ุจุงุฒููุณ ุฎูุฏฺฉุงุฑ ุณุณุชู ุจู ูพุงุงู ุฑุณุฏ.
2025-05-21 14:33:12,208 - INFO - ๐ ุขุบุงุฒ ุงุนูุงู ุงุฑุชูุงูุง ูพุดููุงุฏ...
2025-05-21 14:33:12,210 - INFO - โค ุฏุฑ ุญุงู ุงุนูุงู ุชุบุฑ: ุงุฑุชูุง ูุงฺูู ุฑูุชุงุฑ ุจุฑุง ฺฉุงูุด ุงุณุชุฑุณ
2025-05-21 14:33:12,712 - INFO - โค ุฏุฑ ุญุงู ุงุนูุงู ุชุบุฑ: ุงูุฒุงุด ูุงุจูุช ุงูฺฏุฒุด ุฏุฑ ShadowBoost
2025-05-21 14:33:13,773 - INFO - โค ุฏุฑ ุญุงู ุงุนูุงู ุชุบุฑ: ุจูููโุณุงุฒ ฺุฑุฎู ุญุงูุธู ุจุฑุง ูุตุฑู ฺฉูุชุฑ
2025-05-21 14:33:14,274 - INFO - โค ุฏุฑ ุญุงู ุงุนูุงู ุชุบุฑ: ุจูููโุณุงุฒ ุณุงุฎุชุงุฑ ฺฉุฏ ู ุงูุฒุงุด ฺฉุดู ุฎุทุง
2025-05-21 14:33:14,775 - INFO - โ ุงุฑุชูุงูุง ูพุดููุงุฏ ุจุง ููููุช ุงุนูุงู ุดุฏูุฏ.
2025-05-21 14:33:14,777 - INFO - ๐ ุดุฑูุน ุจูููโุณุงุฒ ุฏุงุฎู ฺฉุฏ...
2025-05-21 14:33:15,778 - INFO - โค ูพุดููุงุฏ ุจูููโุณุงุฒ: ูพุงฺฉุณุงุฒ ฺฉุฏูุง ุชฺฉุฑุงุฑ
2025-05-21 14:33:16,081 - INFO - โค ูพุดููุงุฏ ุจูููโุณุงุฒ: ุจูุจูุฏ ูุณุชูุฏุณุงุฒ
2025-05-21 14:33:16,383 - INFO - โค ูพุดููุงุฏ ุจูููโุณุงุฒ: ุงูุฒูุฏู ุชุณุชโูุง ูุงุญุฏ
2025-05-21 14:33:16,685 - INFO - โ ุจูููโุณุงุฒ ุฏุงุฎู ฺฉุฏ ุจู ูพุงุงู ุฑุณุฏ.
2025-05-21 14:33:16,687 - INFO - โ ุชุบุฑุงุช ุจูููโุณุงุฒ ุฏุงุฎู ุงุนูุงู ุดุฏูุฏ.
2025-05-21 14:33:16,711 - INFO - ๐พ ูุณุฎู ูพุดุชุจุงู c:\Developer\T13_Project\T13\backup\20250521_143316_version.json ุงุฌุงุฏ ุดุฏ.
2025-05-21 14:33:16,712 - INFO - ูุณุฎู ุฌุฏุฏ ุณุณุชู ุจุง ูุนุงุฑูุง ุนููฺฉุฑุฏ ุซุจุช ุดุฏ.
2025-05-21 14:33:16,712 - INFO - โณ ุงุฌุฑุง ุจุนุฏ ุจุฑุฑุณ ุฏุฑ ุณุงุนุช 14:34:16
2025-05-21 14:34:16,712 - INFO - ๐ ุขุบุงุฒ ุจุฑุฑุณ ุฏูุฑูโุง ุงุฑุชูุง...
2025-05-21 14:34:16,724 - INFO - ูพุดููุงุฏุงุช ุงุฑุชูุง ุซุจุช ุดุฏูุฏ.
2025-05-21 14:34:16,724 - INFO - ๐ ุขุบุงุฒ ุจุงุฒููุณ ุฎูุฏฺฉุงุฑ ุณุณุชู (Refactor)...
2025-05-21 14:34:17,725 - INFO - โ ุจุงุฒููุณ ุฎูุฏฺฉุงุฑ ุณุณุชู ุจู ูพุงุงู ุฑุณุฏ.
2025-05-21 14:34:17,725 - INFO - ๐ ุขุบุงุฒ ุงุนูุงู ุงุฑุชูุงูุง ูพุดููุงุฏ...
2025-05-21 14:34:17,725 - INFO - โค ุฏุฑ ุญุงู ุงุนูุงู ุชุบุฑ: ุงุฑุชูุง ูุงฺูู ุฑูุชุงุฑ ุจุฑุง ฺฉุงูุด ุงุณุชุฑุณ
2025-05-21 14:34:18,227 - INFO - โค ุฏุฑ ุญุงู ุงุนูุงู ุชุบุฑ: ุงูุฒุงุด ูุงุจูุช ุงูฺฏุฒุด ุฏุฑ ShadowBoost
2025-05-21 14:34:18,728 - INFO - โค ุฏุฑ ุญุงู ุงุนูุงู ุชุบุฑ: ุจูููโุณุงุฒ ฺุฑุฎู ุญุงูุธู ุจุฑุง ูุตุฑู ฺฉูุชุฑ
2025-05-21 14:34:19,229 - INFO - โค ุฏุฑ ุญุงู ุงุนูุงู ุชุบุฑ: ุจูููโุณุงุฒ ุณุงุฎุชุงุฑ ฺฉุฏ ู ุงูุฒุงุด ฺฉุดู ุฎุทุง
2025-05-21 14:34:19,732 - INFO - โ ุงุฑุชูุงูุง ูพุดููุงุฏ ุจุง ููููุช ุงุนูุงู ุดุฏูุฏ.
2025-05-21 14:34:19,734 - INFO - ๐ ุดุฑูุน ุจูููโุณุงุฒ ุฏุงุฎู ฺฉุฏ...
2025-05-21 14:34:20,736 - INFO - โค ูพุดููุงุฏ ุจูููโุณุงุฒ: ูพุงฺฉุณุงุฒ ฺฉุฏูุง ุชฺฉุฑุงุฑ
2025-05-21 14:34:21,038 - INFO - โค ูพุดููุงุฏ ุจูููโุณุงุฒ: ุจูุจูุฏ ูุณุชูุฏุณุงุฒ
2025-05-21 14:34:22,030 - INFO - โค ูพุดููุงุฏ ุจูููโุณุงุฒ: ุงูุฒูุฏู ุชุณุชโูุง ูุงุญุฏ
2025-05-21 14:34:22,332 - INFO - โ ุจูููโุณุงุฒ ุฏุงุฎู ฺฉุฏ ุจู ูพุงุงู ุฑุณุฏ.
2025-05-21 14:34:22,334 - INFO - โ ุชุบุฑุงุช ุจูููโุณุงุฒ ุฏุงุฎู ุงุนูุงู ุดุฏูุฏ.
2025-05-21 14:34:22,347 - INFO - ๐พ ูุณุฎู ูพุดุชุจุงู c:\Developer\T13_Project\T13\backup\20250521_143422_version.json ุงุฌุงุฏ ุดุฏ.
2025-05-21 14:34:22,349 - INFO - ูุณุฎู ุฌุฏุฏ ุณุณุชู ุจุง ูุนุงุฑูุง ุนููฺฉุฑุฏ ุซุจุช ุดุฏ.
2025-05-21 14:34:22,349 - INFO - โณ ุงุฌุฑุง ุจุนุฏ ุจุฑุฑุณ ุฏุฑ ุณุงุนุช 14:35:22
2025-05-21 14:35:22,350 - INFO - ๐ ุขุบุงุฒ ุจุฑุฑุณ ุฏูุฑูโุง ุงุฑุชูุง...
2025-05-21 14:35:22,372 - INFO - ูพุดููุงุฏุงุช ุงุฑุชูุง ุซุจุช ุดุฏูุฏ.
2025-05-21 14:35:22,373 - INFO - ๐ ุขุบุงุฒ ุจุงุฒููุณ ุฎูุฏฺฉุงุฑ ุณุณุชู (Refactor)...
2025-05-21 14:35:23,373 - INFO - โ ุจุงุฒููุณ ุฎูุฏฺฉุงุฑ ุณุณุชู ุจู ูพุงุงู ุฑุณุฏ.
2025-05-21 14:35:23,374 - INFO - ๐ ุขุบุงุฒ ุงุนูุงู ุงุฑุชูุงูุง ูพุดููุงุฏ...
2025-05-21 14:35:23,374 - INFO - โค ุฏุฑ ุญุงู ุงุนูุงู ุชุบุฑ: ุงุฑุชูุง ูุงฺูู ุฑูุชุงุฑ ุจุฑุง ฺฉุงูุด ุงุณุชุฑุณ
2025-05-21 14:35:23,874 - INFO - โค ุฏุฑ ุญุงู ุงุนูุงู ุชุบุฑ: ุงูุฒุงุด ูุงุจูุช ุงูฺฏุฒุด ุฏุฑ ShadowBoost
2025-05-21 14:35:24,375 - INFO - โค ุฏุฑ ุญุงู ุงุนูุงู ุชุบุฑ: ุจูููโุณุงุฒ ฺุฑุฎู ุญุงูุธู ุจุฑุง ูุตุฑู ฺฉูุชุฑ
2025-05-21 14:35:24,877 - INFO - โค ุฏุฑ ุญุงู ุงุนูุงู ุชุบุฑ: ุจูููโุณุงุฒ ุณุงุฎุชุงุฑ ฺฉุฏ ู ุงูุฒุงุด ฺฉุดู ุฎุทุง
2025-05-21 14:35:25,379 - INFO - โ ุงุฑุชูุงูุง ูพุดููุงุฏ ุจุง ููููุช ุงุนูุงู ุดุฏูุฏ.
2025-05-21 14:35:25,381 - INFO - ๐ ุดุฑูุน ุจูููโุณุงุฒ ุฏุงุฎู ฺฉุฏ...
2025-05-21 14:35:26,383 - INFO - โค ูพุดููุงุฏ ุจูููโุณุงุฒ: ูพุงฺฉุณุงุฒ ฺฉุฏูุง ุชฺฉุฑุงุฑ
2025-05-21 14:35:26,684 - INFO - โค ูพุดููุงุฏ ุจูููโุณุงุฒ: ุจูุจูุฏ ูุณุชูุฏุณุงุฒ
2025-05-21 14:35:26,986 - INFO - โค ูพุดููุงุฏ ุจูููโุณุงุฒ: ุงูุฒูุฏู ุชุณุชโูุง ูุงุญุฏ
2025-05-21 14:35:27,287 - INFO - โ ุจูููโุณุงุฒ ุฏุงุฎู ฺฉุฏ ุจู ูพุงุงู ุฑุณุฏ.
2025-05-21 14:35:27,289 - INFO - โ ุชุบุฑุงุช ุจูููโุณุงุฒ ุฏุงุฎู ุงุนูุงู ุดุฏูุฏ.
2025-05-21 14:35:27,335 - INFO - ๐พ ูุณุฎู ูพุดุชุจุงู c:\Developer\T13_Project\T13\backup\20250521_143527_version.json ุงุฌุงุฏ ุดุฏ.
2025-05-21 14:35:27,336 - INFO - ูุณุฎู ุฌุฏุฏ ุณุณุชู ุจุง ูุนุงุฑูุง ุนููฺฉุฑุฏ ุซุจุช ุดุฏ.
2025-05-21 14:35:27,336 - INFO - โณ ุงุฌุฑุง ุจุนุฏ ุจุฑุฑุณ ุฏุฑ ุณุงุนุช 14:36:27
2025-05-21 14:36:27,336 - INFO - ๐ ุขุบุงุฒ ุจุฑุฑุณ ุฏูุฑูโุง ุงุฑุชูุง...
2025-05-21 14:36:27,356 - INFO - ูพุดููุงุฏุงุช ุงุฑุชูุง ุซุจุช ุดุฏูุฏ.
2025-05-21 14:36:27,358 - INFO - ๐ ุขุบุงุฒ ุจุงุฒููุณ ุฎูุฏฺฉุงุฑ ุณุณุชู (Refactor)...
2025-05-21 14:36:28,359 - INFO - โ ุจุงุฒููุณ ุฎูุฏฺฉุงุฑ ุณุณุชู ุจู ูพุงุงู ุฑุณุฏ.
2025-05-21 14:36:28,361 - INFO - ๐ ุขุบุงุฒ ุงุนูุงู ุงุฑุชูุงูุง ูพุดููุงุฏ...
2025-05-21 14:36:28,363 - INFO - โค ุฏุฑ ุญุงู ุงุนูุงู ุชุบุฑ: ุงุฑุชูุง ูุงฺูู ุฑูุชุงุฑ ุจุฑุง ฺฉุงูุด ุงุณุชุฑุณ
2025-05-21 14:36:28,865 - INFO - โค ุฏุฑ ุญุงู ุงุนูุงู ุชุบุฑ: ุงูุฒุงุด ูุงุจูุช ุงูฺฏุฒุด ุฏุฑ ShadowBoost
2025-05-21 14:36:29,367 - INFO - โค ุฏุฑ ุญุงู ุงุนูุงู ุชุบุฑ: ุจูููโุณุงุฒ ฺุฑุฎู ุญุงูุธู ุจุฑุง ูุตุฑู ฺฉูุชุฑ
2025-05-21 14:36:29,869 - INFO - โค ุฏุฑ ุญุงู ุงุนูุงู ุชุบุฑ: ุจูููโุณุงุฒ ุณุงุฎุชุงุฑ ฺฉุฏ ู ุงูุฒุงุด ฺฉุดู ุฎุทุง
2025-05-21 14:36:30,372 - INFO - โ ุงุฑุชูุงูุง ูพุดููุงุฏ ุจุง ููููุช ุงุนูุงู ุดุฏูุฏ.
2025-05-21 14:36:30,373 - INFO - ๐ ุดุฑูุน ุจูููโุณุงุฒ ุฏุงุฎู ฺฉุฏ...
2025-05-21 14:36:31,376 - INFO - โค ูพุดููุงุฏ ุจูููโุณุงุฒ: ูพุงฺฉุณุงุฒ ฺฉุฏูุง ุชฺฉุฑุงุฑ
2025-05-21 14:36:31,678 - INFO - โค ูพุดููุงุฏ ุจูููโุณุงุฒ: ุจูุจูุฏ ูุณุชูุฏุณุงุฒ
2025-05-21 14:36:31,980 - INFO - โค ูพุดููุงุฏ ุจูููโุณุงุฒ: ุงูุฒูุฏู ุชุณุชโูุง ูุงุญุฏ
2025-05-21 14:36:32,283 - INFO - โ ุจูููโุณุงุฒ ุฏุงุฎู ฺฉุฏ ุจู ูพุงุงู ุฑุณุฏ.
2025-05-21 14:36:32,285 - INFO - โ ุชุบุฑุงุช ุจูููโุณุงุฒ ุฏุงุฎู ุงุนูุงู ุดุฏูุฏ.
2025-05-21 14:36:32,298 - INFO - ๐พ ูุณุฎู ูพุดุชุจุงู c:\Developer\T13_Project\T13\backup\20250521_143632_version.json ุงุฌุงุฏ ุดุฏ.
2025-05-21 14:36:32,300 - INFO - ูุณุฎู ุฌุฏุฏ ุณุณุชู ุจุง ูุนุงุฑูุง ุนููฺฉุฑุฏ ุซุจุช ุดุฏ.
2025-05-21 14:36:32,300 - INFO - โณ ุงุฌุฑุง ุจุนุฏ ุจุฑุฑุณ ุฏุฑ ุณุงุนุช 14:37:32
2025-05-21 14:48:42,365 - INFO - Performance Metrics: {'Process Start': '2025-05-21 14:48:42'}
2025-05-21 14:48:42,365 - INFO - Elapsed Time: 0.00 seconds
2025-05-21 14:48:42,398 - INFO - ๐พ ูุณุฎู ูพุดุชุจุงู c:\Developer\T13_Project\T13\backup\20250521_144842_version.json ุงุฌุงุฏ ุดุฏ.
2025-05-21 14:48:42,398 - INFO - ูุณุฎู ุฌุฏุฏ ุณุณุชู ุจุง ูุนุงุฑูุง ุนููฺฉุฑุฏ ุซุจุช ุดุฏ.
2025-05-21 14:48:42,422 - INFO - ูพุดููุงุฏุงุช ุงุฑุชูุง ุซุจุช ุดุฏูุฏ.
2025-05-21 14:48:42,422 - INFO - ๐ ุขุบุงุฒ ุจุงุฒููุณ ุฎูุฏฺฉุงุฑ ุณุณุชู (Refactor)...
2025-05-21 14:48:43,423 - INFO - โ ุจุงุฒููุณ ุฎูุฏฺฉุงุฑ ุณุณุชู ุจู ูพุงุงู ุฑุณุฏ.
2025-05-21 14:48:45,458 - INFO - Performance Metrics: {'avg_metric': 3.5500000000000003}
2025-05-21 14:48:46,907 - INFO - ๐พ ูุณุฎู ูพุดุชุจุงู c:\Developer\T13_Project\T13\backup\20250521_144846_version.json ุงุฌุงุฏ ุดุฏ.
2025-05-21 14:48:46,907 - INFO - ูุณุฎู ุฌุฏุฏ ุณุณุชู ุจุง ูุนุงุฑูุง ุนููฺฉุฑุฏ ุซุจุช ุดุฏ.
2025-05-21 14:48:46,915 - INFO - ูพุดููุงุฏุงุช ุงุฑุชูุง ุซุจุช ุดุฏูุฏ.
2025-05-21 14:48:46,915 - INFO - ๐ ุขุบุงุฒ ุจุงุฒููุณ ุฎูุฏฺฉุงุฑ ุณุณุชู (Refactor)...
2025-05-21 14:48:47,916 - INFO - โ ุจุงุฒููุณ ุฎูุฏฺฉุงุฑ ุณุณุชู ุจู ูพุงุงู ุฑุณุฏ.
2025-05-21 14:48:47,916 - INFO - ๐ง ุขุบุงุฒ ุงุฑุชูุง ุฏุฑูู ุณุณุชู ุจุฑุง ุจูุจูุฏ ฺฉุฏููุณ...
2025-05-21 14:48:47,917 - INFO - ๐ ุดุฑูุน ุจูููโุณุงุฒ ุฏุงุฎู ฺฉุฏ...
2025-05-21 14:48:48,917 - INFO - โค ูพุดููุงุฏ ุจูููโุณุงุฒ: ูพุงฺฉุณุงุฒ ฺฉุฏูุง ุชฺฉุฑุงุฑ
2025-05-21 14:48:49,218 - INFO - โค ูพุดููุงุฏ ุจูููโุณุงุฒ: ุจูุจูุฏ ูุณุชูุฏุณุงุฒ
2025-05-21 14:48:49,520 - INFO - โค ูพุดููุงุฏ ุจูููโุณุงุฒ: ุงูุฒูุฏู ุชุณุชโูุง ูุงุญุฏ
2025-05-21 14:48:49,822 - INFO - โ ุจูููโุณุงุฒ ุฏุงุฎู ฺฉุฏ ุจู ูพุงุงู ุฑุณุฏ.
2025-05-21 14:48:49,824 - INFO - ๐ง ุขุบุงุฒ ุงุนูุงู ุจูููโุณุงุฒ ุฏุงุฎู ฺฉุฏ ุจู ุตูุฑุช ุฎูุฏฺฉุงุฑ...
2025-05-21 14:48:49,825 - INFO - โค ุฏุฑ ุญุงู ุงุนูุงู ุจูููโุณุงุฒ: ูพุงฺฉุณุงุฒ ฺฉุฏูุง ุชฺฉุฑุงุฑ
2025-05-21 14:48:50,327 - INFO - โค ุฏุฑ ุญุงู ุงุนูุงู ุจูููโุณุงุฒ: ุจูุจูุฏ ูุณุชูุฏุณุงุฒ
2025-05-21 14:48:50,828 - INFO - โค ุฏุฑ ุญุงู ุงุนูุงู ุจูููโุณุงุฒ: ุงูุฒูุฏู ุชุณุชโูุง ูุงุญุฏ
2025-05-21 14:48:51,329 - INFO - โ ุจูููโุณุงุฒ ุฏุงุฎู ฺฉุฏ ุจุง ููููุช ุงุนูุงู ุดุฏ.
2025-05-21 14:48:51,334 - INFO - Elapsed Time: 8.97 seconds
2025-05-21 14:48:51,337 - INFO - โณ ุงุฌุฑุง ุจุนุฏ ุจุฑุฑุณ ุฏุฑ ุณุงุนุช 14:49:51
2025-05-21 14:48:51,338 - INFO - ๐ ุฒูุงูโุจูุฏ ุงุฑุชูุง ุชูุธู ุดุฏ.
2025-05-21 14:49:48,891 - INFO - Performance Metrics: {'Process Start': '2025-05-21 14:49:48'}
2025-05-21 14:49:48,892 - INFO - Elapsed Time: 0.00 seconds
2025-05-21 14:49:48,924 - INFO - ๐พ ูุณุฎู ูพุดุชุจุงู c:\Developer\T13_Project\T13\backup\20250521_144948_version.json ุงุฌุงุฏ ุดุฏ.
2025-05-21 14:49:48,925 - INFO - ูุณุฎู ุฌุฏุฏ ุณุณุชู ุจุง ูุนุงุฑูุง ุนููฺฉุฑุฏ ุซุจุช ุดุฏ.
2025-05-21 14:49:48,935 - INFO - ูพุดููุงุฏุงุช ุงุฑุชูุง ุซุจุช ุดุฏูุฏ.
2025-05-21 14:49:48,936 - INFO - ๐ ุขุบุงุฒ ุจุงุฒููุณ ุฎูุฏฺฉุงุฑ ุณุณุชู (Refactor)...
2025-05-21 14:49:49,936 - INFO - โ ุจุงุฒููุณ ุฎูุฏฺฉุงุฑ ุณุณุชู ุจู ูพุงุงู ุฑุณุฏ.
2025-05-21 14:49:51,974 - INFO - Performance Metrics: {'avg_metric': 3.5500000000000003}
2025-05-21 14:49:53,218 - INFO - ๐พ ูุณุฎู ูพุดุชุจุงู c:\Developer\T13_Project\T13\backup\20250521_144953_version.json ุงุฌุงุฏ ุดุฏ.
2025-05-21 14:49:53,218 - INFO - ูุณุฎู ุฌุฏุฏ ุณุณุชู ุจุง ูุนุงุฑูุง ุนููฺฉุฑุฏ ุซุจุช ุดุฏ.
2025-05-21 14:49:53,231 - INFO - ูพุดููุงุฏุงุช ุงุฑุชูุง ุซุจุช ุดุฏูุฏ.
2025-05-21 14:49:53,231 - INFO - ๐ ุขุบุงุฒ ุจุงุฒููุณ ุฎูุฏฺฉุงุฑ ุณุณุชู (Refactor)...
2025-05-21 14:49:54,231 - INFO - โ ุจุงุฒููุณ ุฎูุฏฺฉุงุฑ ุณุณุชู ุจู ูพุงุงู ุฑุณุฏ.
2025-05-21 14:49:54,231 - INFO - ๐ง ุขุบุงุฒ ุงุฑุชูุง ุฏุฑูู ุณุณุชู ุจุฑุง ุจูุจูุฏ ฺฉุฏููุณ...
2025-05-21 14:49:54,232 - INFO - ๐ ุดุฑูุน ุจูููโุณุงุฒ ุฏุงุฎู ฺฉุฏ...
2025-05-21 14:49:55,232 - INFO - โค ูพุดููุงุฏ ุจูููโุณุงุฒ: ูพุงฺฉุณุงุฒ ฺฉุฏูุง ุชฺฉุฑุงุฑ
2025-05-21 14:49:55,534 - INFO - โค ูพุดููุงุฏ ุจูููโุณุงุฒ: ุจูุจูุฏ ูุณุชูุฏุณุงุฒ
2025-05-21 14:49:55,835 - INFO - โค ูพุดููุงุฏ ุจูููโุณุงุฒ: ุงูุฒูุฏู ุชุณุชโูุง ูุงุญุฏ
2025-05-21 14:49:56,137 - INFO - โ ุจูููโุณุงุฒ ุฏุงุฎู ฺฉุฏ ุจู ูพุงุงู ุฑุณุฏ.
2025-05-21 14:49:56,138 - INFO - ๐ง ุขุบุงุฒ ุงุนูุงู ุจูููโุณุงุฒ ุฏุงุฎู ฺฉุฏ ุจู ุตูุฑุช ุฎูุฏฺฉุงุฑ...
2025-05-21 14:49:56,139 - INFO - โค ุฏุฑ ุญุงู ุงุนูุงู ุจูููโุณุงุฒ: ูพุงฺฉุณุงุฒ ฺฉุฏูุง ุชฺฉุฑุงุฑ
2025-05-21 14:49:56,641 - INFO - โค ุฏุฑ ุญุงู ุงุนูุงู ุจูููโุณุงุฒ: ุจูุจูุฏ ูุณุชูุฏุณุงุฒ
2025-05-21 14:49:57,143 - INFO - โค ุฏุฑ ุญุงู ุงุนูุงู ุจูููโุณุงุฒ: ุงูุฒูุฏู ุชุณุชโูุง ูุงุญุฏ
2025-05-21 14:49:57,646 - INFO - โ ุจูููโุณุงุฒ ุฏุงุฎู ฺฉุฏ ุจุง ููููุช ุงุนูุงู ุดุฏ.
2025-05-21 14:49:57,653 - INFO - Elapsed Time: 8.76 seconds
2025-05-21 14:49:57,658 - INFO - โณ ุงุฌุฑุง ุจุนุฏ ุจุฑุฑุณ ุฏุฑ ุณุงุนุช 14:50:57
2025-05-21 14:49:57,658 - INFO - ๐ ุฒูุงูโุจูุฏ ุงุฑุชูุง ุชูุธู ุดุฏ.
2025-05-21 14:50:57,659 - INFO - ๐ ุขุบุงุฒ ุจุฑุฑุณ ุฏูุฑูโุง ุงุฑุชูุง...
2025-05-21 14:50:57,681 - INFO - ูพุดููุงุฏุงุช ุงุฑุชูุง ุซุจุช ุดุฏูุฏ.
2025-05-21 14:50:57,682 - INFO - ๐ ุขุบุงุฒ ุจุงุฒููุณ ุฎูุฏฺฉุงุฑ ุณุณุชู (Refactor)...
2025-05-21 14:50:58,684 - INFO - โ ุจุงุฒููุณ ุฎูุฏฺฉุงุฑ ุณุณุชู ุจู ูพุงุงู ุฑุณุฏ.
2025-05-21 14:50:58,686 - INFO - ๐ ุขุบุงุฒ ุงุนูุงู ุงุฑุชูุงูุง ูพุดููุงุฏ...
2025-05-21 14:50:58,687 - INFO - โค ุฏุฑ ุญุงู ุงุนูุงู ุชุบุฑ: ุจูููโุณุงุฒ ุณุงุฎุชุงุฑ ฺฉุฏ ู ุงูุฒุงุด ฺฉุดู ุฎุทุง
2025-05-21 14:50:59,190 - INFO - โ ุงุฑุชูุงูุง ูพุดููุงุฏ ุจุง ููููุช ุงุนูุงู ุดุฏูุฏ.
2025-05-21 14:50:59,192 - INFO - ๐ ุดุฑูุน ุจูููโุณุงุฒ ุฏุงุฎู ฺฉุฏ...
2025-05-21 14:51:00,195 - INFO - โค ูพุดููุงุฏ ุจูููโุณุงุฒ: ูพุงฺฉุณุงุฒ ฺฉุฏูุง ุชฺฉุฑุงุฑ
2025-05-21 14:51:00,497 - INFO - โค ูพุดููุงุฏ ุจูููโุณุงุฒ: ุจูุจูุฏ ูุณุชูุฏุณุงุฒ
2025-05-21 14:51:00,802 - INFO - โค ูพุดููุงุฏ ุจูููโุณุงุฒ: ุงูุฒูุฏู ุชุณุชโูุง ูุงุญุฏ
2025-05-21 14:51:01,105 - INFO - โ ุจูููโุณุงุฒ ุฏุงุฎู ฺฉุฏ ุจู ูพุงุงู ุฑุณุฏ.
2025-05-21 14:51:01,106 - INFO - โ ุชุบุฑุงุช ุจูููโุณุงุฒ ุฏุงุฎู ุงุนูุงู ุดุฏูุฏ.
2025-05-21 14:51:01,123 - INFO - ๐พ ูุณุฎู ูพุดุชุจุงู c:\Developer\T13_Project\T13\backup\20250521_145101_version.json ุงุฌุงุฏ ุดุฏ.
2025-05-21 14:51:01,124 - INFO - ูุณุฎู ุฌุฏุฏ ุณุณุชู ุจุง ูุนุงุฑูุง ุนููฺฉุฑุฏ ุซุจุช ุดุฏ.
2025-05-21 14:51:01,124 - INFO - โณ ุงุฌุฑุง ุจุนุฏ ุจุฑุฑุณ ุฏุฑ ุณุงุนุช 14:52:01
2025-05-21 14:52:01,125 - INFO - ๐ ุขุบุงุฒ ุจุฑุฑุณ ุฏูุฑูโุง ุงุฑุชูุง...
2025-05-21 14:52:01,142 - INFO - ูพุดููุงุฏุงุช ุงุฑุชูุง ุซุจุช ุดุฏูุฏ.
2025-05-21 14:52:01,142 - INFO - ๐ ุขุบุงุฒ ุจุงุฒููุณ ุฎูุฏฺฉุงุฑ ุณุณุชู (Refactor)...
2025-05-21 14:52:02,143 - INFO - โ ุจุงุฒููุณ ุฎูุฏฺฉุงุฑ ุณุณุชู ุจู ูพุงุงู ุฑุณุฏ.
2025-05-21 14:52:02,146 - INFO - ๐ ุขุบุงุฒ ุงุนูุงู ุงุฑุชูุงูุง ูพุดููุงุฏ...
2025-05-21 14:52:02,146 - INFO - โค ุฏุฑ ุญุงู ุงุนูุงู ุชุบุฑ: ุจูููโุณุงุฒ ุณุงุฎุชุงุฑ ฺฉุฏ ู ุงูุฒุงุด ฺฉุดู ุฎุทุง
2025-05-21 14:52:02,647 - INFO - โ ุงุฑุชูุงูุง ูพุดููุงุฏ ุจุง ููููุช ุงุนูุงู ุดุฏูุฏ.
2025-05-21 14:52:02,649 - INFO - ๐ ุดุฑูุน ุจูููโุณุงุฒ ุฏุงุฎู ฺฉุฏ...
2025-05-21 14:52:03,651 - INFO - โค ูพุดููุงุฏ ุจูููโุณุงุฒ: ูพุงฺฉุณุงุฒ ฺฉุฏูุง ุชฺฉุฑุงุฑ
2025-05-21 14:52:03,954 - INFO - โค ูพุดููุงุฏ ุจูููโุณุงุฒ: ุจูุจูุฏ ูุณุชูุฏุณุงุฒ
2025-05-21 14:52:04,256 - INFO - โค ูพุดููุงุฏ ุจูููโุณุงุฒ: ุงูุฒูุฏู ุชุณุชโูุง ูุงุญุฏ
2025-05-21 14:52:04,558 - INFO - โ ุจูููโุณุงุฒ ุฏุงุฎู ฺฉุฏ ุจู ูพุงุงู ุฑุณุฏ.
2025-05-21 14:52:04,559 - INFO - โ ุชุบุฑุงุช ุจูููโุณุงุฒ ุฏุงุฎู ุงุนูุงู ุดุฏูุฏ.
2025-05-21 14:52:04,581 - INFO - ๐พ ูุณุฎู ูพุดุชุจุงู c:\Developer\T13_Project\T13\backup\20250521_145204_version.json ุงุฌุงุฏ ุดุฏ.
2025-05-21 14:52:04,582 - INFO - ูุณุฎู ุฌุฏุฏ ุณุณุชู ุจุง ูุนุงุฑูุง ุนููฺฉุฑุฏ ุซุจุช ุดุฏ.
2025-05-21 14:52:04,582 - INFO - โณ ุงุฌุฑุง ุจุนุฏ ุจุฑุฑุณ ุฏุฑ ุณุงุนุช 14:53:04
2025-05-21 14:53:04,583 - INFO - ๐ ุขุบุงุฒ ุจุฑุฑุณ ุฏูุฑูโุง ุงุฑุชูุง...
2025-05-21 14:53:04,596 - INFO - ูพุดููุงุฏุงุช ุงุฑุชูุง ุซุจุช ุดุฏูุฏ.
2025-05-21 14:53:04,596 - INFO - ๐ ุขุบุงุฒ ุจุงุฒููุณ ุฎูุฏฺฉุงุฑ ุณุณุชู (Refactor)...
2025-05-21 14:53:05,596 - INFO - โ ุจุงุฒููุณ ุฎูุฏฺฉุงุฑ ุณุณุชู ุจู ูพุงุงู ุฑุณุฏ.
2025-05-21 14:53:05,597 - INFO - ๐ ุขุบุงุฒ ุงุนูุงู ุงุฑุชูุงูุง ูพุดููุงุฏ...
2025-05-21 14:53:05,598 - INFO - โค ุฏุฑ ุญุงู ุงุนูุงู ุชุบุฑ: ุจูููโุณุงุฒ ุณุงุฎุชุงุฑ ฺฉุฏ ู ุงูุฒุงุด ฺฉุดู ุฎุทุง
2025-05-21 14:53:06,099 - INFO - โ ุงุฑุชูุงูุง ูพุดููุงุฏ ุจุง ููููุช ุงุนูุงู ุดุฏูุฏ.
2025-05-21 14:53:06,101 - INFO - ๐ ุดุฑูุน ุจูููโุณุงุฒ ุฏุงุฎู ฺฉุฏ...
2025-05-21 14:53:07,102 - INFO - โค ูพุดููุงุฏ ุจูููโุณุงุฒ: ูพุงฺฉุณุงุฒ ฺฉุฏูุง ุชฺฉุฑุงุฑ
2025-05-21 14:53:07,405 - INFO - โค ูพุดููุงุฏ ุจูููโุณุงุฒ: ุจูุจูุฏ ูุณุชูุฏุณุงุฒ
2025-05-21 14:53:07,707 - INFO - โค ูพุดููุงุฏ ุจูููโุณุงุฒ: ุงูุฒูุฏู ุชุณุชโูุง ูุงุญุฏ
2025-05-21 14:53:08,009 - INFO - โ ุจูููโุณุงุฒ ุฏุงุฎู ฺฉุฏ ุจู ูพุงุงู ุฑุณุฏ.
2025-05-21 14:53:08,011 - INFO - โ ุชุบุฑุงุช ุจูููโุณุงุฒ ุฏุงุฎู ุงุนูุงู ุดุฏูุฏ.
2025-05-21 14:53:08,033 - INFO - ๐พ ูุณุฎู ูพุดุชุจุงู c:\Developer\T13_Project\T13\backup\20250521_145308_version.json ุงุฌุงุฏ ุดุฏ.
2025-05-21 14:53:08,034 - INFO - ูุณุฎู ุฌุฏุฏ ุณุณุชู ุจุง ูุนุงุฑูุง ุนููฺฉุฑุฏ ุซุจุช ุดุฏ.
2025-05-21 14:53:08,035 - INFO - โณ ุงุฌุฑุง ุจุนุฏ ุจุฑุฑุณ ุฏุฑ ุณุงุนุช 14:54:08
2025-05-21 14:54:08,035 - INFO - ๐ ุขุบุงุฒ ุจุฑุฑุณ ุฏูุฑูโุง ุงุฑุชูุง...
2025-05-21 14:54:08,048 - INFO - ูพุดููุงุฏุงุช ุงุฑุชูุง ุซุจุช ุดุฏูุฏ.
2025-05-21 14:54:08,049 - INFO - ๐ ุขุบุงุฒ ุจุงุฒููุณ ุฎูุฏฺฉุงุฑ ุณุณุชู (Refactor)...
2025-05-21 14:54:09,050 - INFO - โ ุจุงุฒููุณ ุฎูุฏฺฉุงุฑ ุณุณุชู ุจู ูพุงุงู ุฑุณุฏ.
2025-05-21 14:54:09,050 - INFO - ๐ ุขุบุงุฒ ุงุนูุงู ุงุฑุชูุงูุง ูพุดููุงุฏ...
2025-05-21 14:54:09,050 - INFO - โค ุฏุฑ ุญุงู ุงุนูุงู ุชุบุฑ: ุจูููโุณุงุฒ ุณุงุฎุชุงุฑ ฺฉุฏ ู ุงูุฒุงุด ฺฉุดู ุฎุทุง
2025-05-21 14:54:09,551 - INFO - โ ุงุฑุชูุงูุง ูพุดููุงุฏ ุจุง ููููุช ุงุนูุงู ุดุฏูุฏ.
2025-05-21 14:54:09,552 - INFO - ๐ ุดุฑูุน ุจูููโุณุงุฒ ุฏุงุฎู ฺฉุฏ...
2025-05-21 14:54:10,552 - INFO - โค ูพุดููุงุฏ ุจูููโุณุงุฒ: ูพุงฺฉุณุงุฒ ฺฉุฏูุง ุชฺฉุฑุงุฑ
2025-05-21 14:54:10,854 - INFO - โค ูพุดููุงุฏ ุจูููโุณุงุฒ: ุจูุจูุฏ ูุณุชูุฏุณุงุฒ
2025-05-21 14:54:11,156 - INFO - โค ูพุดููุงุฏ ุจูููโุณุงุฒ: ุงูุฒูุฏู ุชุณุชโูุง ูุงุญุฏ
2025-05-21 14:54:11,459 - INFO - โ ุจูููโุณุงุฒ ุฏุงุฎู ฺฉุฏ ุจู ูพุงุงู ุฑุณุฏ.
2025-05-21 14:54:11,460 - INFO - โ ุชุบุฑุงุช ุจูููโุณุงุฒ ุฏุงุฎู ุงุนูุงู ุดุฏูุฏ.
2025-05-21 14:54:11,476 - INFO - ๐พ ูุณุฎู ูพุดุชุจุงู c:\Developer\T13_Project\T13\backup\20250521_145411_version.json ุงุฌุงุฏ ุดุฏ.
2025-05-21 14:54:11,477 - INFO - ูุณุฎู ุฌุฏุฏ ุณุณุชู ุจุง ูุนุงุฑูุง ุนููฺฉุฑุฏ ุซุจุช ุดุฏ.
2025-05-21 14:54:11,477 - INFO - โณ ุงุฌุฑุง ุจุนุฏ ุจุฑุฑุณ ุฏุฑ ุณุงุนุช 14:55:11
2025-05-21 14:55:11,478 - INFO - ๐ ุขุบุงุฒ ุจุฑุฑุณ ุฏูุฑูโุง ุงุฑุชูุง...
2025-05-21 14:55:11,492 - INFO - ูพุดููุงุฏุงุช ุงุฑุชูุง ุซุจุช ุดุฏูุฏ.
2025-05-21 14:55:11,493 - INFO - ๐ ุขุบุงุฒ ุจุงุฒููุณ ุฎูุฏฺฉุงุฑ ุณุณุชู (Refactor)...
2025-05-21 14:55:12,494 - INFO - โ ุจุงุฒููุณ ุฎูุฏฺฉุงุฑ ุณุณุชู ุจู ูพุงุงู ุฑุณุฏ.
2025-05-21 14:55:12,495 - INFO - ๐ ุขุบุงุฒ ุงุนูุงู ุงุฑุชูุงูุง ูพุดููุงุฏ...
2025-05-21 14:55:12,496 - INFO - โค ุฏุฑ ุญุงู ุงุนูุงู ุชุบุฑ: ุจูููโุณุงุฒ ุณุงุฎุชุงุฑ ฺฉุฏ ู ุงูุฒุงุด ฺฉุดู ุฎุทุง
2025-05-21 14:55:12,997 - INFO - โ ุงุฑุชูุงูุง ูพุดููุงุฏ ุจุง ููููุช ุงุนูุงู ุดุฏูุฏ.
2025-05-21 14:55:12,998 - INFO - ๐ ุดุฑูุน ุจูููโุณุงุฒ ุฏุงุฎู ฺฉุฏ...
2025-05-21 14:55:13,998 - INFO - โค ูพุดููุงุฏ ุจูููโุณุงุฒ: ูพุงฺฉุณุงุฒ ฺฉุฏูุง ุชฺฉุฑุงุฑ
2025-05-21 14:55:14,299 - INFO - โค ูพุดููุงุฏ ุจูููโุณุงุฒ: ุจูุจูุฏ ูุณุชูุฏุณุงุฒ
2025-05-21 14:55:14,601 - INFO - โค ูพุดููุงุฏ ุจูููโุณุงุฒ: ุงูุฒูุฏู ุชุณุชโูุง ูุงุญุฏ
2025-05-21 14:55:14,903 - INFO - โ ุจูููโุณุงุฒ ุฏุงุฎู ฺฉุฏ ุจู ูพุงุงู ุฑุณุฏ.
2025-05-21 14:55:14,904 - INFO - โ ุชุบุฑุงุช ุจูููโุณุงุฒ ุฏุงุฎู ุงุนูุงู ุดุฏูุฏ.
2025-05-21 14:55:14,911 - INFO - ๐พ ูุณุฎู ูพุดุชุจุงู c:\Developer\T13_Project\T13\backup\20250521_145514_version.json ุงุฌุงุฏ ุดุฏ.
2025-05-21 14:55:14,912 - INFO - ูุณุฎู ุฌุฏุฏ ุณุณุชู ุจุง ูุนุงุฑูุง ุนููฺฉุฑุฏ ุซุจุช ุดุฏ.
2025-05-21 14:55:14,912 - INFO - โณ ุงุฌุฑุง ุจุนุฏ ุจุฑุฑุณ ุฏุฑ ุณุงุนุช 14:56:14
2025-05-21 14:56:14,913 - INFO - ๐ ุขุบุงุฒ ุจุฑุฑุณ ุฏูุฑูโุง ุงุฑุชูุง...
2025-05-21 14:56:14,939 - INFO - ูพุดููุงุฏุงุช ุงุฑุชูุง ุซุจุช ุดุฏูุฏ.
2025-05-21 14:56:14,939 - INFO - ๐ ุขุบุงุฒ ุจุงุฒููุณ ุฎูุฏฺฉุงุฑ ุณุณุชู (Refactor)...
2025-05-21 14:56:15,940 - INFO - โ ุจุงุฒููุณ ุฎูุฏฺฉุงุฑ ุณุณุชู ุจู ูพุงุงู ุฑุณุฏ.
2025-05-21 14:56:15,940 - INFO - ๐ ุขุบุงุฒ ุงุนูุงู ุงุฑุชูุงูุง ูพุดููุงุฏ...
2025-05-21 14:56:15,940 - INFO - โค ุฏุฑ ุญุงู ุงุนูุงู ุชุบุฑ: ุจูููโุณุงุฒ ุณุงุฎุชุงุฑ ฺฉุฏ ู ุงูุฒุงุด ฺฉุดู ุฎุทุง
2025-05-21 14:56:16,441 - INFO - โ ุงุฑุชูุงูุง ูพุดููุงุฏ ุจุง ููููุช ุงุนูุงู ุดุฏูุฏ.
2025-05-21 14:56:16,441 - INFO - ๐ ุดุฑูุน ุจูููโุณุงุฒ ุฏุงุฎู ฺฉุฏ...
2025-05-21 14:56:17,441 - INFO - โค ูพุดููุงุฏ ุจูููโุณุงุฒ: ูพุงฺฉุณุงุฒ ฺฉุฏูุง ุชฺฉุฑุงุฑ
2025-05-21 14:56:17,742 - INFO - โค ูพุดููุงุฏ ุจูููโุณุงุฒ: ุจูุจูุฏ ูุณุชูุฏุณุงุฒ
2025-05-21 14:56:18,044 - INFO - โค ูพุดููุงุฏ ุจูููโุณุงุฒ: ุงูุฒูุฏู ุชุณุชโูุง ูุงุญุฏ
2025-05-21 14:56:18,344 - INFO - โ ุจูููโุณุงุฒ ุฏุงุฎู ฺฉุฏ ุจู ูพุงุงู ุฑุณุฏ.
2025-05-21 14:56:18,345 - INFO - โ ุชุบุฑุงุช ุจูููโุณุงุฒ ุฏุงุฎู ุงุนูุงู ุดุฏูุฏ.
2025-05-21 14:56:18,352 - INFO - ๐พ ูุณุฎู ูพุดุชุจุงู c:\Developer\T13_Project\T13\backup\20250521_145618_version.json ุงุฌุงุฏ ุดุฏ.
2025-05-21 14:56:18,352 - INFO - ูุณุฎู ุฌุฏุฏ ุณุณุชู ุจุง ูุนุงุฑูุง ุนููฺฉุฑุฏ ุซุจุช ุดุฏ.
2025-05-21 14:56:18,353 - INFO - โณ ุงุฌุฑุง ุจุนุฏ ุจุฑุฑุณ ุฏุฑ ุณุงุนุช 14:57:18
2025-05-21 14:57:18,354 - INFO - ๐ ุขุบุงุฒ ุจุฑุฑุณ ุฏูุฑูโุง ุงุฑุชูุง...
2025-05-21 14:57:18,366 - INFO - ูพุดููุงุฏุงุช ุงุฑุชูุง ุซุจุช ุดุฏูุฏ.
2025-05-21 14:57:18,367 - INFO - ๐ ุขุบุงุฒ ุจุงุฒููุณ ุฎูุฏฺฉุงุฑ ุณุณุชู (Refactor)...
2025-05-21 14:57:19,367 - INFO - โ ุจุงุฒููุณ ุฎูุฏฺฉุงุฑ ุณุณุชู ุจู ูพุงุงู ุฑุณุฏ.
2025-05-21 14:57:19,367 - INFO - ๐ ุขุบุงุฒ ุงุนูุงู ุงุฑุชูุงูุง ูพุดููุงุฏ...
2025-05-21 14:57:19,367 - INFO - โค ุฏุฑ ุญุงู ุงุนูุงู ุชุบุฑ: ุจูููโุณุงุฒ ุณุงุฎุชุงุฑ ฺฉุฏ ู ุงูุฒุงุด ฺฉุดู ุฎุทุง
2025-05-21 14:57:19,868 - INFO - โ ุงุฑุชูุงูุง ูพุดููุงุฏ ุจุง ููููุช ุงุนูุงู ุดุฏูุฏ.
2025-05-21 14:57:19,869 - INFO - ๐ ุดุฑูุน ุจูููโุณุงุฒ ุฏุงุฎู ฺฉุฏ...
2025-05-21 14:57:20,871 - INFO - โค ูพุดููุงุฏ ุจูููโุณุงุฒ: ูพุงฺฉุณุงุฒ ฺฉุฏูุง ุชฺฉุฑุงุฑ
2025-05-21 14:57:21,172 - INFO - โค ูพุดููุงุฏ ุจูููโุณุงุฒ: ุจูุจูุฏ ูุณุชูุฏุณุงุฒ
2025-05-21 14:57:21,473 - INFO - โค ูพุดููุงุฏ ุจูููโุณุงุฒ: ุงูุฒูุฏู ุชุณุชโูุง ูุงุญุฏ
2025-05-21 14:57:21,775 - INFO - โ ุจูููโุณุงุฒ ุฏุงุฎู ฺฉุฏ ุจู ูพุงุงู ุฑุณุฏ.
2025-05-21 14:57:21,775 - INFO - โ ุชุบุฑุงุช ุจูููโุณุงุฒ ุฏุงุฎู ุงุนูุงู ุดุฏูุฏ.
2025-05-21 14:57:21,788 - INFO - ๐พ ูุณุฎู ูพุดุชุจุงู c:\Developer\T13_Project\T13\backup\20250521_145721_version.json ุงุฌุงุฏ ุดุฏ.
2025-05-21 14:57:21,789 - INFO - ูุณุฎู ุฌุฏุฏ ุณุณุชู ุจุง ูุนุงุฑูุง ุนููฺฉุฑุฏ ุซุจุช ุดุฏ.
2025-05-21 14:57:21,789 - INFO - โณ ุงุฌุฑุง ุจุนุฏ ุจุฑุฑุณ ุฏุฑ ุณุงุนุช 14:58:21
2025-05-21 14:58:21,790 - INFO - ๐ ุขุบุงุฒ ุจุฑุฑุณ ุฏูุฑูโุง ุงุฑุชูุง...
2025-05-21 14:58:21,806 - INFO - ูพุดููุงุฏุงุช ุงุฑุชูุง ุซุจุช ุดุฏูุฏ.
2025-05-21 14:58:21,807 - INFO - ๐ ุขุบุงุฒ ุจุงุฒููุณ ุฎูุฏฺฉุงุฑ ุณุณุชู (Refactor)...
2025-05-21 14:58:22,807 - INFO - โ ุจุงุฒููุณ ุฎูุฏฺฉุงุฑ ุณุณุชู ุจู ูพุงุงู ุฑุณุฏ.
2025-05-21 14:58:22,807 - INFO - ๐ ุขุบุงุฒ ุงุนูุงู ุงุฑุชูุงูุง ูพุดููุงุฏ...
2025-05-21 14:58:22,807 - INFO - โค ุฏุฑ ุญุงู ุงุนูุงู ุชุบุฑ: ุจูููโุณุงุฒ ุณุงุฎุชุงุฑ ฺฉุฏ ู ุงูุฒุงุด ฺฉุดู ุฎุทุง
2025-05-21 14:58:23,308 - INFO - โ ุงุฑุชูุงูุง ูพุดููุงุฏ ุจุง ููููุช ุงุนูุงู ุดุฏูุฏ.
2025-05-21 14:58:23,310 - INFO - ๐ ุดุฑูุน ุจูููโุณุงุฒ ุฏุงุฎู ฺฉุฏ...
2025-05-21 14:58:24,311 - INFO - โค ูพุดููุงุฏ ุจูููโุณุงุฒ: ูพุงฺฉุณุงุฒ ฺฉุฏูุง ุชฺฉุฑุงุฑ
2025-05-21 14:58:24,613 - INFO - โค ูพุดููุงุฏ ุจูููโุณุงุฒ: ุจูุจูุฏ ูุณุชูุฏุณุงุฒ
2025-05-21 14:58:24,914 - INFO - โค ูพุดููุงุฏ ุจูููโุณุงุฒ: ุงูุฒูุฏู ุชุณุชโูุง ูุงุญุฏ
2025-05-21 14:58:25,215 - INFO - โ ุจูููโุณุงุฒ ุฏุงุฎู ฺฉุฏ ุจู ูพุงุงู ุฑุณุฏ.
2025-05-21 14:58:25,216 - INFO - โ ุชุบุฑุงุช ุจูููโุณุงุฒ ุฏุงุฎู ุงุนูุงู ุดุฏูุฏ.
2025-05-21 14:58:25,237 - INFO - ๐พ ูุณุฎู ูพุดุชุจุงู c:\Developer\T13_Project\T13\backup\20250521_145825_version.json ุงุฌุงุฏ ุดุฏ.
2025-05-21 14:58:25,239 - INFO - ูุณุฎู ุฌุฏุฏ ุณุณุชู ุจุง ูุนุงุฑูุง ุนููฺฉุฑุฏ ุซุจุช ุดุฏ.
2025-05-21 14:58:25,239 - INFO - โณ ุงุฌุฑุง ุจุนุฏ ุจุฑุฑุณ ุฏุฑ ุณุงุนุช 14:59:25
2025-05-21 14:59:25,240 - INFO - ๐ ุขุบุงุฒ ุจุฑุฑุณ ุฏูุฑูโุง ุงุฑุชูุง...
2025-05-21 14:59:25,254 - INFO - ูพุดููุงุฏุงุช ุงุฑุชูุง ุซุจุช ุดุฏูุฏ.
2025-05-21 14:59:25,254 - INFO - ๐ ุขุบุงุฒ ุจุงุฒููุณ ุฎูุฏฺฉุงุฑ ุณุณุชู (Refactor)...
2025-05-21 14:59:26,254 - INFO - โ ุจุงุฒููุณ ุฎูุฏฺฉุงุฑ ุณุณุชู ุจู ูพุงุงู ุฑุณุฏ.
2025-05-21 14:59:26,255 - INFO - ๐ ุขุบุงุฒ ุงุนูุงู ุงุฑุชูุงูุง ูพุดููุงุฏ...
2025-05-21 14:59:26,255 - INFO - โค ุฏุฑ ุญุงู ุงุนูุงู ุชุบุฑ: ุจูููโุณุงุฒ ุณุงุฎุชุงุฑ ฺฉุฏ ู ุงูุฒุงุด ฺฉุดู ุฎุทุง
2025-05-21 14:59:26,755 - INFO - โ ุงุฑุชูุงูุง ูพุดููุงุฏ ุจุง ููููุช ุงุนูุงู ุดุฏูุฏ.
2025-05-21 14:59:26,756 - INFO - ๐ ุดุฑูุน ุจูููโุณุงุฒ ุฏุงุฎู ฺฉุฏ...
2025-05-21 14:59:27,757 - INFO - โค ูพุดููุงุฏ ุจูููโุณุงุฒ: ูพุงฺฉุณุงุฒ ฺฉุฏูุง ุชฺฉุฑุงุฑ
2025-05-21 14:59:28,058 - INFO - โค ูพุดููุงุฏ ุจูููโุณุงุฒ: ุจูุจูุฏ ูุณุชูุฏุณุงุฒ
2025-05-21 14:59:28,359 - INFO - โค ูพุดููุงุฏ ุจูููโุณุงุฒ: ุงูุฒูุฏู ุชุณุชโูุง ูุงุญุฏ
2025-05-21 14:59:28,661 - INFO - โ ุจูููโุณุงุฒ ุฏุงุฎู ฺฉุฏ ุจู ูพุงุงู ุฑุณุฏ.
2025-05-21 14:59:28,662 - INFO - โ ุชุบุฑุงุช ุจูููโุณุงุฒ ุฏุงุฎู ุงุนูุงู ุดุฏูุฏ.
2025-05-21 14:59:28,675 - INFO - ๐พ ูุณุฎู ูพุดุชุจุงู c:\Developer\T13_Project\T13\backup\20250521_145928_version.json ุงุฌุงุฏ ุดุฏ.
2025-05-21 14:59:28,675 - INFO - ูุณุฎู ุฌุฏุฏ ุณุณุชู ุจุง ูุนุงุฑูุง ุนููฺฉุฑุฏ ุซุจุช ุดุฏ.
2025-05-21 14:59:28,676 - INFO - โณ ุงุฌุฑุง ุจุนุฏ ุจุฑุฑุณ ุฏุฑ ุณุงุนุช 15:00:28
2025-05-21 15:00:28,677 - INFO - ๐ ุขุบุงุฒ ุจุฑุฑุณ ุฏูุฑูโุง ุงุฑุชูุง...
2025-05-21 15:00:28,715 - INFO - ูพุดููุงุฏุงุช ุงุฑุชูุง ุซุจุช ุดุฏูุฏ.
2025-05-21 15:00:28,883 - INFO - ๐ ุขุบุงุฒ ุจุงุฒููุณ ุฎูุฏฺฉุงุฑ ุณุณุชู (Refactor)...
2025-05-21 15:00:29,884 - INFO - โ ุจุงุฒููุณ ุฎูุฏฺฉุงุฑ ุณุณุชู ุจู ูพุงุงู ุฑุณุฏ.
2025-05-21 15:00:29,884 - INFO - ๐ ุขุบุงุฒ ุงุนูุงู ุงุฑุชูุงูุง ูพุดููุงุฏ...
2025-05-21 15:00:29,884 - INFO - โค ุฏุฑ ุญุงู ุงุนูุงู ุชุบุฑ: ุจูููโุณุงุฒ ุณุงุฎุชุงุฑ ฺฉุฏ ู ุงูุฒุงุด ฺฉุดู ุฎุทุง
2025-05-21 15:00:30,385 - INFO - โ ุงุฑุชูุงูุง ูพุดููุงุฏ ุจุง ููููุช ุงุนูุงู ุดุฏูุฏ.
2025-05-21 15:00:30,387 - INFO - ๐ ุดุฑูุน ุจูููโุณุงุฒ ุฏุงุฎู ฺฉุฏ...
2025-05-21 15:00:31,389 - INFO - โค ูพุดููุงุฏ ุจูููโุณุงุฒ: ูพุงฺฉุณุงุฒ ฺฉุฏูุง ุชฺฉุฑุงุฑ
2025-05-21 15:00:31,691 - INFO - โค ูพุดููุงุฏ ุจูููโุณุงุฒ: ุจูุจูุฏ ูุณุชูุฏุณุงุฒ
2025-05-21 15:00:31,993 - INFO - โค ูพุดููุงุฏ ุจูููโุณุงุฒ: ุงูุฒูุฏู ุชุณุชโูุง ูุงุญุฏ
2025-05-21 15:00:32,295 - INFO - โ ุจูููโุณุงุฒ ุฏุงุฎู ฺฉุฏ ุจู ูพุงุงู ุฑุณุฏ.
2025-05-21 15:00:32,296 - INFO - โ ุชุบุฑุงุช ุจูููโุณุงุฒ ุฏุงุฎู ุงุนูุงู ุดุฏูุฏ.
2025-05-21 15:00:32,309 - INFO - ๐พ ูุณุฎู ูพุดุชุจุงู c:\Developer\T13_Project\T13\backup\20250521_150032_version.json ุงุฌุงุฏ ุดุฏ.
2025-05-21 15:00:32,309 - INFO - ูุณุฎู ุฌุฏุฏ ุณุณุชู ุจุง ูุนุงุฑูุง ุนููฺฉุฑุฏ ุซุจุช ุดุฏ.
2025-05-21 15:00:32,310 - INFO - โณ ุงุฌุฑุง ุจุนุฏ ุจุฑุฑุณ ุฏุฑ ุณุงุนุช 15:01:32
2025-05-21 15:01:32,310 - INFO - ๐ ุขุบุงุฒ ุจุฑุฑุณ ุฏูุฑูโุง ุงุฑุชูุง...
2025-05-21 15:01:32,336 - INFO - ูพุดููุงุฏุงุช ุงุฑุชูุง ุซุจุช ุดุฏูุฏ.
2025-05-21 15:01:32,336 - INFO - ๐ ุขุบุงุฒ ุจุงุฒููุณ ุฎูุฏฺฉุงุฑ ุณุณุชู (Refactor)...
2025-05-21 15:01:33,336 - INFO - โ ุจุงุฒููุณ ุฎูุฏฺฉุงุฑ ุณุณุชู ุจู ูพุงุงู ุฑุณุฏ.
2025-05-21 15:01:33,337 - INFO - ๐ ุขุบุงุฒ ุงุนูุงู ุงุฑุชูุงูุง ูพุดููุงุฏ...
2025-05-21 15:01:33,337 - INFO - โค ุฏุฑ ุญุงู ุงุนูุงู ุชุบุฑ: ุจูููโุณุงุฒ ุณุงุฎุชุงุฑ ฺฉุฏ ู ุงูุฒุงุด ฺฉุดู ุฎุทุง
2025-05-21 15:01:33,838 - INFO - โ ุงุฑุชูุงูุง ูพุดููุงุฏ ุจุง ููููุช ุงุนูุงู ุดุฏูุฏ.
2025-05-21 15:01:33,839 - INFO - ๐ ุดุฑูุน ุจูููโุณุงุฒ ุฏุงุฎู ฺฉุฏ...
2025-05-21 15:01:34,841 - INFO - โค ูพุดููุงุฏ ุจูููโุณุงุฒ: ูพุงฺฉุณุงุฒ ฺฉุฏูุง ุชฺฉุฑุงุฑ
2025-05-21 15:01:35,142 - INFO - โค ูพุดููุงุฏ ุจูููโุณุงุฒ: ุจูุจูุฏ ูุณุชูุฏุณุงุฒ
2025-05-21 15:01:35,445 - INFO - โค ูพุดููุงุฏ ุจูููโุณุงุฒ: ุงูุฒูุฏู ุชุณุชโูุง ูุงุญุฏ
2025-05-21 15:01:35,747 - INFO - โ ุจูููโุณุงุฒ ุฏุงุฎู ฺฉุฏ ุจู ูพุงุงู ุฑุณุฏ.
2025-05-21 15:01:35,748 - INFO - โ ุชุบุฑุงุช ุจูููโุณุงุฒ ุฏุงุฎู ุงุนูุงู ุดุฏูุฏ.
2025-05-21 15:01:35,840 - INFO - ๐พ ูุณุฎู ูพุดุชุจุงู c:\Developer\T13_Project\T13\backup\20250521_150135_version.json ุงุฌุงุฏ ุดุฏ.
2025-05-21 15:01:35,843 - INFO - ูุณุฎู ุฌุฏุฏ ุณุณุชู ุจุง ูุนุงุฑูุง ุนููฺฉุฑุฏ ุซุจุช ุดุฏ.
2025-05-21 15:01:35,844 - INFO - โณ ุงุฌุฑุง ุจุนุฏ ุจุฑุฑุณ ุฏุฑ ุณุงุนุช 15:02:35
2025-05-21 15:02:35,845 - INFO - ๐ ุขุบุงุฒ ุจุฑุฑุณ ุฏูุฑูโุง ุงุฑุชูุง...
2025-05-21 15:02:35,878 - INFO - ูพุดููุงุฏุงุช ุงุฑุชูุง ุซุจุช ุดุฏูุฏ.
2025-05-21 15:02:35,878 - INFO - ๐ ุขุบุงุฒ ุจุงุฒููุณ ุฎูุฏฺฉุงุฑ ุณุณุชู (Refactor)...
2025-05-21 15:02:36,878 - INFO - โ ุจุงุฒููุณ ุฎูุฏฺฉุงุฑ ุณุณุชู ุจู ูพุงุงู ุฑุณุฏ.
2025-05-21 15:02:36,878 - INFO - ๐ ุขุบุงุฒ ุงุนูุงู ุงุฑุชูุงูุง ูพุดููุงุฏ...
2025-05-21 15:02:36,879 - INFO - โค ุฏุฑ ุญุงู ุงุนูุงู ุชุบุฑ: ุจูููโุณุงุฒ ุณุงุฎุชุงุฑ ฺฉุฏ ู ุงูุฒุงุด ฺฉุดู ุฎุทุง
2025-05-21 15:02:37,379 - INFO - โ ุงุฑุชูุงูุง ูพุดููุงุฏ ุจุง ููููุช ุงุนูุงู ุดุฏูุฏ.
2025-05-21 15:02:37,381 - INFO - ๐ ุดุฑูุน ุจูููโุณุงุฒ ุฏุงุฎู ฺฉุฏ...
2025-05-21 15:02:38,383 - INFO - โค ูพุดููุงุฏ ุจูููโุณุงุฒ: ูพุงฺฉุณุงุฒ ฺฉุฏูุง ุชฺฉุฑุงุฑ
2025-05-21 15:02:38,685 - INFO - โค ูพุดููุงุฏ ุจูููโุณุงุฒ: ุจูุจูุฏ ูุณุชูุฏุณุงุฒ
2025-05-21 15:02:38,988 - INFO - โค ูพุดููุงุฏ ุจูููโุณุงุฒ: ุงูุฒูุฏู ุชุณุชโูุง ูุงุญุฏ
2025-05-21 15:02:39,290 - INFO - โ ุจูููโุณุงุฒ ุฏุงุฎู ฺฉุฏ ุจู ูพุงุงู ุฑุณุฏ.
2025-05-21 15:02:39,291 - INFO - โ ุชุบุฑุงุช ุจูููโุณุงุฒ ุฏุงุฎู ุงุนูุงู ุดุฏูุฏ.
2025-05-21 15:02:39,313 - INFO - ๐พ ูุณุฎู ูพุดุชุจุงู c:\Developer\T13_Project\T13\backup\20250521_150239_version.json ุงุฌุงุฏ ุดุฏ.
2025-05-21 15:02:39,314 - INFO - ูุณุฎู ุฌุฏุฏ ุณุณุชู ุจุง ูุนุงุฑูุง ุนููฺฉุฑุฏ ุซุจุช ุดุฏ.
2025-05-21 15:02:39,314 - INFO - โณ ุงุฌุฑุง ุจุนุฏ ุจุฑุฑุณ ุฏุฑ ุณุงุนุช 15:03:39
2025-05-21 15:03:39,315 - INFO - ๐ ุขุบุงุฒ ุจุฑุฑุณ ุฏูุฑูโุง ุงุฑุชูุง...
2025-05-21 15:03:39,333 - INFO - ูพุดููุงุฏุงุช ุงุฑุชูุง ุซุจุช ุดุฏูุฏ.
2025-05-21 15:03:39,333 - INFO - ๐ ุขุบุงุฒ ุจุงุฒููุณ ุฎูุฏฺฉุงุฑ ุณุณุชู (Refactor)...
2025-05-21 15:03:40,334 - INFO - โ ุจุงุฒููุณ ุฎูุฏฺฉุงุฑ ุณุณุชู ุจู ูพุงุงู ุฑุณุฏ.
2025-05-21 15:03:40,334 - INFO - ๐ ุขุบุงุฒ ุงุนูุงู ุงุฑุชูุงูุง ูพุดููุงุฏ...
2025-05-21 15:03:40,334 - INFO - โค ุฏุฑ ุญุงู ุงุนูุงู ุชุบุฑ: ุจูููโุณุงุฒ ุณุงุฎุชุงุฑ ฺฉุฏ ู ุงูุฒุงุด ฺฉุดู ุฎุทุง
2025-05-21 15:03:40,835 - INFO - โ ุงุฑุชูุงูุง ูพุดููุงุฏ ุจุง ููููุช ุงุนูุงู ุดุฏูุฏ.
2025-05-21 15:03:40,836 - INFO - ๐ ุดุฑูุน ุจูููโุณุงุฒ ุฏุงุฎู ฺฉุฏ...
2025-05-21 15:03:41,838 - INFO - โค ูพุดููุงุฏ ุจูููโุณุงุฒ: ูพุงฺฉุณุงุฒ ฺฉุฏูุง ุชฺฉุฑุงุฑ
2025-05-21 15:03:42,140 - INFO - โค ูพุดููุงุฏ ุจูููโุณุงุฒ: ุจูุจูุฏ ูุณุชูุฏุณุงุฒ
2025-05-21 15:03:42,442 - INFO - โค ูพุดููุงุฏ ุจูููโุณุงุฒ: ุงูุฒูุฏู ุชุณุชโูุง ูุงุญุฏ
2025-05-21 15:03:42,744 - INFO - โ ุจูููโุณุงุฒ ุฏุงุฎู ฺฉุฏ ุจู ูพุงุงู ุฑุณุฏ.
2025-05-21 15:03:42,745 - INFO - โ ุชุบุฑุงุช ุจูููโุณุงุฒ ุฏุงุฎู ุงุนูุงู ุดุฏูุฏ.
2025-05-21 15:03:42,777 - INFO - ๐พ ูุณุฎู ูพุดุชุจุงู c:\Developer\T13_Project\T13\backup\20250521_150342_version.json ุงุฌุงุฏ ุดุฏ.
2025-05-21 15:03:42,779 - INFO - ูุณุฎู ุฌุฏุฏ ุณุณุชู ุจุง ูุนุงุฑูุง ุนููฺฉุฑุฏ ุซุจุช ุดุฏ.
2025-05-21 15:03:42,779 - INFO - โณ ุงุฌุฑุง ุจุนุฏ ุจุฑุฑุณ ุฏุฑ ุณุงุนุช 15:04:42
2025-05-21 15:04:42,780 - INFO - ๐ ุขุบุงุฒ ุจุฑุฑุณ ุฏูุฑูโุง ุงุฑุชูุง...
2025-05-21 15:04:42,797 - INFO - ูพุดููุงุฏุงุช ุงุฑุชูุง ุซุจุช ุดุฏูุฏ.
2025-05-21 15:04:42,797 - INFO - ๐ ุขุบุงุฒ ุจุงุฒููุณ ุฎูุฏฺฉุงุฑ ุณุณุชู (Refactor)...
2025-05-21 15:04:43,798 - INFO - โ ุจุงุฒููุณ ุฎูุฏฺฉุงุฑ ุณุณุชู ุจู ูพุงุงู ุฑุณุฏ.
2025-05-21 15:04:43,799 - INFO - ๐ ุขุบุงุฒ ุงุนูุงู ุงุฑุชูุงูุง ูพุดููุงุฏ...
2025-05-21 15:04:43,799 - INFO - โค ุฏุฑ ุญุงู ุงุนูุงู ุชุบุฑ: ุจูููโุณุงุฒ ุณุงุฎุชุงุฑ ฺฉุฏ ู ุงูุฒุงุด ฺฉุดู ุฎุทุง
2025-05-21 15:04:44,300 - INFO - โ ุงุฑุชูุงูุง ูพุดููุงุฏ ุจุง ููููุช ุงุนูุงู ุดุฏูุฏ.
2025-05-21 15:04:44,302 - INFO - ๐ ุดุฑูุน ุจูููโุณุงุฒ ุฏุงุฎู ฺฉุฏ...
2025-05-21 15:04:45,304 - INFO - โค ูพุดููุงุฏ ุจูููโุณุงุฒ: ูพุงฺฉุณุงุฒ ฺฉุฏูุง ุชฺฉุฑุงุฑ
2025-05-21 15:04:45,606 - INFO - โค ูพุดููุงุฏ ุจูููโุณุงุฒ: ุจูุจูุฏ ูุณุชูุฏุณุงุฒ
2025-05-21 15:04:45,907 - INFO - โค ูพุดููุงุฏ ุจูููโุณุงุฒ: ุงูุฒูุฏู ุชุณุชโูุง ูุงุญุฏ
2025-05-21 15:04:46,209 - INFO - โ ุจูููโุณุงุฒ ุฏุงุฎู ฺฉุฏ ุจู ูพุงุงู ุฑุณุฏ.
2025-05-21 15:04:46,211 - INFO - โ ุชุบุฑุงุช ุจูููโุณุงุฒ ุฏุงุฎู ุงุนูุงู ุดุฏูุฏ.
2025-05-21 15:04:46,237 - INFO - ๐พ ูุณุฎู ูพุดุชุจุงู c:\Developer\T13_Project\T13\backup\20250521_150446_version.json ุงุฌุงุฏ ุดุฏ.
2025-05-21 15:04:46,241 - INFO - ูุณุฎู ุฌุฏุฏ ุณุณุชู ุจุง ูุนุงุฑูุง ุนููฺฉุฑุฏ ุซุจุช ุดุฏ.
2025-05-21 15:04:46,242 - INFO - โณ ุงุฌุฑุง ุจุนุฏ ุจุฑุฑุณ ุฏุฑ ุณุงุนุช 15:05:46
2025-05-21 15:05:46,242 - INFO - ๐ ุขุบุงุฒ ุจุฑุฑุณ ุฏูุฑูโุง ุงุฑุชูุง...
2025-05-21 15:05:46,257 - INFO - ูพุดููุงุฏุงุช ุงุฑุชูุง ุซุจุช ุดุฏูุฏ.
2025-05-21 15:05:46,257 - INFO - ๐ ุขุบุงุฒ ุจุงุฒููุณ ุฎูุฏฺฉุงุฑ ุณุณุชู (Refactor)...
2025-05-21 15:05:47,258 - INFO - โ ุจุงุฒููุณ ุฎูุฏฺฉุงุฑ ุณุณุชู ุจู ูพุงุงู ุฑุณุฏ.
2025-05-21 15:05:47,258 - INFO - ๐ ุขุบุงุฒ ุงุนูุงู ุงุฑุชูุงูุง ูพุดููุงุฏ...
2025-05-21 15:05:47,258 - INFO - โค ุฏุฑ ุญุงู ุงุนูุงู ุชุบุฑ: ุจูููโุณุงุฒ ุณุงุฎุชุงุฑ ฺฉุฏ ู ุงูุฒุงุด ฺฉุดู ุฎุทุง
2025-05-21 15:05:47,758 - INFO - โ ุงุฑุชูุงูุง ูพุดููุงุฏ ุจุง ููููุช ุงุนูุงู ุดุฏูุฏ.
2025-05-21 15:05:47,759 - INFO - ๐ ุดุฑูุน ุจูููโุณุงุฒ ุฏุงุฎู ฺฉุฏ...
2025-05-21 15:05:48,759 - INFO - โค ูพุดููุงุฏ ุจูููโุณุงุฒ: ูพุงฺฉุณุงุฒ ฺฉุฏูุง ุชฺฉุฑุงุฑ
2025-05-21 15:05:49,060 - INFO - โค ูพุดููุงุฏ ุจูููโุณุงุฒ: ุจูุจูุฏ ูุณุชูุฏุณุงุฒ
2025-05-21 15:05:49,363 - INFO - โค ูพุดููุงุฏ ุจูููโุณุงุฒ: ุงูุฒูุฏู ุชุณุชโูุง ูุงุญุฏ
2025-05-21 15:05:49,664 - INFO - โ ุจูููโุณุงุฒ ุฏุงุฎู ฺฉุฏ ุจู ูพุงุงู ุฑุณุฏ.
2025-05-21 15:05:49,664 - INFO - โ ุชุบุฑุงุช ุจูููโุณุงุฒ ุฏุงุฎู ุงุนูุงู ุดุฏูุฏ.
2025-05-21 15:05:49,681 - INFO - ๐พ ูุณุฎู ูพุดุชุจุงู c:\Developer\T13_Project\T13\backup\20250521_150549_version.json ุงุฌุงุฏ ุดุฏ.
2025-05-21 15:05:49,684 - INFO - ูุณุฎู ุฌุฏุฏ ุณุณุชู ุจุง ูุนุงุฑูุง ุนููฺฉุฑุฏ ุซุจุช ุดุฏ.
2025-05-21 15:05:49,684 - INFO - โณ ุงุฌุฑุง ุจุนุฏ ุจุฑุฑุณ ุฏุฑ ุณุงุนุช 15:06:49
