2025-05-28 14:53:29,453 Health Check - CPU: 2.2%, RAM: 38.1%, Latency: 103.0ms, Disk: 67.6%, Alerts: None
2025-05-28 14:53:30,701 Health Check - CPU: 0.0%, RAM: 38.1%, Latency: 102.0ms, Disk: 67.6%, Alerts: None
2025-05-28 14:53:31,949 Health Check - CPU: 2.0%, RAM: 38.1%, Latency: 102.2ms, Disk: 67.6%, Alerts: None
2025-05-28 14:53:33,202 Health Check - CPU: 21.1%, RAM: 38.1%, Latency: 104.9ms, Disk: 67.6%, Alerts: None
2025-05-28 14:53:34,446 Health Check - CPU: 2.1%, RAM: 38.2%, Latency: 104.4ms, Disk: 67.6%, Alerts: None
2025-05-28 14:53:35,703 Health Check - CPU: 2.5%, RAM: 38.1%, Latency: 105.5ms, Disk: 67.6%, Alerts: None
2025-05-28 14:53:36,963 Health Check - CPU: 1.8%, RAM: 38.1%, Latency: 101.2ms, Disk: 67.6%, Alerts: None
2025-05-28 14:53:38,222 Health Check - CPU: 0.0%, RAM: 38.1%, Latency: 101.1ms, Disk: 67.6%, Alerts: None
2025-05-28 14:53:39,478 Health Check - CPU: 1.3%, RAM: 38.1%, Latency: 100.7ms, Disk: 67.6%, Alerts: None
2025-05-28 14:53:40,729 Health Check - CPU: 7.7%, RAM: 38.1%, Latency: 103.0ms, Disk: 67.6%, Alerts: None
2025-05-28 14:53:41,987 Health Check - CPU: 0.9%, RAM: 38.1%, Latency: 102.7ms, Disk: 67.6%, Alerts: None
2025-05-28 14:53:43,235 Health Check - CPU: 5.2%, RAM: 38.1%, Latency: 102.7ms, Disk: 67.6%, Alerts: None
2025-05-28 14:53:44,497 Health Check - CPU: 1.0%, RAM: 38.1%, Latency: 101.2ms, Disk: 67.6%, Alerts: None2025-05-28 16:17:22,190 Health Check - CPU: 10.1%, RAM: 39.6%, Latency: 97.0ms, Disk: 67.6%, Alerts: None
2025-05-28 16:17:26,141 Health Check - CPU: 5.9%, RAM: 40.2%, Latency: 102.3ms, Disk: 67.6%, Alerts: None
2025-05-28 16:17:27,394 Health Check - CPU: 10.8%, RAM: 40.3%, Latency: 104.2ms, Disk: 67.6%, Alerts: None
2025-05-28 16:17:28,637 Health Check - CPU: 5.4%, RAM: 40.3%, Latency: 98.3ms, Disk: 67.6%, Alerts: None
2025-05-28 16:17:29,875 Health Check - CPU: 11.5%, RAM: 40.3%, Latency: 97.2ms, Disk: 67.6%, Alerts: None
2025-05-28 16:17:31,120 Health Check - CPU: 7.2%, RAM: 40.3%, Latency: 98.3ms, Disk: 67.6%, Alerts: None
2025-05-28 16:17:32,356 Health Check - CPU: 19.0%, RAM: 40.3%, Latency: 96.8ms, Disk: 67.6%, Alerts: None
2025-05-28 16:17:33,596 Health Check - CPU: 21.1%, RAM: 40.3%, Latency: 97.0ms, Disk: 67.6%, Alerts: None
2025-05-28 16:17:34,832 Health Check - CPU: 29.1%, RAM: 40.3%, Latency: 96.4ms, Disk: 67.6%, Alerts: None
2025-05-28 16:17:36,072 Health Check - CPU: 20.9%, RAM: 40.3%, Latency: 95.8ms, Disk: 67.6%, Alerts: None
2025-05-28 16:17:37,311 Health Check - CPU: 24.1%, RAM: 40.3%, Latency: 95.7ms, Disk: 67.6%, Alerts: None
2025-05-28 16:17:38,556 Health Check - CPU: 19.2%, RAM: 40.3%, Latency: 96.3ms, Disk: 67.6%, Alerts: None
2025-05-28 16:17:39,801 Health Check - CPU: 15.4%, RAM: 40.3%, Latency: 96.1ms, Disk: 67.6%, Alerts: None
2025-05-28 16:17:41,055 Health Check - CPU: 25.0%, RAM: 40.3%, Latency: 96.3ms, Disk: 67.6%, Alerts: None
2025-05-28 16:17:42,294 Health Check - CPU: 13.8%, RAM: 40.4%, Latency: 95.8ms, Disk: 67.6%, Alerts: None
2025-05-28 16:17:43,586 Health Check - CPU: 14.1%, RAM: 40.4%, Latency: 95.9ms, Disk: 67.6%, Alerts: None
2025-05-28 16:17:44,838 Health Check - CPU: 19.0%, RAM: 40.5%, Latency: 96.7ms, Disk: 67.6%, Alerts: None
2025-05-28 16:17:46,074 Health Check - CPU: 16.2%, RAM: 40.5%, Latency: 95.6ms, Disk: 67.6%, Alerts: None
2025-05-28 16:17:47,309 Health Check - CPU: 15.9%, RAM: 40.5%, Latency: 94.9ms, Disk: 67.6%, Alerts: None
2025-05-28 16:17:48,549 Health Check - CPU: 18.6%, RAM: 39.5%, Latency: 96.7ms, Disk: 67.6%, Alerts: None
2025-05-28 16:17:49,804 Health Check - CPU: 15.6%, RAM: 39.5%, Latency: 95.4ms, Disk: 67.6%, Alerts: None
2025-05-28 16:17:51,053 Health Check - CPU: 19.1%, RAM: 39.6%, Latency: 97.8ms, Disk: 67.6%, Alerts: None
2025-05-28 16:17:52,289 Health Check - CPU: 12.0%, RAM: 39.6%, Latency: 95.4ms, Disk: 67.6%, Alerts: None
2025-05-28 16:17:53,540 Health Check - CPU: 14.5%, RAM: 39.6%, Latency: 95.8ms, Disk: 67.6%, Alerts: None
2025-05-28 16:17:54,777 Health Check - CPU: 17.9%, RAM: 38.8%, Latency: 96.1ms, Disk: 67.6%, Alerts: None
2025-05-28 16:17:56,016 Health Check - CPU: 22.5%, RAM: 38.8%, Latency: 94.8ms, Disk: 67.6%, Alerts: None
2025-05-28 16:17:57,267 Health Check - CPU: 12.4%, RAM: 38.8%, Latency: 104.7ms, Disk: 67.6%, Alerts: None
2025-05-28 16:17:58,520 Health Check - CPU: 17.6%, RAM: 38.8%, Latency: 97.9ms, Disk: 67.6%, Alerts: None
2025-05-28 16:17:59,761 Health Check - CPU: 17.5%, RAM: 38.8%, Latency: 97.0ms, Disk: 67.6%, Alerts: None
2025-05-28 16:18:01,003 Health Check - CPU: 26.4%, RAM: 38.9%, Latency: 96.0ms, Disk: 67.6%, Alerts: None
2025-05-28 16:18:02,260 Health Check - CPU: 21.6%, RAM: 38.9%, Latency: 94.4ms, Disk: 67.6%, Alerts: None
2025-05-28 16:18:03,498 Health Check - CPU: 7.3%, RAM: 38.9%, Latency: 95.7ms, Disk: 67.6%, Alerts: None
2025-05-28 16:18:04,737 Health Check - CPU: 8.0%, RAM: 38.9%, Latency: 96.9ms, Disk: 67.6%, Alerts: None
2025-05-28 16:18:05,988 Health Check - CPU: 27.0%, RAM: 39.0%, Latency: 95.8ms, Disk: 67.6%, Alerts: None
2025-05-28 16:18:07,238 Health Check - CPU: 22.4%, RAM: 38.9%, Latency: 94.7ms, Disk: 67.6%, Alerts: None
2025-05-28 16:18:08,473 Health Check - CPU: 29.6%, RAM: 38.9%, Latency: 96.9ms, Disk: 67.6%, Alerts: None
2025-05-28 16:18:09,707 Health Check - CPU: 8.1%, RAM: 38.9%, Latency: 94.4ms, Disk: 67.6%, Alerts: None
2025-05-28 16:18:10,943 Health Check - CPU: 14.7%, RAM: 38.9%, Latency: 95.9ms, Disk: 67.6%, Alerts: None
2025-05-28 16:18:12,186 Health Check - CPU: 25.6%, RAM: 38.9%, Latency: 94.7ms, Disk: 67.6%, Alerts: None
2025-05-28 16:18:13,425 Health Check - CPU: 14.7%, RAM: 38.9%, Latency: 96.0ms, Disk: 67.6%, Alerts: None
2025-05-28 16:18:14,894 Health Check - CPU: 14.5%, RAM: 38.9%, Latency: 94.7ms, Disk: 67.6%, Alerts: None
2025-05-28 16:18:16,138 Health Check - CPU: 10.6%, RAM: 38.9%, Latency: 95.1ms, Disk: 67.6%, Alerts: None
2025-05-28 16:18:17,377 Health Check - CPU: 27.4%, RAM: 38.9%, Latency: 96.0ms, Disk: 67.6%, Alerts: None
2025-05-28 16:18:18,635 Health Check - CPU: 18.5%, RAM: 39.0%, Latency: 99.2ms, Disk: 67.6%, Alerts: None
2025-05-28 16:18:19,883 Health Check - CPU: 25.2%, RAM: 39.0%, Latency: 95.6ms, Disk: 67.6%, Alerts: None
2025-05-28 16:18:21,122 Health Check - CPU: 14.8%, RAM: 39.0%, Latency: 95.3ms, Disk: 67.6%, Alerts: None
2025-05-28 16:18:22,385 Health Check - CPU: 6.1%, RAM: 39.1%, Latency: 102.0ms, Disk: 67.6%, Alerts: None
2025-05-28 16:18:23,623 Health Check - CPU: 17.3%, RAM: 39.0%, Latency: 94.8ms, Disk: 67.6%, Alerts: None
2025-05-28 16:18:24,858 Health Check - CPU: 8.8%, RAM: 39.0%, Latency: 94.5ms, Disk: 67.6%, Alerts: None
2025-05-28 16:18:26,100 Health Check - CPU: 18.9%, RAM: 39.0%, Latency: 97.7ms, Disk: 67.6%, Alerts: None
2025-05-28 16:18:27,338 Health Check - CPU: 22.8%, RAM: 39.0%, Latency: 96.0ms, Disk: 67.6%, Alerts: None
2025-05-28 16:18:28,585 Health Check - CPU: 19.5%, RAM: 39.0%, Latency: 93.7ms, Disk: 67.6%, Alerts: None
2025-05-28 16:18:29,826 Health Check - CPU: 12.8%, RAM: 39.0%, Latency: 96.4ms, Disk: 67.6%, Alerts: None
2025-05-28 16:18:31,069 Health Check - CPU: 12.1%, RAM: 39.0%, Latency: 94.9ms, Disk: 67.6%, Alerts: None
2025-05-28 16:18:32,307 Health Check - CPU: 18.0%, RAM: 39.0%, Latency: 94.7ms, Disk: 67.6%, Alerts: None
2025-05-28 16:18:33,616 Health Check - CPU: 10.8%, RAM: 39.0%, Latency: 94.9ms, Disk: 67.6%, Alerts: None
2025-05-28 16:18:34,866 Health Check - CPU: 20.2%, RAM: 39.0%, Latency: 96.2ms, Disk: 67.6%, Alerts: None
2025-05-28 16:18:36,110 Health Check - CPU: 8.0%, RAM: 39.0%, Latency: 94.7ms, Disk: 67.6%, Alerts: None
2025-05-28 16:18:37,352 Health Check - CPU: 29.1%, RAM: 39.0%, Latency: 95.7ms, Disk: 67.6%, Alerts: None
2025-05-28 16:18:38,592 Health Check - CPU: 21.1%, RAM: 39.0%, Latency: 95.5ms, Disk: 67.6%, Alerts: None
2025-05-28 16:18:39,833 Health Check - CPU: 24.4%, RAM: 39.0%, Latency: 97.1ms, Disk: 67.6%, Alerts: None
2025-05-28 16:18:41,378 Health Check - CPU: 19.4%, RAM: 39.0%, Latency: 95.3ms, Disk: 67.6%, Alerts: None
2025-05-28 16:18:42,623 Health Check - CPU: 18.3%, RAM: 39.0%, Latency: 94.5ms, Disk: 67.6%, Alerts: None
2025-05-28 16:18:43,865 Health Check - CPU: 18.8%, RAM: 39.0%, Latency: 96.2ms, Disk: 67.6%, Alerts: None
2025-05-28 16:18:45,112 Health Check - CPU: 24.1%, RAM: 39.0%, Latency: 94.5ms, Disk: 67.6%, Alerts: None
2025-05-28 16:18:46,361 Health Check - CPU: 6.1%, RAM: 39.0%, Latency: 94.5ms, Disk: 67.6%, Alerts: None
2025-05-28 16:18:47,601 Health Check - CPU: 16.4%, RAM: 39.0%, Latency: 95.4ms, Disk: 67.6%, Alerts: None
2025-05-28 16:18:48,835 Health Check - CPU: 13.8%, RAM: 39.0%, Latency: 95.1ms, Disk: 67.6%, Alerts: None
2025-05-28 16:18:50,075 Health Check - CPU: 18.6%, RAM: 39.0%, Latency: 95.4ms, Disk: 67.6%, Alerts: None
2025-05-28 16:18:51,313 Health Check - CPU: 18.9%, RAM: 39.1%, Latency: 95.7ms, Disk: 67.6%, Alerts: None
2025-05-28 16:18:52,554 Health Check - CPU: 25.0%, RAM: 39.1%, Latency: 96.1ms, Disk: 67.6%, Alerts: None
2025-05-28 16:18:55,925 Health Check - CPU: 23.8%, RAM: 39.2%, Latency: 100.5ms, Disk: 67.6%, Alerts: None
2025-05-28 16:18:57,192 Health Check - CPU: 12.4%, RAM: 39.3%, Latency: 104.3ms, Disk: 67.6%, Alerts: None
2025-05-28 16:18:58,444 Health Check - CPU: 13.2%, RAM: 39.3%, Latency: 96.9ms, Disk: 67.6%, Alerts: None
2025-05-28 16:18:59,692 Health Check - CPU: 26.5%, RAM: 39.3%, Latency: 99.0ms, Disk: 67.6%, Alerts: None
2025-05-28 16:19:00,936 Health Check - CPU: 16.9%, RAM: 39.3%, Latency: 96.6ms, Disk: 67.6%, Alerts: None
2025-05-28 16:19:02,183 Health Check - CPU: 12.9%, RAM: 39.3%, Latency: 95.7ms, Disk: 67.6%, Alerts: None
2025-05-28 16:19:03,425 Health Check - CPU: 19.3%, RAM: 39.3%, Latency: 97.0ms, Disk: 67.6%, Alerts: None
2025-05-28 16:19:04,678 Health Check - CPU: 20.2%, RAM: 39.3%, Latency: 97.5ms, Disk: 67.6%, Alerts: None
2025-05-28 16:19:05,926 Health Check - CPU: 23.3%, RAM: 39.3%, Latency: 97.4ms, Disk: 67.6%, Alerts: None
2025-05-28 16:19:07,177 Health Check - CPU: 22.1%, RAM: 39.4%, Latency: 96.8ms, Disk: 67.6%, Alerts: None
2025-05-28 16:19:08,434 Health Check - CPU: 22.3%, RAM: 39.3%, Latency: 100.1ms, Disk: 67.6%, Alerts: None
2025-05-28 16:19:09,676 Health Check - CPU: 15.7%, RAM: 39.4%, Latency: 95.8ms, Disk: 67.6%, Alerts: None
2025-05-28 16:19:13,547 Health Check - CPU: 26.1%, RAM: 39.4%, Latency: 99.0ms, Disk: 67.6%, Alerts: None
2025-05-28 16:19:19,621 Health Check - CPU: 11.2%, RAM: 39.4%, Latency: 100.1ms, Disk: 67.6%, Alerts: None
2025-05-28 16:19:20,880 Health Check - CPU: 9.8%, RAM: 39.4%, Latency: 101.1ms, Disk: 67.6%, Alerts: None
2025-05-28 16:19:22,118 Health Check - CPU: 26.8%, RAM: 39.4%, Latency: 95.9ms, Disk: 67.6%, Alerts: None
2025-05-28 16:19:23,356 Health Check - CPU: 14.0%, RAM: 39.4%, Latency: 96.6ms, Disk: 67.6%, Alerts: None
2025-05-28 16:19:24,602 Health Check - CPU: 7.9%, RAM: 39.4%, Latency: 98.2ms, Disk: 67.6%, Alerts: None
2025-05-28 16:19:25,837 Health Check - CPU: 30.5%, RAM: 39.4%, Latency: 96.4ms, Disk: 67.6%, Alerts: None
2025-05-28 16:19:27,075 Health Check - CPU: 24.6%, RAM: 39.4%, Latency: 97.1ms, Disk: 67.6%, Alerts: None
2025-05-28 16:19:31,230 Health Check - CPU: 9.8%, RAM: 39.4%, Latency: 98.8ms, Disk: 67.6%, Alerts: None
2025-05-28 16:19:32,483 Health Check - CPU: 23.0%, RAM: 39.4%, Latency: 96.6ms, Disk: 67.6%, Alerts: None
2025-05-28 16:19:33,732 Health Check - CPU: 16.7%, RAM: 39.4%, Latency: 98.5ms, Disk: 67.6%, Alerts: None
2025-05-28 16:19:34,991 Health Check - CPU: 7.9%, RAM: 38.8%, Latency: 112.2ms, Disk: 67.6%, Alerts: None
2025-05-28 16:19:36,267 Health Check - CPU: 14.4%, RAM: 38.7%, Latency: 100.5ms, Disk: 67.6%, Alerts: None
2025-05-28 16:19:37,550 Health Check - CPU: 9.2%, RAM: 38.7%, Latency: 109.4ms, Disk: 67.6%, Alerts: None
2025-05-28 16:19:38,850 Health Check - CPU: 9.0%, RAM: 38.7%, Latency: 117.0ms, Disk: 67.6%, Alerts: None
2025-05-28 16:19:40,150 Health Check - CPU: 27.3%, RAM: 38.7%, Latency: 112.9ms, Disk: 67.6%, Alerts: None
2025-05-28 16:19:41,442 Health Check - CPU: 23.2%, RAM: 38.7%, Latency: 112.9ms, Disk: 67.6%, Alerts: None
2025-05-28 16:19:42,735 Health Check - CPU: 16.0%, RAM: 38.7%, Latency: 116.7ms, Disk: 67.6%, Alerts: None
2025-05-28 16:19:44,018 Health Check - CPU: 11.7%, RAM: 38.7%, Latency: 98.0ms, Disk: 67.6%, Alerts: None
2025-05-28 16:19:45,297 Health Check - CPU: 10.4%, RAM: 38.7%, Latency: 112.9ms, Disk: 67.6%, Alerts: None
2025-05-28 16:19:46,574 Health Check - CPU: 4.4%, RAM: 38.7%, Latency: 96.4ms, Disk: 67.6%, Alerts: None
2025-05-28 16:19:47,817 Health Check - CPU: 18.5%, RAM: 38.8%, Latency: 98.5ms, Disk: 67.6%, Alerts: None
2025-05-28 16:19:49,068 Health Check - CPU: 13.6%, RAM: 38.8%, Latency: 95.4ms, Disk: 67.6%, Alerts: None
2025-05-28 16:19:50,320 Health Check - CPU: 17.6%, RAM: 38.8%, Latency: 96.0ms, Disk: 67.6%, Alerts: None
2025-05-28 16:19:51,580 Health Check - CPU: 27.8%, RAM: 38.8%, Latency: 97.7ms, Disk: 67.6%, Alerts: None
2025-05-28 16:19:52,825 Health Check - CPU: 11.5%, RAM: 38.8%, Latency: 96.5ms, Disk: 67.6%, Alerts: None
2025-05-28 16:19:54,072 Health Check - CPU: 34.8%, RAM: 38.7%, Latency: 96.5ms, Disk: 67.6%, Alerts: None
2025-05-28 16:19:55,325 Health Check - CPU: 34.2%, RAM: 38.8%, Latency: 96.0ms, Disk: 67.6%, Alerts: None
2025-05-28 16:19:56,568 Health Check - CPU: 23.9%, RAM: 38.8%, Latency: 97.9ms, Disk: 67.6%, Alerts: None
2025-05-28 16:19:57,815 Health Check - CPU: 20.0%, RAM: 38.8%, Latency: 96.4ms, Disk: 67.6%, Alerts: None
2025-05-28 16:19:59,071 Health Check - CPU: 21.3%, RAM: 38.8%, Latency: 95.5ms, Disk: 67.6%, Alerts: None
2025-05-28 16:20:00,316 Health Check - CPU: 29.5%, RAM: 38.8%, Latency: 97.7ms, Disk: 67.6%, Alerts: None
2025-05-28 16:20:01,559 Health Check - CPU: 26.4%, RAM: 38.7%, Latency: 96.1ms, Disk: 67.6%, Alerts: None
2025-05-28 16:20:02,810 Health Check - CPU: 10.0%, RAM: 38.7%, Latency: 96.8ms, Disk: 67.6%, Alerts: None
2025-05-28 16:20:04,052 Health Check - CPU: 18.9%, RAM: 38.7%, Latency: 95.2ms, Disk: 67.6%, Alerts: None
2025-05-28 16:20:05,303 Health Check - CPU: 26.2%, RAM: 38.7%, Latency: 96.6ms, Disk: 67.6%, Alerts: None
2025-05-28 16:20:06,556 Health Check - CPU: 18.1%, RAM: 38.7%, Latency: 96.0ms, Disk: 67.6%, Alerts: None
2025-05-28 16:20:07,807 Health Check - CPU: 14.0%, RAM: 38.7%, Latency: 95.3ms, Disk: 67.6%, Alerts: None
2025-05-28 16:20:09,061 Health Check - CPU: 8.2%, RAM: 38.8%, Latency: 95.3ms, Disk: 67.6%, Alerts: None
2025-05-28 16:20:10,310 Health Check - CPU: 18.0%, RAM: 38.8%, Latency: 95.6ms, Disk: 67.6%, Alerts: None
2025-05-28 16:20:11,556 Health Check - CPU: 20.4%, RAM: 38.8%, Latency: 96.5ms, Disk: 67.6%, Alerts: None
2025-05-28 16:20:12,801 Health Check - CPU: 23.7%, RAM: 38.8%, Latency: 97.0ms, Disk: 67.6%, Alerts: None
2025-05-28 16:20:14,047 Health Check - CPU: 12.5%, RAM: 38.8%, Latency: 95.8ms, Disk: 67.6%, Alerts: None
2025-05-28 16:20:15,288 Health Check - CPU: 17.2%, RAM: 38.8%, Latency: 95.7ms, Disk: 67.6%, Alerts: None
2025-05-28 16:20:16,545 Health Check - CPU: 8.7%, RAM: 38.8%, Latency: 96.8ms, Disk: 67.6%, Alerts: None
2025-05-28 16:20:17,798 Health Check - CPU: 15.8%, RAM: 38.8%, Latency: 97.5ms, Disk: 67.6%, Alerts: None
2025-05-28 16:20:19,051 Health Check - CPU: 24.0%, RAM: 38.8%, Latency: 97.0ms, Disk: 67.6%, Alerts: None
2025-05-28 16:20:20,303 Health Check - CPU: 27.8%, RAM: 38.8%, Latency: 97.2ms, Disk: 67.6%, Alerts: None
2025-05-28 16:20:21,549 Health Check - CPU: 19.8%, RAM: 38.8%, Latency: 96.2ms, Disk: 67.6%, Alerts: None
2025-05-28 16:20:22,805 Health Check - CPU: 30.0%, RAM: 38.8%, Latency: 96.1ms, Disk: 67.6%, Alerts: None
2025-05-28 16:20:24,057 Health Check - CPU: 16.7%, RAM: 38.8%, Latency: 95.7ms, Disk: 67.6%, Alerts: None
2025-05-28 16:20:25,310 Health Check - CPU: 18.8%, RAM: 38.8%, Latency: 98.5ms, Disk: 67.6%, Alerts: None
2025-05-28 16:20:26,562 Health Check - CPU: 17.7%, RAM: 38.8%, Latency: 96.7ms, Disk: 67.6%, Alerts: None
2025-05-28 16:20:27,816 Health Check - CPU: 12.5%, RAM: 38.8%, Latency: 99.2ms, Disk: 67.6%, Alerts: None
2025-05-28 16:20:29,062 Health Check - CPU: 16.1%, RAM: 38.8%, Latency: 95.7ms, Disk: 67.6%, Alerts: None
2025-05-28 16:20:30,313 Health Check - CPU: 18.6%, RAM: 38.8%, Latency: 95.8ms, Disk: 67.6%, Alerts: None
2025-05-28 16:20:31,554 Health Check - CPU: 17.3%, RAM: 38.8%, Latency: 95.3ms, Disk: 67.6%, Alerts: None
2025-05-28 16:20:32,806 Health Check - CPU: 18.4%, RAM: 38.8%, Latency: 97.6ms, Disk: 67.6%, Alerts: None
2025-05-28 16:20:34,054 Health Check - CPU: 26.9%, RAM: 38.8%, Latency: 96.8ms, Disk: 67.6%, Alerts: None
2025-05-28 16:20:35,305 Health Check - CPU: 31.1%, RAM: 38.8%, Latency: 96.5ms, Disk: 67.6%, Alerts: None
2025-05-28 16:20:36,574 Health Check - CPU: 19.5%, RAM: 38.8%, Latency: 96.2ms, Disk: 67.6%, Alerts: None
2025-05-28 16:20:37,826 Health Check - CPU: 16.7%, RAM: 38.8%, Latency: 96.4ms, Disk: 67.6%, Alerts: None
2025-05-28 16:20:39,074 Health Check - CPU: 19.0%, RAM: 38.8%, Latency: 95.4ms, Disk: 67.6%, Alerts: None
2025-05-28 16:20:40,326 Health Check - CPU: 18.6%, RAM: 38.8%, Latency: 95.9ms, Disk: 67.6%, Alerts: None
2025-05-28 16:20:41,583 Health Check - CPU: 18.6%, RAM: 38.8%, Latency: 95.9ms, Disk: 67.6%, Alerts: None
2025-05-28 16:20:42,837 Health Check - CPU: 21.1%, RAM: 38.8%, Latency: 97.9ms, Disk: 67.6%, Alerts: None
2025-05-28 16:20:44,085 Health Check - CPU: 23.7%, RAM: 38.8%, Latency: 95.3ms, Disk: 67.6%, Alerts: None
2025-05-28 16:20:45,337 Health Check - CPU: 24.4%, RAM: 38.8%, Latency: 95.8ms, Disk: 67.6%, Alerts: None
2025-05-28 16:20:46,595 Health Check - CPU: 16.3%, RAM: 38.8%, Latency: 98.0ms, Disk: 67.6%, Alerts: None
2025-05-28 16:20:47,842 Health Check - CPU: 19.8%, RAM: 38.8%, Latency: 96.4ms, Disk: 67.6%, Alerts: None
2025-05-28 16:20:49,094 Health Check - CPU: 14.3%, RAM: 38.8%, Latency: 96.6ms, Disk: 67.6%, Alerts: None
2025-05-28 16:20:50,343 Health Check - CPU: 19.5%, RAM: 38.8%, Latency: 96.7ms, Disk: 67.6%, Alerts: None
2025-05-28 16:20:51,591 Health Check - CPU: 27.1%, RAM: 38.8%, Latency: 95.8ms, Disk: 67.6%, Alerts: None
2025-05-28 16:20:52,855 Health Check - CPU: 17.5%, RAM: 38.8%, Latency: 96.0ms, Disk: 67.6%, Alerts: None
2025-05-28 16:20:54,111 Health Check - CPU: 16.7%, RAM: 38.8%, Latency: 95.9ms, Disk: 67.6%, Alerts: None
2025-05-28 16:20:55,361 Health Check - CPU: 14.3%, RAM: 38.8%, Latency: 95.7ms, Disk: 67.6%, Alerts: None
2025-05-28 16:20:56,610 Health Check - CPU: 17.6%, RAM: 38.8%, Latency: 96.2ms, Disk: 67.6%, Alerts: None
2025-05-28 16:20:57,857 Health Check - CPU: 12.9%, RAM: 38.8%, Latency: 96.4ms, Disk: 67.6%, Alerts: None
2025-05-28 16:20:59,106 Health Check - CPU: 11.8%, RAM: 38.8%, Latency: 97.2ms, Disk: 67.6%, Alerts: None
2025-05-28 16:21:00,351 Health Check - CPU: 16.2%, RAM: 38.8%, Latency: 96.4ms, Disk: 67.6%, Alerts: None
2025-05-28 16:21:01,605 Health Check - CPU: 31.5%, RAM: 38.8%, Latency: 97.5ms, Disk: 67.6%, Alerts: None
2025-05-28 16:21:02,856 Health Check - CPU: 18.5%, RAM: 38.8%, Latency: 97.0ms, Disk: 67.6%, Alerts: None
2025-05-28 16:21:04,109 Health Check - CPU: 14.6%, RAM: 38.7%, Latency: 96.0ms, Disk: 67.6%, Alerts: None
2025-05-28 16:21:05,365 Health Check - CPU: 13.5%, RAM: 38.8%, Latency: 97.3ms, Disk: 67.6%, Alerts: None
2025-05-28 16:21:06,620 Health Check - CPU: 21.5%, RAM: 38.8%, Latency: 97.5ms, Disk: 67.6%, Alerts: None
2025-05-28 16:21:07,655 ðŸ’¾ Ù†Ø³Ø®Ù‡ Ù¾Ø´ØªÛŒØ¨Ø§Ù† c:\Developer\T13_Project\T13\backup\20250528_162107_version.json Ø§ÛŒØ¬Ø§Ø¯ Ø´Ø¯.
2025-05-28 16:21:07,656 Ù†Ø³Ø®Ù‡ Ø¬Ø¯ÛŒØ¯ Ø³ÛŒØ³ØªÙ… Ø¨Ø§ Ù…Ø¹ÛŒØ§Ø±Ù‡Ø§ÛŒ Ø¹Ù…Ù„Ú©Ø±Ø¯ÛŒ Ø«Ø¨Øª Ø´Ø¯.
2025-05-28 16:21:07,666 Ù¾ÛŒØ´Ù†Ù‡Ø§Ø¯Ø§Øª Ø§Ø±ØªÙ‚Ø§ Ø«Ø¨Øª Ø´Ø¯Ù†Ø¯.
2025-05-28 16:21:07,666 ðŸ”„ Ø¢ØºØ§Ø² Ø¨Ø§Ø²Ù†ÙˆÛŒØ³ÛŒ Ø®ÙˆØ¯Ú©Ø§Ø± Ø³ÛŒØ³ØªÙ… (Refactor)...
2025-05-28 16:21:08,666 âœ… Ø¨Ø§Ø²Ù†ÙˆÛŒØ³ÛŒ Ø®ÙˆØ¯Ú©Ø§Ø± Ø³ÛŒØ³ØªÙ… Ø¨Ù‡ Ù¾Ø§ÛŒØ§Ù† Ø±Ø³ÛŒØ¯.
2025-05-28 16:21:08,873 Health Check - CPU: 15.0%, RAM: 38.8%, Latency: 97.2ms, Disk: 67.6%, Alerts: None
2025-05-28 16:21:10,133 Health Check - CPU: 19.8%, RAM: 38.8%, Latency: 96.6ms, Disk: 67.6%, Alerts: None
2025-05-28 16:21:11,388 Health Check - CPU: 15.5%, RAM: 38.8%, Latency: 97.7ms, Disk: 67.6%, Alerts: None
2025-05-28 16:21:12,613 Health Check - CPU: 12.2%, RAM: 38.8%, Latency: 95.7ms, Disk: 67.6%, Alerts: None
2025-05-28 16:21:13,863 Health Check - CPU: 20.8%, RAM: 38.8%, Latency: 95.7ms, Disk: 67.6%, Alerts: None
2025-05-28 16:21:15,113 Health Check - CPU: 17.3%, RAM: 38.8%, Latency: 96.9ms, Disk: 67.6%, Alerts: None
2025-05-28 16:21:16,360 Health Check - CPU: 15.2%, RAM: 38.8%, Latency: 93.4ms, Disk: 67.6%, Alerts: None
2025-05-28 16:21:17,610 Health Check - CPU: 11.2%, RAM: 38.8%, Latency: 95.4ms, Disk: 67.6%, Alerts: None
2025-05-28 16:21:18,870 Health Check - CPU: 18.1%, RAM: 38.8%, Latency: 97.0ms, Disk: 67.6%, Alerts: None
2025-05-28 16:21:20,125 Health Check - CPU: 10.9%, RAM: 39.0%, Latency: 102.5ms, Disk: 67.6%, Alerts: None
2025-05-28 16:21:21,394 Health Check - CPU: 21.8%, RAM: 39.0%, Latency: 104.3ms, Disk: 67.6%, Alerts: None
2025-05-28 16:21:22,652 Health Check - CPU: 24.3%, RAM: 39.1%, Latency: 97.8ms, Disk: 67.6%, Alerts: None
2025-05-28 16:21:23,907 Health Check - CPU: 21.6%, RAM: 39.1%, Latency: 98.7ms, Disk: 67.6%, Alerts: None
2025-05-28 16:21:25,160 Health Check - CPU: 18.1%, RAM: 39.1%, Latency: 97.8ms, Disk: 67.6%, Alerts: None
2025-05-28 16:21:26,413 Health Check - CPU: 19.0%, RAM: 39.0%, Latency: 100.0ms, Disk: 67.6%, Alerts: None
2025-05-28 16:21:27,660 Health Check - CPU: 36.2%, RAM: 39.1%, Latency: 97.4ms, Disk: 67.6%, Alerts: None
2025-05-28 16:21:28,917 Health Check - CPU: 12.0%, RAM: 39.1%, Latency: 97.6ms, Disk: 67.6%, Alerts: None
2025-05-28 16:21:30,166 Health Check - CPU: 18.1%, RAM: 39.1%, Latency: 96.7ms, Disk: 67.6%, Alerts: None
2025-05-28 16:21:31,422 Health Check - CPU: 22.0%, RAM: 39.1%, Latency: 97.6ms, Disk: 67.6%, Alerts: None
2025-05-28 16:21:32,673 Health Check - CPU: 18.5%, RAM: 39.1%, Latency: 97.4ms, Disk: 67.6%, Alerts: None
2025-05-28 16:21:33,927 Health Check - CPU: 23.0%, RAM: 39.1%, Latency: 98.4ms, Disk: 67.6%, Alerts: None
2025-05-28 16:21:35,179 Health Check - CPU: 25.3%, RAM: 39.1%, Latency: 97.9ms, Disk: 67.6%, Alerts: None
2025-05-28 16:21:36,431 Health Check - CPU: 13.0%, RAM: 39.1%, Latency: 97.7ms, Disk: 67.6%, Alerts: None
2025-05-28 16:21:37,695 Health Check - CPU: 11.0%, RAM: 39.1%, Latency: 95.6ms, Disk: 67.6%, Alerts: None
2025-05-28 16:21:38,812 Health Check - CPU: 17.1%, RAM: 39.1%, Latency: 97.5ms, Disk: 67.6%, Alerts: None
2025-05-28 16:21:40,071 Health Check - CPU: 27.4%, RAM: 39.1%, Latency: 98.9ms, Disk: 67.6%, Alerts: None
2025-05-28 16:21:41,327 Health Check - CPU: 14.8%, RAM: 39.1%, Latency: 96.1ms, Disk: 67.6%, Alerts: None
2025-05-28 16:21:42,591 Health Check - CPU: 18.3%, RAM: 39.1%, Latency: 98.0ms, Disk: 67.6%, Alerts: None
2025-05-28 16:21:43,842 Health Check - CPU: 17.1%, RAM: 39.1%, Latency: 98.7ms, Disk: 67.6%, Alerts: None
2025-05-28 16:21:45,093 Health Check - CPU: 17.7%, RAM: 39.1%, Latency: 97.9ms, Disk: 67.6%, Alerts: None
2025-05-28 16:21:46,349 Health Check - CPU: 17.8%, RAM: 39.1%, Latency: 98.9ms, Disk: 67.6%, Alerts: None
2025-05-28 16:21:47,600 Health Check - CPU: 17.1%, RAM: 39.1%, Latency: 97.2ms, Disk: 67.6%, Alerts: None
2025-05-28 16:21:48,844 Health Check - CPU: 4.6%, RAM: 39.1%, Latency: 86.9ms, Disk: 67.6%, Alerts: None
2025-05-28 16:21:50,010 Health Check - CPU: 15.2%, RAM: 39.1%, Latency: 96.0ms, Disk: 67.6%, Alerts: None
2025-05-28 16:21:51,267 Health Check - CPU: 8.3%, RAM: 39.1%, Latency: 95.6ms, Disk: 67.6%, Alerts: None
2025-05-28 16:21:52,526 Health Check - CPU: 7.8%, RAM: 39.1%, Latency: 95.2ms, Disk: 67.6%, Alerts: None
2025-05-28 16:21:53,772 Health Check - CPU: 12.4%, RAM: 39.1%, Latency: 97.3ms, Disk: 67.6%, Alerts: None
2025-05-28 16:21:55,019 Health Check - CPU: 13.4%, RAM: 39.1%, Latency: 96.6ms, Disk: 67.6%, Alerts: None
2025-05-28 16:21:56,279 Health Check - CPU: 12.9%, RAM: 39.1%, Latency: 96.7ms, Disk: 67.6%, Alerts: None
2025-05-28 16:21:57,530 Health Check - CPU: 6.7%, RAM: 39.1%, Latency: 97.0ms, Disk: 67.6%, Alerts: None
2025-05-28 16:21:58,782 Health Check - CPU: 8.2%, RAM: 39.1%, Latency: 96.7ms, Disk: 67.6%, Alerts: None
2025-05-28 16:22:00,040 Health Check - CPU: 9.0%, RAM: 39.1%, Latency: 96.2ms, Disk: 67.6%, Alerts: None
2025-05-28 16:22:01,250 Health Check - CPU: 18.8%, RAM: 39.1%, Latency: 96.2ms, Disk: 67.6%, Alerts: None
2025-05-28 16:22:02,502 Health Check - CPU: 6.8%, RAM: 39.1%, Latency: 96.4ms, Disk: 67.6%, Alerts: None
2025-05-28 16:22:03,753 Health Check - CPU: 19.8%, RAM: 39.1%, Latency: 97.6ms, Disk: 67.6%, Alerts: None
2025-05-28 16:22:04,999 Health Check - CPU: 7.8%, RAM: 39.0%, Latency: 95.1ms, Disk: 67.6%, Alerts: None
2025-05-28 16:22:06,244 Health Check - CPU: 16.9%, RAM: 39.1%, Latency: 96.3ms, Disk: 67.6%, Alerts: None
2025-05-28 16:22:07,495 Health Check - CPU: 6.3%, RAM: 39.1%, Latency: 96.2ms, Disk: 67.6%, Alerts: None
2025-05-28 16:22:08,736 Health Check - CPU: 12.7%, RAM: 39.1%, Latency: 92.8ms, Disk: 67.6%, Alerts: None
2025-05-28 16:22:09,993 Health Check - CPU: 12.6%, RAM: 39.1%, Latency: 96.2ms, Disk: 67.6%, Alerts: None
2025-05-28 16:22:11,241 Health Check - CPU: 23.1%, RAM: 39.1%, Latency: 97.4ms, Disk: 67.6%, Alerts: None
2025-05-28 16:22:12,492 Health Check - CPU: 12.2%, RAM: 39.1%, Latency: 99.0ms, Disk: 67.6%, Alerts: None
2025-05-28 16:22:13,742 Health Check - CPU: 11.9%, RAM: 39.1%, Latency: 99.0ms, Disk: 67.6%, Alerts: None
2025-05-28 16:22:14,963 Health Check - CPU: 6.6%, RAM: 39.1%, Latency: 96.8ms, Disk: 67.6%, Alerts: None
2025-05-28 16:22:16,212 Health Check - CPU: 8.8%, RAM: 39.1%, Latency: 95.9ms, Disk: 67.6%, Alerts: None
2025-05-28 16:22:17,467 Health Check - CPU: 9.5%, RAM: 39.1%, Latency: 95.9ms, Disk: 67.6%, Alerts: None
2025-05-28 16:22:18,712 Health Check - CPU: 7.6%, RAM: 39.1%, Latency: 96.2ms, Disk: 67.6%, Alerts: None
2025-05-28 16:22:19,974 Health Check - CPU: 10.6%, RAM: 39.1%, Latency: 96.8ms, Disk: 67.6%, Alerts: None
2025-05-28 16:22:21,229 Health Check - CPU: 7.4%, RAM: 39.2%, Latency: 97.5ms, Disk: 67.6%, Alerts: None
2025-05-28 16:22:22,479 Health Check - CPU: 8.3%, RAM: 39.1%, Latency: 96.4ms, Disk: 67.6%, Alerts: None
2025-05-28 16:22:23,723 Health Check - CPU: 9.4%, RAM: 39.1%, Latency: 93.0ms, Disk: 67.6%, Alerts: None
2025-05-28 16:22:24,976 Health Check - CPU: 15.3%, RAM: 39.1%, Latency: 96.2ms, Disk: 67.6%, Alerts: None
2025-05-28 16:22:26,234 Health Check - CPU: 4.8%, RAM: 39.1%, Latency: 96.7ms, Disk: 67.6%, Alerts: None
2025-05-28 16:22:27,486 Health Check - CPU: 7.3%, RAM: 39.1%, Latency: 98.1ms, Disk: 67.6%, Alerts: None
2025-05-28 16:22:28,747 Health Check - CPU: 5.6%, RAM: 39.1%, Latency: 97.9ms, Disk: 67.6%, Alerts: None
2025-05-28 16:22:29,998 Health Check - CPU: 17.6%, RAM: 39.2%, Latency: 97.4ms, Disk: 67.6%, Alerts: None
2025-05-28 16:22:31,261 Health Check - CPU: 23.3%, RAM: 39.3%, Latency: 100.5ms, Disk: 67.6%, Alerts: None
2025-05-28 16:22:32,532 Health Check - CPU: 44.4%, RAM: 39.6%, Latency: 117.8ms, Disk: 67.6%, Alerts: None
2025-05-28 16:22:33,855 Health Check - CPU: 11.0%, RAM: 39.6%, Latency: 116.1ms, Disk: 67.6%, Alerts: None
2025-05-28 16:22:35,193 Health Check - CPU: 32.5%, RAM: 39.6%, Latency: 125.4ms, Disk: 67.6%, Alerts: None
2025-05-28 16:22:36,530 Health Check - CPU: 24.3%, RAM: 39.6%, Latency: 124.7ms, Disk: 67.6%, Alerts: None
2025-05-28 16:22:37,867 Health Check - CPU: 11.8%, RAM: 39.6%, Latency: 121.2ms, Disk: 67.6%, Alerts: None
2025-05-28 16:22:39,190 Health Check - CPU: 10.4%, RAM: 39.6%, Latency: 117.9ms, Disk: 67.6%, Alerts: None
2025-05-28 16:22:40,537 Health Check - CPU: 30.4%, RAM: 39.6%, Latency: 124.6ms, Disk: 67.6%, Alerts: None
2025-05-28 16:22:41,867 Health Check - CPU: 12.4%, RAM: 39.5%, Latency: 122.0ms, Disk: 67.6%, Alerts: None
2025-05-28 16:22:43,202 Health Check - CPU: 22.8%, RAM: 39.5%, Latency: 119.7ms, Disk: 67.6%, Alerts: None
2025-05-28 16:22:44,526 Health Check - CPU: 26.1%, RAM: 39.5%, Latency: 114.7ms, Disk: 67.6%, Alerts: None
2025-05-28 16:22:45,824 Health Check - CPU: 24.6%, RAM: 39.4%, Latency: 98.6ms, Disk: 67.6%, Alerts: None
2025-05-28 16:22:47,085 Health Check - CPU: 12.9%, RAM: 39.3%, Latency: 97.5ms, Disk: 67.6%, Alerts: None
2025-05-28 16:37:37,245 Health Check - CPU: 12.2%, RAM: 38.9%, Latency: 83.5ms, Disk: 67.6%, Alerts: None
2025-05-28 16:37:40,992 Health Check - CPU: 0.0%, RAM: 39.4%, Latency: 91.3ms, Disk: 67.6%, Alerts: None
2025-05-28 16:37:42,243 Health Check - CPU: 3.3%, RAM: 39.5%, Latency: 86.6ms, Disk: 67.6%, Alerts: None
2025-05-28 16:37:43,482 Health Check - CPU: 12.9%, RAM: 39.5%, Latency: 85.2ms, Disk: 67.6%, Alerts: None
2025-05-28 16:37:44,714 Health Check - CPU: 0.0%, RAM: 39.5%, Latency: 87.7ms, Disk: 67.6%, Alerts: None
2025-05-28 16:37:45,948 Health Check - CPU: 6.4%, RAM: 39.5%, Latency: 87.1ms, Disk: 67.6%, Alerts: None
2025-05-28 16:37:47,175 Health Check - CPU: 0.5%, RAM: 39.5%, Latency: 85.0ms, Disk: 67.6%, Alerts: None
2025-05-28 16:37:48,406 Health Check - CPU: 14.5%, RAM: 39.5%, Latency: 86.5ms, Disk: 67.6%, Alerts: None
2025-05-28 16:37:49,636 Health Check - CPU: 6.9%, RAM: 39.5%, Latency: 84.5ms, Disk: 67.6%, Alerts: None
2025-05-28 16:37:50,872 Health Check - CPU: 7.1%, RAM: 39.5%, Latency: 88.7ms, Disk: 67.6%, Alerts: None
2025-05-28 16:37:52,105 Health Check - CPU: 1.1%, RAM: 39.5%, Latency: 86.5ms, Disk: 67.6%, Alerts: None
2025-05-28 16:37:53,352 Health Check - CPU: 0.0%, RAM: 39.5%, Latency: 89.0ms, Disk: 67.6%, Alerts: None
2025-05-28 16:37:54,592 Health Check - CPU: 3.8%, RAM: 39.5%, Latency: 83.3ms, Disk: 67.6%, Alerts: None
2025-05-28 16:37:55,835 Health Check - CPU: 10.5%, RAM: 39.5%, Latency: 88.0ms, Disk: 67.6%, Alerts: None
2025-05-28 16:37:57,080 Health Check - CPU: 16.9%, RAM: 39.5%, Latency: 91.5ms, Disk: 67.6%, Alerts: None
2025-05-28 16:37:58,312 Health Check - CPU: 0.6%, RAM: 39.5%, Latency: 84.3ms, Disk: 67.6%, Alerts: None
2025-05-28 16:37:59,547 Health Check - CPU: 2.5%, RAM: 39.5%, Latency: 84.1ms, Disk: 67.6%, Alerts: None
2025-05-28 16:38:00,778 Health Check - CPU: 4.5%, RAM: 39.5%, Latency: 84.8ms, Disk: 67.6%, Alerts: None
2025-05-28 16:38:02,005 Health Check - CPU: 5.2%, RAM: 39.5%, Latency: 89.4ms, Disk: 67.6%, Alerts: None
2025-05-28 16:38:03,229 Health Check - CPU: 1.8%, RAM: 39.5%, Latency: 83.5ms, Disk: 67.6%, Alerts: None
2025-05-28 16:38:04,457 Health Check - CPU: 0.0%, RAM: 39.5%, Latency: 86.1ms, Disk: 67.6%, Alerts: None
2025-05-28 16:38:05,699 Health Check - CPU: 0.0%, RAM: 39.5%, Latency: 86.5ms, Disk: 67.6%, Alerts: None
2025-05-28 16:38:06,941 Health Check - CPU: 0.0%, RAM: 39.5%, Latency: 86.1ms, Disk: 67.6%, Alerts: None
2025-05-28 16:38:08,175 Health Check - CPU: 11.9%, RAM: 39.5%, Latency: 90.0ms, Disk: 67.6%, Alerts: None
2025-05-28 16:38:09,406 Health Check - CPU: 1.4%, RAM: 39.5%, Latency: 87.6ms, Disk: 67.6%, Alerts: None
2025-05-28 16:38:10,629 Health Check - CPU: 2.1%, RAM: 39.5%, Latency: 84.7ms, Disk: 67.6%, Alerts: None
2025-05-28 16:38:11,870 Health Check - CPU: 1.2%, RAM: 39.5%, Latency: 84.2ms, Disk: 67.6%, Alerts: None
2025-05-28 16:38:13,102 Health Check - CPU: 1.4%, RAM: 39.5%, Latency: 84.0ms, Disk: 67.6%, Alerts: None
2025-05-28 16:38:14,338 Health Check - CPU: 1.4%, RAM: 39.5%, Latency: 86.1ms, Disk: 67.6%, Alerts: None
2025-05-28 16:38:15,569 Health Check - CPU: 8.1%, RAM: 39.5%, Latency: 88.5ms, Disk: 67.6%, Alerts: None
2025-05-28 16:38:16,803 Health Check - CPU: 4.2%, RAM: 39.5%, Latency: 85.9ms, Disk: 67.6%, Alerts: None
2025-05-28 16:38:18,035 Health Check - CPU: 0.0%, RAM: 39.5%, Latency: 85.4ms, Disk: 67.6%, Alerts: None
2025-05-28 16:38:19,268 Health Check - CPU: 12.2%, RAM: 39.5%, Latency: 85.0ms, Disk: 67.6%, Alerts: None
2025-05-28 16:38:20,510 Health Check - CPU: 1.7%, RAM: 39.6%, Latency: 99.3ms, Disk: 67.6%, Alerts: None
2025-05-28 16:38:21,759 Health Check - CPU: 2.0%, RAM: 39.6%, Latency: 102.0ms, Disk: 67.6%, Alerts: None
2025-05-28 16:38:23,005 Health Check - CPU: 9.3%, RAM: 39.6%, Latency: 99.9ms, Disk: 67.6%, Alerts: None
2025-05-28 16:38:24,256 Health Check - CPU: 0.0%, RAM: 39.6%, Latency: 100.6ms, Disk: 67.6%, Alerts: None
2025-05-28 16:38:25,505 Health Check - CPU: 0.0%, RAM: 39.6%, Latency: 99.3ms, Disk: 67.6%, Alerts: None
2025-05-28 16:38:26,756 Health Check - CPU: 1.0%, RAM: 39.6%, Latency: 102.5ms, Disk: 67.6%, Alerts: None
2025-05-28 16:38:28,005 Health Check - CPU: 1.0%, RAM: 39.6%, Latency: 100.3ms, Disk: 67.6%, Alerts: None
2025-05-28 16:38:29,249 Health Check - CPU: 17.5%, RAM: 39.6%, Latency: 99.3ms, Disk: 67.6%, Alerts: None
2025-05-28 16:38:30,501 Health Check - CPU: 5.7%, RAM: 39.6%, Latency: 104.0ms, Disk: 67.6%, Alerts: None
2025-05-28 16:38:31,750 Health Check - CPU: 2.9%, RAM: 39.6%, Latency: 104.7ms, Disk: 67.6%, Alerts: None
2025-05-28 16:38:32,994 Health Check - CPU: 6.7%, RAM: 39.6%, Latency: 102.0ms, Disk: 67.6%, Alerts: None
2025-05-28 16:38:34,239 Health Check - CPU: 0.0%, RAM: 39.6%, Latency: 99.9ms, Disk: 67.6%, Alerts: None
2025-05-28 16:38:35,486 Health Check - CPU: 7.3%, RAM: 39.6%, Latency: 102.0ms, Disk: 67.6%, Alerts: None
2025-05-28 16:38:36,732 Health Check - CPU: 7.6%, RAM: 39.6%, Latency: 100.7ms, Disk: 67.6%, Alerts: None
2025-05-28 16:38:38,000 Health Check - CPU: 1.1%, RAM: 39.7%, Latency: 101.7ms, Disk: 67.6%, Alerts: None
2025-05-28 16:38:39,251 Health Check - CPU: 10.6%, RAM: 39.7%, Latency: 101.5ms, Disk: 67.6%, Alerts: None
2025-05-28 16:38:40,507 Health Check - CPU: 0.0%, RAM: 39.7%, Latency: 99.5ms, Disk: 67.6%, Alerts: None
2025-05-28 16:38:43,897 Health Check - CPU: 3.6%, RAM: 40.7%, Latency: 104.8ms, Disk: 67.6%, Alerts: None
2025-05-28 16:38:45,148 Health Check - CPU: 0.0%, RAM: 40.7%, Latency: 101.4ms, Disk: 67.6%, Alerts: None
2025-05-28 16:38:46,400 Health Check - CPU: 0.0%, RAM: 40.7%, Latency: 106.7ms, Disk: 67.6%, Alerts: None
2025-05-28 16:38:47,643 Health Check - CPU: 10.0%, RAM: 40.7%, Latency: 101.6ms, Disk: 67.6%, Alerts: None
2025-05-28 16:38:48,888 Health Check - CPU: 5.6%, RAM: 40.8%, Latency: 100.7ms, Disk: 67.6%, Alerts: None
2025-05-28 16:38:50,138 Health Check - CPU: 2.2%, RAM: 40.7%, Latency: 101.5ms, Disk: 67.6%, Alerts: None
2025-05-28 16:38:51,392 Health Check - CPU: 0.0%, RAM: 40.7%, Latency: 100.1ms, Disk: 67.6%, Alerts: None
2025-05-28 16:38:52,640 Health Check - CPU: 9.7%, RAM: 40.7%, Latency: 106.7ms, Disk: 67.6%, Alerts: None
2025-05-28 16:38:53,882 Health Check - CPU: 1.5%, RAM: 40.7%, Latency: 98.8ms, Disk: 67.6%, Alerts: None
2025-05-28 16:38:55,127 Health Check - CPU: 0.0%, RAM: 40.7%, Latency: 100.0ms, Disk: 67.6%, Alerts: None
2025-05-28 16:38:56,381 Health Check - CPU: 2.0%, RAM: 40.7%, Latency: 101.4ms, Disk: 67.6%, Alerts: None
2025-05-28 16:38:57,628 Health Check - CPU: 4.8%, RAM: 40.7%, Latency: 103.6ms, Disk: 67.6%, Alerts: None
2025-05-28 16:38:58,879 Health Check - CPU: 6.8%, RAM: 40.7%, Latency: 99.4ms, Disk: 67.6%, Alerts: None
2025-05-28 16:39:00,127 Health Check - CPU: 3.3%, RAM: 40.8%, Latency: 101.9ms, Disk: 67.6%, Alerts: None
2025-05-28 16:39:01,378 Health Check - CPU: 1.7%, RAM: 40.7%, Latency: 99.5ms, Disk: 67.6%, Alerts: None
2025-05-28 16:39:02,621 Health Check - CPU: 4.5%, RAM: 40.8%, Latency: 100.3ms, Disk: 67.6%, Alerts: None
2025-05-28 16:39:03,876 Health Check - CPU: 1.3%, RAM: 40.8%, Latency: 99.7ms, Disk: 67.6%, Alerts: None
2025-05-28 16:39:05,143 Health Check - CPU: 0.9%, RAM: 40.8%, Latency: 100.7ms, Disk: 67.6%, Alerts: None
2025-05-28 16:39:06,392 Health Check - CPU: 0.0%, RAM: 40.8%, Latency: 98.8ms, Disk: 67.6%, Alerts: None
2025-05-28 16:39:07,642 Health Check - CPU: 1.5%, RAM: 40.8%, Latency: 100.3ms, Disk: 67.6%, Alerts: None
2025-05-28 16:39:08,903 Health Check - CPU: 1.3%, RAM: 40.8%, Latency: 105.0ms, Disk: 67.6%, Alerts: None
2025-05-28 16:39:10,159 Health Check - CPU: 1.0%, RAM: 40.7%, Latency: 98.4ms, Disk: 67.6%, Alerts: None
2025-05-28 16:39:11,415 Health Check - CPU: 3.9%, RAM: 40.8%, Latency: 99.6ms, Disk: 67.6%, Alerts: None
2025-05-28 16:39:12,668 Health Check - CPU: 0.0%, RAM: 40.8%, Latency: 102.4ms, Disk: 67.6%, Alerts: None
2025-05-28 16:39:13,921 Health Check - CPU: 4.1%, RAM: 40.8%, Latency: 101.0ms, Disk: 67.6%, Alerts: None
2025-05-28 16:39:15,180 Health Check - CPU: 0.0%, RAM: 40.8%, Latency: 102.6ms, Disk: 67.6%, Alerts: None
2025-05-28 16:39:16,433 Health Check - CPU: 0.0%, RAM: 40.8%, Latency: 99.2ms, Disk: 67.6%, Alerts: None
2025-05-28 16:39:17,689 Health Check - CPU: 2.9%, RAM: 40.8%, Latency: 102.7ms, Disk: 67.6%, Alerts: None
2025-05-28 16:39:18,951 Health Check - CPU: 1.3%, RAM: 40.8%, Latency: 100.3ms, Disk: 67.6%, Alerts: None
2025-05-28 16:39:20,204 Health Check - CPU: 9.9%, RAM: 40.8%, Latency: 103.0ms, Disk: 67.6%, Alerts: None
2025-05-28 16:39:21,457 Health Check - CPU: 1.6%, RAM: 40.8%, Latency: 101.0ms, Disk: 67.6%, Alerts: None
2025-05-28 16:39:22,711 Health Check - CPU: 4.6%, RAM: 40.8%, Latency: 102.7ms, Disk: 67.6%, Alerts: None
2025-05-28 16:39:23,974 Health Check - CPU: 4.7%, RAM: 40.8%, Latency: 105.2ms, Disk: 67.6%, Alerts: None
2025-05-28 16:39:25,237 Health Check - CPU: 4.1%, RAM: 40.8%, Latency: 103.7ms, Disk: 67.6%, Alerts: None
2025-05-28 16:39:26,501 Health Check - CPU: 0.0%, RAM: 40.8%, Latency: 99.4ms, Disk: 67.6%, Alerts: None
2025-05-28 16:39:27,755 Health Check - CPU: 5.1%, RAM: 40.8%, Latency: 101.5ms, Disk: 67.6%, Alerts: None
2025-05-28 16:39:29,008 Health Check - CPU: 1.1%, RAM: 40.8%, Latency: 99.5ms, Disk: 67.6%, Alerts: None
2025-05-28 16:39:30,273 Health Check - CPU: 1.1%, RAM: 40.8%, Latency: 102.8ms, Disk: 67.6%, Alerts: None
2025-05-28 16:39:31,526 Health Check - CPU: 1.3%, RAM: 40.8%, Latency: 101.3ms, Disk: 67.6%, Alerts: None
2025-05-28 16:39:32,780 Health Check - CPU: 9.5%, RAM: 40.8%, Latency: 100.5ms, Disk: 67.6%, Alerts: None
2025-05-28 16:39:34,037 Health Check - CPU: 4.2%, RAM: 40.8%, Latency: 102.5ms, Disk: 67.6%, Alerts: None
2025-05-28 16:39:35,291 Health Check - CPU: 1.3%, RAM: 40.8%, Latency: 100.0ms, Disk: 67.6%, Alerts: None
2025-05-28 16:39:36,553 Health Check - CPU: 0.0%, RAM: 40.8%, Latency: 102.9ms, Disk: 67.6%, Alerts: None
2025-05-28 16:39:37,803 Health Check - CPU: 4.3%, RAM: 40.8%, Latency: 101.0ms, Disk: 67.6%, Alerts: None
2025-05-28 16:39:39,062 Health Check - CPU: 0.0%, RAM: 40.8%, Latency: 104.5ms, Disk: 67.6%, Alerts: None
2025-05-28 16:39:40,325 Health Check - CPU: 5.9%, RAM: 40.8%, Latency: 99.2ms, Disk: 67.6%, Alerts: None
2025-05-28 16:39:41,576 Health Check - CPU: 7.2%, RAM: 40.8%, Latency: 98.4ms, Disk: 67.6%, Alerts: None
2025-05-28 16:39:42,826 Health Check - CPU: 7.3%, RAM: 40.8%, Latency: 101.4ms, Disk: 67.6%, Alerts: None
2025-05-28 16:39:44,085 Health Check - CPU: 0.6%, RAM: 40.8%, Latency: 103.1ms, Disk: 67.6%, Alerts: None
2025-05-28 16:39:45,344 Health Check - CPU: 2.8%, RAM: 40.8%, Latency: 99.3ms, Disk: 67.6%, Alerts: None
2025-05-28 16:39:46,606 Health Check - CPU: 27.4%, RAM: 40.8%, Latency: 106.2ms, Disk: 67.6%, Alerts: None
2025-05-28 16:39:47,884 Health Check - CPU: 10.2%, RAM: 40.8%, Latency: 107.3ms, Disk: 67.6%, Alerts: None
2025-05-28 16:39:49,145 Health Check - CPU: 5.6%, RAM: 40.8%, Latency: 104.3ms, Disk: 67.6%, Alerts: None
2025-05-28 16:39:50,411 Health Check - CPU: 16.2%, RAM: 40.8%, Latency: 107.0ms, Disk: 67.6%, Alerts: None
2025-05-28 16:39:51,714 Health Check - CPU: 26.3%, RAM: 40.9%, Latency: 140.8ms, Disk: 67.6%, Alerts: None
2025-05-28 16:39:53,074 Health Check - CPU: 8.3%, RAM: 40.9%, Latency: 159.6ms, Disk: 67.6%, Alerts: None
2025-05-28 16:39:54,454 Health Check - CPU: 8.8%, RAM: 40.8%, Latency: 150.0ms, Disk: 67.6%, Alerts: None
2025-05-28 16:39:55,778 Health Check - CPU: 6.2%, RAM: 40.9%, Latency: 159.0ms, Disk: 67.6%, Alerts: None
2025-05-28 16:39:57,120 Health Check - CPU: 4.4%, RAM: 40.9%, Latency: 123.6ms, Disk: 67.6%, Alerts: None
2025-05-28 16:39:58,472 Health Check - CPU: 3.9%, RAM: 40.9%, Latency: 135.4ms, Disk: 67.6%, Alerts: None
2025-05-28 16:39:59,873 Health Check - CPU: 4.5%, RAM: 40.8%, Latency: 186.1ms, Disk: 67.6%, Alerts: None
2025-05-28 16:40:01,165 Health Check - CPU: 3.7%, RAM: 40.9%, Latency: 108.3ms, Disk: 67.6%, Alerts: None
2025-05-28 16:40:02,426 Health Check - CPU: 5.4%, RAM: 40.9%, Latency: 108.3ms, Disk: 67.6%, Alerts: None
2025-05-28 16:40:03,686 Health Check - CPU: 9.8%, RAM: 40.9%, Latency: 106.7ms, Disk: 67.6%, Alerts: None
2025-05-28 16:40:04,987 Health Check - CPU: 0.9%, RAM: 40.9%, Latency: 143.7ms, Disk: 67.6%, Alerts: None
2025-05-28 16:40:06,314 Health Check - CPU: 4.1%, RAM: 40.8%, Latency: 130.6ms, Disk: 67.6%, Alerts: None
2025-05-28 16:40:07,686 Health Check - CPU: 8.0%, RAM: 40.8%, Latency: 151.9ms, Disk: 67.6%, Alerts: None
2025-05-28 16:40:09,045 Health Check - CPU: 16.8%, RAM: 40.8%, Latency: 143.9ms, Disk: 67.6%, Alerts: None
2025-05-28 16:40:10,381 Health Check - CPU: 1.0%, RAM: 40.8%, Latency: 134.9ms, Disk: 67.6%, Alerts: None
2025-05-28 16:40:11,764 Health Check - CPU: 3.6%, RAM: 40.8%, Latency: 143.9ms, Disk: 67.6%, Alerts: None
2025-05-28 16:40:13,127 Health Check - CPU: 3.0%, RAM: 40.8%, Latency: 135.7ms, Disk: 67.6%, Alerts: None
2025-05-28 16:40:14,507 Health Check - CPU: 8.8%, RAM: 40.8%, Latency: 153.1ms, Disk: 67.6%, Alerts: None
2025-05-28 16:40:15,859 Health Check - CPU: 14.7%, RAM: 40.8%, Latency: 132.7ms, Disk: 67.6%, Alerts: None
2025-05-28 16:40:17,220 Health Check - CPU: 6.6%, RAM: 40.9%, Latency: 142.7ms, Disk: 67.6%, Alerts: None
2025-05-28 16:40:18,594 Health Check - CPU: 0.0%, RAM: 40.9%, Latency: 159.9ms, Disk: 67.6%, Alerts: None
2025-05-28 16:40:19,935 Health Check - CPU: 15.7%, RAM: 40.9%, Latency: 130.6ms, Disk: 67.6%, Alerts: None
2025-05-28 16:40:21,306 Health Check - CPU: 1.7%, RAM: 40.8%, Latency: 146.0ms, Disk: 67.6%, Alerts: None
2025-05-28 16:40:22,631 Health Check - CPU: 9.0%, RAM: 40.8%, Latency: 128.8ms, Disk: 67.6%, Alerts: None
2025-05-28 16:40:23,988 Health Check - CPU: 40.5%, RAM: 40.8%, Latency: 143.3ms, Disk: 67.6%, Alerts: None
2025-05-28 16:40:25,349 Health Check - CPU: 9.7%, RAM: 40.9%, Latency: 142.5ms, Disk: 67.6%, Alerts: None
2025-05-28 16:40:26,695 Health Check - CPU: 5.1%, RAM: 40.9%, Latency: 131.0ms, Disk: 67.6%, Alerts: None
2025-05-28 16:40:28,049 Health Check - CPU: 2.2%, RAM: 40.9%, Latency: 132.6ms, Disk: 67.6%, Alerts: None
2025-05-28 16:40:29,448 Health Check - CPU: 0.0%, RAM: 40.9%, Latency: 178.3ms, Disk: 67.6%, Alerts: None
2025-05-28 16:40:30,857 Health Check - CPU: 5.4%, RAM: 40.9%, Latency: 185.0ms, Disk: 67.6%, Alerts: None
2025-05-28 16:40:32,231 Health Check - CPU: 0.9%, RAM: 40.9%, Latency: 142.5ms, Disk: 67.6%, Alerts: None
2025-05-28 16:40:33,581 Health Check - CPU: 0.0%, RAM: 40.9%, Latency: 132.3ms, Disk: 67.6%, Alerts: None
2025-05-28 16:40:34,960 Health Check - CPU: 2.4%, RAM: 40.9%, Latency: 155.4ms, Disk: 67.6%, Alerts: None
2025-05-28 16:40:36,313 Health Check - CPU: 3.3%, RAM: 40.9%, Latency: 127.0ms, Disk: 67.6%, Alerts: None
2025-05-28 16:40:37,675 Health Check - CPU: 0.0%, RAM: 40.9%, Latency: 144.0ms, Disk: 67.6%, Alerts: None
2025-05-28 16:40:39,035 Health Check - CPU: 3.5%, RAM: 40.9%, Latency: 149.9ms, Disk: 67.6%, Alerts: None
2025-05-28 16:40:40,383 Health Check - CPU: 7.6%, RAM: 40.8%, Latency: 142.5ms, Disk: 67.6%, Alerts: None
2025-05-28 16:40:41,750 Health Check - CPU: 2.4%, RAM: 40.8%, Latency: 157.4ms, Disk: 67.6%, Alerts: None
2025-05-28 16:40:43,107 Health Check - CPU: 18.2%, RAM: 40.8%, Latency: 138.9ms, Disk: 67.6%, Alerts: None
2025-05-28 16:40:44,459 Health Check - CPU: 3.9%, RAM: 40.9%, Latency: 133.0ms, Disk: 67.6%, Alerts: None
2025-05-28 16:40:45,827 Health Check - CPU: 7.0%, RAM: 40.9%, Latency: 146.2ms, Disk: 67.6%, Alerts: None
2025-05-28 16:40:47,193 Health Check - CPU: 6.0%, RAM: 40.8%, Latency: 142.6ms, Disk: 67.6%, Alerts: None
2025-05-28 16:40:48,555 Health Check - CPU: 5.1%, RAM: 40.9%, Latency: 152.2ms, Disk: 67.6%, Alerts: None
2025-05-28 16:40:49,913 Health Check - CPU: 6.8%, RAM: 40.8%, Latency: 181.8ms, Disk: 67.6%, Alerts: None
2025-05-28 16:40:51,224 Health Check - CPU: 8.4%, RAM: 40.9%, Latency: 106.2ms, Disk: 67.6%, Alerts: None
2025-05-28 16:40:52,480 Health Check - CPU: 12.7%, RAM: 40.9%, Latency: 106.3ms, Disk: 67.6%, Alerts: None
2025-05-28 16:40:53,751 Health Check - CPU: 5.2%, RAM: 40.9%, Latency: 110.9ms, Disk: 67.6%, Alerts: None
2025-05-28 16:40:55,014 Health Check - CPU: 7.9%, RAM: 40.9%, Latency: 106.8ms, Disk: 67.6%, Alerts: None
2025-05-28 16:40:56,289 Health Check - CPU: 10.3%, RAM: 40.9%, Latency: 106.8ms, Disk: 67.6%, Alerts: None
2025-05-28 16:40:57,559 Health Check - CPU: 14.1%, RAM: 40.7%, Latency: 105.9ms, Disk: 67.6%, Alerts: None
2025-05-28 16:40:58,834 Health Check - CPU: 27.7%, RAM: 40.6%, Latency: 108.0ms, Disk: 67.6%, Alerts: None
2025-05-28 16:41:00,105 Health Check - CPU: 13.3%, RAM: 40.5%, Latency: 107.9ms, Disk: 67.6%, Alerts: None
2025-05-28 16:41:01,375 Health Check - CPU: 18.2%, RAM: 40.5%, Latency: 105.6ms, Disk: 67.6%, Alerts: None
2025-05-28 16:41:02,631 Health Check - CPU: 27.3%, RAM: 40.5%, Latency: 108.3ms, Disk: 67.6%, Alerts: None
2025-05-28 16:41:03,905 Health Check - CPU: 11.0%, RAM: 40.5%, Latency: 107.2ms, Disk: 67.6%, Alerts: None
2025-05-28 16:41:05,180 Health Check - CPU: 19.0%, RAM: 40.5%, Latency: 106.1ms, Disk: 67.6%, Alerts: None
2025-05-28 16:41:06,438 Health Check - CPU: 23.8%, RAM: 40.6%, Latency: 106.8ms, Disk: 67.6%, Alerts: None
2025-05-29 04:25:05,425 Health Check - CPU: 3.4%, RAM: 39.5%, Latency: 87.4ms, Disk: 69.0%, Alerts: None
2025-05-29 04:25:16,148 Health Check - CPU: 7.5%, RAM: 39.9%, Latency: 98.0ms, Disk: 69.0%, Alerts: None
2025-05-29 04:25:17,385 Health Check - CPU: 9.1%, RAM: 39.9%, Latency: 94.5ms, Disk: 69.0%, Alerts: None
2025-05-29 04:25:18,624 Health Check - CPU: 10.0%, RAM: 39.9%, Latency: 95.5ms, Disk: 69.0%, Alerts: None
2025-05-29 04:25:19,865 Health Check - CPU: 7.8%, RAM: 39.8%, Latency: 96.1ms, Disk: 69.0%, Alerts: None
2025-05-29 04:25:21,116 Health Check - CPU: 7.1%, RAM: 39.8%, Latency: 96.2ms, Disk: 69.0%, Alerts: None
2025-05-29 04:25:22,411 Health Check - CPU: 8.9%, RAM: 39.8%, Latency: 137.8ms, Disk: 69.0%, Alerts: None
2025-05-29 04:25:23,751 Health Check - CPU: 9.4%, RAM: 39.8%, Latency: 132.7ms, Disk: 69.0%, Alerts: None
2025-05-29 04:25:25,109 Health Check - CPU: 11.4%, RAM: 39.8%, Latency: 146.3ms, Disk: 69.0%, Alerts: None
2025-05-29 04:25:26,483 Health Check - CPU: 20.2%, RAM: 39.8%, Latency: 155.3ms, Disk: 69.0%, Alerts: None
2025-05-29 04:25:27,808 Health Check - CPU: 6.4%, RAM: 39.8%, Latency: 131.2ms, Disk: 69.0%, Alerts: None
2025-05-29 04:25:29,161 Health Check - CPU: 5.7%, RAM: 39.8%, Latency: 140.5ms, Disk: 69.0%, Alerts: None
2025-05-29 04:25:30,472 Health Check - CPU: 7.5%, RAM: 39.8%, Latency: 121.7ms, Disk: 69.0%, Alerts: None
2025-05-29 04:25:31,823 Health Check - CPU: 4.3%, RAM: 39.8%, Latency: 145.8ms, Disk: 69.0%, Alerts: None
2025-05-29 04:25:33,152 Health Check - CPU: 10.2%, RAM: 39.8%, Latency: 130.2ms, Disk: 69.0%, Alerts: None
2025-05-29 04:25:34,463 Health Check - CPU: 3.3%, RAM: 39.8%, Latency: 119.8ms, Disk: 69.0%, Alerts: None
2025-05-29 04:25:35,771 Health Check - CPU: 9.7%, RAM: 39.8%, Latency: 117.3ms, Disk: 69.0%, Alerts: None
2025-05-29 04:25:37,085 Health Check - CPU: 5.2%, RAM: 39.8%, Latency: 122.2ms, Disk: 69.0%, Alerts: None
2025-05-29 04:25:38,417 Health Check - CPU: 6.3%, RAM: 39.7%, Latency: 142.2ms, Disk: 69.0%, Alerts: None
2025-05-29 04:25:39,747 Health Check - CPU: 15.0%, RAM: 39.8%, Latency: 120.3ms, Disk: 69.0%, Alerts: None
2025-05-29 04:25:41,068 Health Check - CPU: 11.2%, RAM: 39.7%, Latency: 119.9ms, Disk: 69.0%, Alerts: None
2025-05-29 04:25:42,406 Health Check - CPU: 7.6%, RAM: 39.8%, Latency: 130.6ms, Disk: 69.0%, Alerts: None
2025-05-29 04:25:43,766 Health Check - CPU: 12.2%, RAM: 39.8%, Latency: 153.4ms, Disk: 69.0%, Alerts: None
2025-05-29 04:25:46,667 Health Check - CPU: 8.5%, RAM: 39.8%, Latency: 133.6ms, Disk: 69.0%, Alerts: None
2025-05-29 04:25:48,021 Health Check - CPU: 4.3%, RAM: 39.8%, Latency: 135.6ms, Disk: 69.0%, Alerts: None
2025-05-29 04:25:49,359 Health Check - CPU: 5.2%, RAM: 39.8%, Latency: 107.8ms, Disk: 69.0%, Alerts: None
2025-05-29 04:25:50,696 Health Check - CPU: 9.0%, RAM: 39.8%, Latency: 145.1ms, Disk: 69.0%, Alerts: None
2025-05-29 04:25:52,208 Health Check - CPU: 5.4%, RAM: 39.8%, Latency: 134.3ms, Disk: 69.0%, Alerts: None
2025-05-29 04:25:53,529 Health Check - CPU: 10.0%, RAM: 39.8%, Latency: 120.7ms, Disk: 69.0%, Alerts: None
2025-05-29 04:25:54,838 Health Check - CPU: 9.6%, RAM: 39.8%, Latency: 116.3ms, Disk: 69.0%, Alerts: None
2025-05-29 04:25:56,172 Health Check - CPU: 2.7%, RAM: 39.8%, Latency: 147.8ms, Disk: 69.0%, Alerts: None
2025-05-29 04:25:57,498 Health Check - CPU: 1.8%, RAM: 39.8%, Latency: 134.5ms, Disk: 69.0%, Alerts: None
2025-05-29 04:25:58,807 Health Check - CPU: 19.8%, RAM: 39.9%, Latency: 128.5ms, Disk: 69.0%, Alerts: None
2025-05-29 04:26:00,139 Health Check - CPU: 4.6%, RAM: 39.8%, Latency: 127.4ms, Disk: 69.0%, Alerts: None
2025-05-29 04:26:01,467 Health Check - CPU: 7.2%, RAM: 39.8%, Latency: 128.9ms, Disk: 69.0%, Alerts: None
2025-05-29 04:26:02,786 Health Check - CPU: 27.6%, RAM: 39.8%, Latency: 116.8ms, Disk: 69.0%, Alerts: None
2025-05-29 04:26:04,130 Health Check - CPU: 14.0%, RAM: 39.8%, Latency: 118.7ms, Disk: 69.0%, Alerts: None
2025-05-29 04:26:05,467 Health Check - CPU: 11.5%, RAM: 39.8%, Latency: 122.0ms, Disk: 69.0%, Alerts: None
2025-05-29 04:26:06,806 Health Check - CPU: 11.8%, RAM: 39.8%, Latency: 135.4ms, Disk: 69.0%, Alerts: None
2025-05-29 04:26:08,145 Health Check - CPU: 16.3%, RAM: 39.8%, Latency: 113.9ms, Disk: 69.0%, Alerts: None
2025-05-29 04:26:12,020 Health Check - CPU: 4.7%, RAM: 39.8%, Latency: 116.4ms, Disk: 69.0%, Alerts: None
2025-05-29 04:26:13,415 Health Check - CPU: 4.7%, RAM: 39.9%, Latency: 133.2ms, Disk: 69.0%, Alerts: None
2025-05-29 04:26:14,733 Health Check - CPU: 8.4%, RAM: 39.9%, Latency: 115.7ms, Disk: 69.0%, Alerts: None
2025-05-29 04:26:16,068 Health Check - CPU: 11.8%, RAM: 39.8%, Latency: 120.8ms, Disk: 69.0%, Alerts: None
2025-05-29 04:26:17,395 Health Check - CPU: 6.9%, RAM: 39.8%, Latency: 125.6ms, Disk: 69.0%, Alerts: None
2025-05-29 04:26:18,770 Health Check - CPU: 12.1%, RAM: 39.8%, Latency: 172.9ms, Disk: 69.0%, Alerts: None
2025-05-29 04:26:20,138 Health Check - CPU: 27.0%, RAM: 39.8%, Latency: 129.2ms, Disk: 69.0%, Alerts: None
2025-05-29 04:26:21,666 Health Check - CPU: 10.1%, RAM: 39.8%, Latency: 114.9ms, Disk: 69.0%, Alerts: None
2025-05-29 04:26:23,015 Health Check - CPU: 6.1%, RAM: 39.8%, Latency: 137.0ms, Disk: 69.0%, Alerts: None
2025-05-29 04:26:24,480 Health Check - CPU: 1.8%, RAM: 39.8%, Latency: 121.8ms, Disk: 69.0%, Alerts: None
2025-05-29 04:26:26,273 Health Check - CPU: 7.4%, RAM: 39.8%, Latency: 129.7ms, Disk: 69.0%, Alerts: None
2025-05-29 04:26:27,541 Health Check - CPU: 11.1%, RAM: 39.9%, Latency: 95.5ms, Disk: 69.0%, Alerts: None
2025-05-29 04:26:28,781 Health Check - CPU: 17.3%, RAM: 39.9%, Latency: 97.4ms, Disk: 69.0%, Alerts: None
2025-05-29 04:26:30,020 Health Check - CPU: 11.0%, RAM: 39.9%, Latency: 97.3ms, Disk: 69.0%, Alerts: None
2025-05-29 04:26:31,259 Health Check - CPU: 6.1%, RAM: 39.9%, Latency: 97.7ms, Disk: 69.0%, Alerts: None
2025-05-29 04:26:32,496 Health Check - CPU: 8.3%, RAM: 39.9%, Latency: 94.9ms, Disk: 69.0%, Alerts: None
2025-05-29 04:26:33,733 Health Check - CPU: 2.6%, RAM: 39.9%, Latency: 93.8ms, Disk: 69.0%, Alerts: None
2025-05-29 04:26:34,973 Health Check - CPU: 6.6%, RAM: 39.9%, Latency: 94.8ms, Disk: 69.0%, Alerts: None
2025-05-29 04:26:36,213 Health Check - CPU: 7.7%, RAM: 39.9%, Latency: 95.5ms, Disk: 69.0%, Alerts: None
2025-05-29 04:26:37,450 Health Check - CPU: 4.8%, RAM: 39.9%, Latency: 94.5ms, Disk: 69.0%, Alerts: None
2025-05-29 04:26:38,707 Health Check - CPU: 7.3%, RAM: 39.9%, Latency: 94.0ms, Disk: 69.0%, Alerts: None
2025-05-29 04:26:39,949 Health Check - CPU: 4.4%, RAM: 39.9%, Latency: 100.8ms, Disk: 69.0%, Alerts: None
2025-05-29 04:26:41,191 Health Check - CPU: 2.1%, RAM: 39.9%, Latency: 94.8ms, Disk: 69.0%, Alerts: None
2025-05-29 04:26:42,432 Health Check - CPU: 7.8%, RAM: 39.9%, Latency: 95.7ms, Disk: 69.0%, Alerts: None
2025-05-29 04:26:44,212 Health Check - CPU: 11.9%, RAM: 39.9%, Latency: 98.4ms, Disk: 69.0%, Alerts: None
2025-05-29 04:26:45,453 Health Check - CPU: 6.8%, RAM: 39.9%, Latency: 94.8ms, Disk: 69.0%, Alerts: None
2025-05-29 04:26:47,549 Health Check - CPU: 9.6%, RAM: 39.9%, Latency: 94.0ms, Disk: 69.0%, Alerts: None
2025-05-29 04:26:47,594 ðŸ’¾ Ù†Ø³Ø®Ù‡ Ù¾Ø´ØªÛŒØ¨Ø§Ù† c:\Developer\T13_Project\T13\backup\20250529_042647_version.json Ø§ÛŒØ¬Ø§Ø¯ Ø´Ø¯.
2025-05-29 04:26:47,594 Ù†Ø³Ø®Ù‡ Ø¬Ø¯ÛŒØ¯ Ø³ÛŒØ³ØªÙ… Ø¨Ø§ Ù…Ø¹ÛŒØ§Ø±Ù‡Ø§ÛŒ Ø¹Ù…Ù„Ú©Ø±Ø¯ÛŒ Ø«Ø¨Øª Ø´Ø¯.
2025-05-29 04:26:47,596 Ù¾ÛŒØ´Ù†Ù‡Ø§Ø¯Ø§Øª Ø§Ø±ØªÙ‚Ø§ Ø«Ø¨Øª Ø´Ø¯Ù†Ø¯.
2025-05-29 04:26:47,596 ðŸ”„ Ø¢ØºØ§Ø² Ø¨Ø§Ø²Ù†ÙˆÛŒØ³ÛŒ Ø®ÙˆØ¯Ú©Ø§Ø± Ø³ÛŒØ³ØªÙ… (Refactor)...
2025-05-29 04:26:48,599 ðŸ’¾ Ù†Ø³Ø®Ù‡ Ù¾Ø´ØªÛŒØ¨Ø§Ù† c:\Developer\T13_Project\T13\backup\20250529_042648_self_upgrade_engine.py Ø§ÛŒØ¬Ø§Ø¯ Ø´Ø¯.
2025-05-29 04:26:48,599 Ø®Ø·ÙˆØ· ØªÚ©Ø±Ø§Ø±ÛŒ Ø­Ø°Ù Ø´Ø¯Ù†Ø¯ Ùˆ Ú©Ø¯ ØªÙ…ÛŒØ²ØªØ± Ø´Ø¯.
2025-05-29 04:26:48,599 Ø®Ø·ÙˆØ· Ø¨Ø³ÛŒØ§Ø± Ø·ÙˆÙ„Ø§Ù†ÛŒ (Ø¨ÛŒØ´ Ø§Ø² Û±Û²Û° Ú©Ø§Ø±Ø§Ú©ØªØ±) Ø¯Ø± Ø®Ø·ÙˆØ·: [52, 153]
2025-05-29 04:26:48,600 âœ… Ø¨Ø§Ø²Ù†ÙˆÛŒØ³ÛŒ Ø®ÙˆØ¯Ú©Ø§Ø± Ø³ÛŒØ³ØªÙ… Ø¨Ù‡ Ù¾Ø§ÛŒØ§Ù† Ø±Ø³ÛŒØ¯ Ùˆ snapshot Ø«Ø¨Øª Ø´Ø¯.
2025-05-29 04:26:48,813 Health Check - CPU: 18.7%, RAM: 39.9%, Latency: 93.9ms, Disk: 69.0%, Alerts: None
2025-05-29 04:26:50,065 Health Check - CPU: 16.0%, RAM: 40.0%, Latency: 100.3ms, Disk: 69.0%, Alerts: None
2025-05-29 04:26:51,316 Health Check - CPU: 5.5%, RAM: 39.9%, Latency: 97.5ms, Disk: 69.0%, Alerts: None
2025-05-29 04:26:52,568 Health Check - CPU: 5.7%, RAM: 39.9%, Latency: 95.4ms, Disk: 69.0%, Alerts: None
2025-05-29 04:26:53,809 Health Check - CPU: 5.9%, RAM: 39.9%, Latency: 95.6ms, Disk: 69.0%, Alerts: None
2025-05-29 04:26:55,050 Health Check - CPU: 6.6%, RAM: 39.9%, Latency: 96.9ms, Disk: 69.0%, Alerts: None
2025-05-29 04:26:56,290 Health Check - CPU: 8.7%, RAM: 39.9%, Latency: 94.8ms, Disk: 69.0%, Alerts: None
2025-05-29 04:26:57,567 Health Check - CPU: 6.9%, RAM: 39.9%, Latency: 124.7ms, Disk: 69.0%, Alerts: None
2025-05-29 04:26:58,824 Health Check - CPU: 2.3%, RAM: 39.9%, Latency: 104.8ms, Disk: 69.0%, Alerts: None
2025-05-29 04:27:00,076 Health Check - CPU: 4.5%, RAM: 39.9%, Latency: 94.6ms, Disk: 69.0%, Alerts: None
2025-05-29 04:27:01,360 Health Check - CPU: 6.7%, RAM: 39.9%, Latency: 128.1ms, Disk: 69.0%, Alerts: None
2025-05-29 04:27:04,894 Health Check - CPU: 8.0%, RAM: 39.9%, Latency: 133.3ms, Disk: 69.0%, Alerts: None
2025-05-29 04:27:06,211 Health Check - CPU: 15.5%, RAM: 39.9%, Latency: 127.4ms, Disk: 69.0%, Alerts: None
2025-05-29 04:27:07,548 Health Check - CPU: 6.8%, RAM: 39.9%, Latency: 122.3ms, Disk: 69.0%, Alerts: None
2025-05-29 04:27:08,855 Health Check - CPU: 4.3%, RAM: 39.9%, Latency: 107.6ms, Disk: 69.0%, Alerts: None
2025-05-29 04:27:10,187 Health Check - CPU: 8.9%, RAM: 40.0%, Latency: 131.9ms, Disk: 69.0%, Alerts: None
2025-05-29 04:27:11,485 Health Check - CPU: 3.9%, RAM: 39.9%, Latency: 142.3ms, Disk: 69.0%, Alerts: None
2025-05-29 04:27:12,815 Health Check - CPU: 8.8%, RAM: 40.0%, Latency: 133.6ms, Disk: 69.0%, Alerts: None
2025-05-29 04:27:14,137 Health Check - CPU: 10.4%, RAM: 39.9%, Latency: 142.0ms, Disk: 69.0%, Alerts: None
2025-05-29 04:27:15,430 Health Check - CPU: 8.2%, RAM: 39.9%, Latency: 122.3ms, Disk: 69.0%, Alerts: None
2025-05-29 04:27:16,741 Health Check - CPU: 6.0%, RAM: 39.9%, Latency: 122.3ms, Disk: 69.0%, Alerts: None
2025-05-29 04:27:18,088 Health Check - CPU: 10.0%, RAM: 39.9%, Latency: 144.8ms, Disk: 69.0%, Alerts: None
2025-05-29 04:27:19,404 Health Check - CPU: 3.4%, RAM: 39.9%, Latency: 129.6ms, Disk: 69.0%, Alerts: None
2025-05-29 04:27:20,893 Health Check - CPU: 8.1%, RAM: 39.9%, Latency: 126.7ms, Disk: 69.0%, Alerts: None
2025-05-29 04:27:22,389 Health Check - CPU: 11.3%, RAM: 39.9%, Latency: 124.5ms, Disk: 69.0%, Alerts: None
2025-05-29 04:27:23,720 Health Check - CPU: 14.4%, RAM: 39.9%, Latency: 114.1ms, Disk: 69.0%, Alerts: None
2025-05-29 04:27:25,054 Health Check - CPU: 7.5%, RAM: 39.9%, Latency: 125.7ms, Disk: 69.0%, Alerts: None
2025-05-29 04:27:26,380 Health Check - CPU: 5.9%, RAM: 39.9%, Latency: 113.2ms, Disk: 69.0%, Alerts: None
2025-05-29 04:27:27,692 Health Check - CPU: 10.2%, RAM: 40.0%, Latency: 149.0ms, Disk: 69.0%, Alerts: None
2025-05-29 04:27:29,034 Health Check - CPU: 12.2%, RAM: 39.9%, Latency: 120.2ms, Disk: 69.0%, Alerts: None
2025-05-29 04:27:30,460 Health Check - CPU: 11.1%, RAM: 39.9%, Latency: 227.5ms, Disk: 69.0%, Alerts: None
2025-05-29 04:27:31,776 Health Check - CPU: 8.8%, RAM: 39.9%, Latency: 118.1ms, Disk: 69.0%, Alerts: None
2025-05-29 04:27:33,147 Health Check - CPU: 12.9%, RAM: 39.9%, Latency: 163.9ms, Disk: 69.0%, Alerts: None
2025-05-29 04:27:38,214 Health Check - CPU: 3.0%, RAM: 39.9%, Latency: 126.1ms, Disk: 69.0%, Alerts: None
2025-05-29 04:27:39,597 Health Check - CPU: 11.0%, RAM: 39.9%, Latency: 160.3ms, Disk: 69.0%, Alerts: None
2025-05-29 04:27:40,925 Health Check - CPU: 11.6%, RAM: 39.9%, Latency: 131.3ms, Disk: 69.0%, Alerts: None
2025-05-29 04:27:43,530 Health Check - CPU: 6.2%, RAM: 39.9%, Latency: 141.0ms, Disk: 69.0%, Alerts: None
2025-05-29 04:27:44,876 Health Check - CPU: 8.9%, RAM: 40.0%, Latency: 113.7ms, Disk: 69.0%, Alerts: None
2025-05-29 04:27:46,316 Health Check - CPU: 12.6%, RAM: 39.9%, Latency: 126.7ms, Disk: 69.0%, Alerts: None
2025-05-29 04:27:47,603 Health Check - CPU: 21.6%, RAM: 39.9%, Latency: 121.3ms, Disk: 69.0%, Alerts: None
2025-05-29 04:27:48,920 Health Check - CPU: 5.4%, RAM: 39.9%, Latency: 128.6ms, Disk: 69.0%, Alerts: None
2025-05-29 04:27:50,257 Health Check - CPU: 8.5%, RAM: 39.9%, Latency: 148.4ms, Disk: 69.0%, Alerts: None
2025-05-29 04:27:51,649 Health Check - CPU: 12.0%, RAM: 40.0%, Latency: 154.5ms, Disk: 69.0%, Alerts: None
2025-05-29 04:27:52,927 Health Check - CPU: 16.9%, RAM: 39.9%, Latency: 124.3ms, Disk: 69.0%, Alerts: None
2025-05-29 04:27:54,259 Health Check - CPU: 11.4%, RAM: 39.9%, Latency: 122.4ms, Disk: 69.0%, Alerts: None
2025-05-29 04:27:55,624 Health Check - CPU: 9.2%, RAM: 39.9%, Latency: 128.7ms, Disk: 69.0%, Alerts: None
2025-05-29 04:27:57,643 Health Check - CPU: 5.7%, RAM: 39.9%, Latency: 114.2ms, Disk: 69.0%, Alerts: None
2025-05-29 04:28:00,089 Health Check - CPU: 30.6%, RAM: 40.1%, Latency: 110.8ms, Disk: 69.0%, Alerts: None
2025-05-29 04:28:02,242 Health Check - CPU: 10.1%, RAM: 40.3%, Latency: 154.4ms, Disk: 69.0%, Alerts: None
2025-05-29 04:28:03,578 Health Check - CPU: 19.6%, RAM: 40.3%, Latency: 132.7ms, Disk: 69.0%, Alerts: None
2025-05-29 04:28:04,902 Health Check - CPU: 5.2%, RAM: 40.3%, Latency: 119.1ms, Disk: 69.0%, Alerts: None
2025-05-29 04:28:06,693 Health Check - CPU: 7.4%, RAM: 40.3%, Latency: 124.7ms, Disk: 69.0%, Alerts: None
2025-05-29 04:28:08,004 Health Check - CPU: 3.6%, RAM: 40.3%, Latency: 120.4ms, Disk: 69.0%, Alerts: None
2025-05-29 04:28:09,321 Health Check - CPU: 13.6%, RAM: 40.3%, Latency: 120.5ms, Disk: 69.0%, Alerts: None
2025-05-29 04:28:10,657 Health Check - CPU: 2.5%, RAM: 40.3%, Latency: 137.2ms, Disk: 69.0%, Alerts: None
2025-05-29 04:28:11,991 Health Check - CPU: 6.1%, RAM: 40.3%, Latency: 129.8ms, Disk: 69.0%, Alerts: None
2025-05-29 04:28:13,306 Health Check - CPU: 12.2%, RAM: 40.3%, Latency: 122.2ms, Disk: 69.0%, Alerts: None
2025-05-29 04:28:14,611 Health Check - CPU: 11.1%, RAM: 40.3%, Latency: 121.1ms, Disk: 69.0%, Alerts: None
2025-05-29 04:28:15,957 Health Check - CPU: 5.7%, RAM: 40.2%, Latency: 137.0ms, Disk: 69.0%, Alerts: None
2025-05-29 04:28:17,241 Health Check - CPU: 8.2%, RAM: 40.2%, Latency: 95.0ms, Disk: 69.0%, Alerts: None
2025-05-29 04:28:18,482 Health Check - CPU: 6.0%, RAM: 40.2%, Latency: 96.0ms, Disk: 69.0%, Alerts: None
2025-05-29 04:28:18,520 ðŸ’¾ Ù†Ø³Ø®Ù‡ Ù¾Ø´ØªÛŒØ¨Ø§Ù† c:\Developer\T13_Project\T13\backup\20250529_042818_version.json Ø§ÛŒØ¬Ø§Ø¯ Ø´Ø¯.
2025-05-29 04:28:18,520 Ù†Ø³Ø®Ù‡ Ø¬Ø¯ÛŒØ¯ Ø³ÛŒØ³ØªÙ… Ø¨Ø§ Ù…Ø¹ÛŒØ§Ø±Ù‡Ø§ÛŒ Ø¹Ù…Ù„Ú©Ø±Ø¯ÛŒ Ø«Ø¨Øª Ø´Ø¯.
2025-05-29 04:28:18,521 Ù¾ÛŒØ´Ù†Ù‡Ø§Ø¯Ø§Øª Ø§Ø±ØªÙ‚Ø§ Ø«Ø¨Øª Ø´Ø¯Ù†Ø¯.
2025-05-29 04:28:18,521 ðŸ”„ Ø¢ØºØ§Ø² Ø¨Ø§Ø²Ù†ÙˆÛŒØ³ÛŒ Ø®ÙˆØ¯Ú©Ø§Ø± Ø³ÛŒØ³ØªÙ… (Refactor)...
2025-05-29 04:28:19,523 Ø®Ø·ÙˆØ· Ø¨Ø³ÛŒØ§Ø± Ø·ÙˆÙ„Ø§Ù†ÛŒ (Ø¨ÛŒØ´ Ø§Ø² Û±Û²Û° Ú©Ø§Ø±Ø§Ú©ØªØ±) Ø¯Ø± Ø®Ø·ÙˆØ·: [52, 153]
2025-05-29 04:28:19,524 âœ… Ø¨Ø§Ø²Ù†ÙˆÛŒØ³ÛŒ Ø®ÙˆØ¯Ú©Ø§Ø± Ø³ÛŒØ³ØªÙ… Ø¨Ù‡ Ù¾Ø§ÛŒØ§Ù† Ø±Ø³ÛŒØ¯ Ùˆ snapshot Ø«Ø¨Øª Ø´Ø¯.
2025-05-29 04:28:19,728 Health Check - CPU: 11.2%, RAM: 40.1%, Latency: 94.7ms, Disk: 69.0%, Alerts: None
2025-05-29 04:28:21,027 Health Check - CPU: 4.5%, RAM: 40.1%, Latency: 158.8ms, Disk: 69.0%, Alerts: None
2025-05-29 04:28:22,364 Health Check - CPU: 5.4%, RAM: 40.1%, Latency: 130.9ms, Disk: 69.0%, Alerts: None
2025-05-29 04:28:23,712 Health Check - CPU: 7.1%, RAM: 40.1%, Latency: 142.2ms, Disk: 69.0%, Alerts: None
2025-05-29 04:28:25,032 Health Check - CPU: 12.6%, RAM: 40.0%, Latency: 115.0ms, Disk: 69.0%, Alerts: None
2025-05-29 04:28:26,368 Health Check - CPU: 6.3%, RAM: 40.0%, Latency: 141.7ms, Disk: 69.0%, Alerts: None
2025-05-29 04:28:27,711 Health Check - CPU: 12.9%, RAM: 40.0%, Latency: 124.0ms, Disk: 69.0%, Alerts: None
2025-05-29 04:28:28,993 Health Check - CPU: 3.9%, RAM: 40.0%, Latency: 125.4ms, Disk: 69.0%, Alerts: None
2025-05-29 04:28:31,813 Health Check - CPU: 11.2%, RAM: 40.1%, Latency: 133.1ms, Disk: 69.0%, Alerts: None
2025-05-29 04:28:33,887 Health Check - CPU: 2.6%, RAM: 40.0%, Latency: 116.8ms, Disk: 69.0%, Alerts: None
2025-05-29 04:28:36,443 Health Check - CPU: 5.4%, RAM: 40.0%, Latency: 135.9ms, Disk: 69.0%, Alerts: None
2025-05-29 04:28:39,012 Health Check - CPU: 10.9%, RAM: 40.0%, Latency: 120.8ms, Disk: 69.0%, Alerts: None
2025-05-29 04:28:40,643 Health Check - CPU: 6.0%, RAM: 40.0%, Latency: 115.5ms, Disk: 69.0%, Alerts: None
2025-05-29 04:28:41,982 Health Check - CPU: 8.1%, RAM: 40.1%, Latency: 136.1ms, Disk: 69.0%, Alerts: None
2025-05-29 04:28:43,329 Health Check - CPU: 5.6%, RAM: 40.1%, Latency: 130.1ms, Disk: 69.0%, Alerts: None
2025-05-29 04:28:44,641 Health Check - CPU: 17.9%, RAM: 40.1%, Latency: 131.6ms, Disk: 69.0%, Alerts: None
2025-05-29 04:28:46,447 Health Check - CPU: 5.0%, RAM: 40.1%, Latency: 155.2ms, Disk: 69.0%, Alerts: None
2025-05-29 04:28:49,308 Health Check - CPU: 9.0%, RAM: 40.1%, Latency: 116.7ms, Disk: 69.0%, Alerts: None
2025-05-29 04:28:51,036 Health Check - CPU: 13.5%, RAM: 40.1%, Latency: 133.4ms, Disk: 69.0%, Alerts: None
2025-05-29 04:28:52,626 Health Check - CPU: 5.6%, RAM: 40.1%, Latency: 143.1ms, Disk: 69.0%, Alerts: None
2025-05-29 04:28:53,980 Health Check - CPU: 5.5%, RAM: 40.1%, Latency: 114.5ms, Disk: 69.0%, Alerts: None
2025-05-29 04:28:55,319 Health Check - CPU: 4.8%, RAM: 40.1%, Latency: 122.4ms, Disk: 69.0%, Alerts: None
2025-05-29 04:28:56,653 Health Check - CPU: 6.2%, RAM: 40.1%, Latency: 121.8ms, Disk: 69.0%, Alerts: None
2025-05-29 04:28:57,971 Health Check - CPU: 17.5%, RAM: 40.1%, Latency: 124.0ms, Disk: 69.0%, Alerts: None
2025-05-29 04:28:59,298 Health Check - CPU: 4.9%, RAM: 40.1%, Latency: 122.5ms, Disk: 69.0%, Alerts: None
2025-05-29 04:29:00,630 Health Check - CPU: 8.0%, RAM: 40.1%, Latency: 124.0ms, Disk: 69.0%, Alerts: None
2025-05-29 04:29:02,470 Health Check - CPU: 9.0%, RAM: 40.1%, Latency: 129.7ms, Disk: 69.0%, Alerts: None
2025-05-29 04:29:05,395 Health Check - CPU: 13.5%, RAM: 40.1%, Latency: 141.1ms, Disk: 69.0%, Alerts: None
2025-05-29 04:29:09,848 Health Check - CPU: 6.0%, RAM: 40.0%, Latency: 144.3ms, Disk: 69.0%, Alerts: None
2025-05-29 04:29:11,445 Health Check - CPU: 6.8%, RAM: 40.1%, Latency: 145.6ms, Disk: 69.0%, Alerts: None
2025-05-29 04:29:12,795 Health Check - CPU: 16.7%, RAM: 40.1%, Latency: 120.5ms, Disk: 69.0%, Alerts: None
2025-05-29 04:29:14,119 Health Check - CPU: 12.4%, RAM: 40.1%, Latency: 121.5ms, Disk: 69.0%, Alerts: None
2025-05-29 04:29:15,441 Health Check - CPU: 8.0%, RAM: 40.1%, Latency: 125.0ms, Disk: 69.0%, Alerts: None
2025-05-29 04:29:16,759 Health Check - CPU: 8.0%, RAM: 40.1%, Latency: 113.4ms, Disk: 69.0%, Alerts: None
2025-05-29 04:29:18,090 Health Check - CPU: 11.8%, RAM: 40.1%, Latency: 122.5ms, Disk: 69.0%, Alerts: None
2025-05-29 04:29:19,399 Health Check - CPU: 2.3%, RAM: 40.1%, Latency: 118.6ms, Disk: 69.0%, Alerts: None
2025-05-29 04:29:20,856 Health Check - CPU: 9.7%, RAM: 40.1%, Latency: 115.9ms, Disk: 69.0%, Alerts: None
2025-05-29 04:29:22,191 Health Check - CPU: 12.5%, RAM: 40.1%, Latency: 115.8ms, Disk: 69.0%, Alerts: None
2025-05-29 04:29:24,650 Health Check - CPU: 7.0%, RAM: 40.1%, Latency: 122.7ms, Disk: 69.0%, Alerts: None
2025-05-29 04:29:25,991 Health Check - CPU: 5.4%, RAM: 40.1%, Latency: 126.5ms, Disk: 69.0%, Alerts: None
2025-05-29 04:29:27,313 Health Check - CPU: 16.7%, RAM: 40.1%, Latency: 113.6ms, Disk: 69.0%, Alerts: None
2025-05-29 04:29:28,632 Health Check - CPU: 10.5%, RAM: 40.1%, Latency: 135.7ms, Disk: 69.0%, Alerts: None
2025-05-29 04:29:29,947 Health Check - CPU: 15.2%, RAM: 40.1%, Latency: 116.2ms, Disk: 69.0%, Alerts: None
2025-05-29 04:29:31,274 Health Check - CPU: 15.7%, RAM: 40.1%, Latency: 112.2ms, Disk: 69.0%, Alerts: None
2025-05-29 04:29:32,587 Health Check - CPU: 8.9%, RAM: 40.1%, Latency: 123.5ms, Disk: 69.0%, Alerts: None
2025-05-29 04:29:33,927 Health Check - CPU: 10.4%, RAM: 40.1%, Latency: 146.2ms, Disk: 69.0%, Alerts: None
2025-05-29 04:29:35,256 Health Check - CPU: 5.0%, RAM: 40.1%, Latency: 124.5ms, Disk: 69.0%, Alerts: None
2025-05-29 04:29:39,162 Health Check - CPU: 13.0%, RAM: 40.1%, Latency: 138.7ms, Disk: 69.0%, Alerts: None
2025-05-29 04:29:40,494 Health Check - CPU: 13.0%, RAM: 40.0%, Latency: 122.7ms, Disk: 69.0%, Alerts: None
2025-05-29 04:29:41,827 Health Check - CPU: 6.8%, RAM: 40.0%, Latency: 116.3ms, Disk: 69.0%, Alerts: None
2025-05-29 04:29:43,163 Health Check - CPU: 7.5%, RAM: 40.0%, Latency: 121.3ms, Disk: 69.0%, Alerts: None
2025-05-29 04:29:44,489 Health Check - CPU: 6.9%, RAM: 40.0%, Latency: 125.4ms, Disk: 69.0%, Alerts: None
2025-05-29 04:29:46,045 Health Check - CPU: 4.4%, RAM: 40.0%, Latency: 123.2ms, Disk: 69.0%, Alerts: None
2025-05-29 04:29:47,399 Health Check - CPU: 7.7%, RAM: 40.0%, Latency: 131.2ms, Disk: 69.0%, Alerts: None
2025-05-29 04:29:48,736 Health Check - CPU: 15.8%, RAM: 40.0%, Latency: 143.5ms, Disk: 69.0%, Alerts: None
2025-05-29 04:29:50,069 Health Check - CPU: 9.0%, RAM: 40.0%, Latency: 124.3ms, Disk: 69.0%, Alerts: None
2025-05-29 04:29:51,378 Health Check - CPU: 3.6%, RAM: 40.3%, Latency: 112.5ms, Disk: 69.0%, Alerts: None
2025-05-29 04:29:52,727 Health Check - CPU: 6.1%, RAM: 40.3%, Latency: 161.6ms, Disk: 69.0%, Alerts: None
2025-05-29 04:29:54,075 Health Check - CPU: 4.2%, RAM: 40.3%, Latency: 136.1ms, Disk: 69.0%, Alerts: None
2025-05-29 04:29:55,381 Health Check - CPU: 10.3%, RAM: 40.3%, Latency: 113.8ms, Disk: 69.0%, Alerts: None
2025-05-29 04:29:56,953 Health Check - CPU: 7.6%, RAM: 40.3%, Latency: 120.3ms, Disk: 69.0%, Alerts: None
2025-05-29 04:29:58,441 Health Check - CPU: 9.2%, RAM: 40.3%, Latency: 119.2ms, Disk: 69.0%, Alerts: None
2025-05-29 04:29:59,910 Health Check - CPU: 9.2%, RAM: 40.3%, Latency: 115.3ms, Disk: 69.0%, Alerts: None
2025-05-29 04:30:01,228 Health Check - CPU: 12.2%, RAM: 40.3%, Latency: 112.4ms, Disk: 69.0%, Alerts: None
2025-05-29 04:30:03,300 Health Check - CPU: 6.2%, RAM: 40.3%, Latency: 113.8ms, Disk: 69.0%, Alerts: None
2025-05-29 04:30:05,538 Health Check - CPU: 5.2%, RAM: 40.3%, Latency: 118.5ms, Disk: 69.0%, Alerts: None
2025-05-29 04:30:06,921 Health Check - CPU: 9.0%, RAM: 40.4%, Latency: 150.0ms, Disk: 69.0%, Alerts: None
2025-05-29 04:30:08,284 Health Check - CPU: 4.0%, RAM: 40.4%, Latency: 140.8ms, Disk: 69.0%, Alerts: None
2025-05-29 04:30:09,621 Health Check - CPU: 28.2%, RAM: 40.4%, Latency: 145.3ms, Disk: 69.0%, Alerts: None
2025-05-29 04:30:10,964 Health Check - CPU: 16.5%, RAM: 40.5%, Latency: 126.1ms, Disk: 69.0%, Alerts: None
2025-05-29 04:30:12,307 Health Check - CPU: 15.8%, RAM: 40.5%, Latency: 142.6ms, Disk: 69.0%, Alerts: None
2025-05-29 04:30:13,630 Health Check - CPU: 24.6%, RAM: 40.6%, Latency: 134.6ms, Disk: 69.0%, Alerts: None
2025-05-29 04:30:14,961 Health Check - CPU: 21.0%, RAM: 40.6%, Latency: 113.6ms, Disk: 69.0%, Alerts: None
2025-05-29 04:30:16,281 Health Check - CPU: 18.6%, RAM: 40.6%, Latency: 116.8ms, Disk: 69.0%, Alerts: None
2025-05-29 04:30:17,645 Health Check - CPU: 20.0%, RAM: 40.7%, Latency: 140.0ms, Disk: 69.0%, Alerts: None
2025-05-29 04:30:18,978 Health Check - CPU: 10.4%, RAM: 40.9%, Latency: 117.9ms, Disk: 69.0%, Alerts: None
2025-05-29 04:30:20,299 Health Check - CPU: 12.6%, RAM: 41.1%, Latency: 127.0ms, Disk: 69.0%, Alerts: None
2025-05-29 04:30:21,626 Health Check - CPU: 33.7%, RAM: 41.3%, Latency: 129.3ms, Disk: 69.0%, Alerts: None
2025-05-29 04:30:22,966 Health Check - CPU: 15.6%, RAM: 40.9%, Latency: 131.2ms, Disk: 69.0%, Alerts: None
2025-05-29 04:30:24,295 Health Check - CPU: 13.5%, RAM: 40.9%, Latency: 122.3ms, Disk: 69.0%, Alerts: None
2025-05-29 04:30:25,635 Health Check - CPU: 15.0%, RAM: 40.9%, Latency: 116.4ms, Disk: 69.0%, Alerts: None
2025-05-29 04:30:26,954 Health Check - CPU: 18.7%, RAM: 40.9%, Latency: 131.2ms, Disk: 69.0%, Alerts: None
2025-05-29 04:30:28,291 Health Check - CPU: 14.4%, RAM: 40.9%, Latency: 127.9ms, Disk: 69.0%, Alerts: None
2025-05-29 04:30:29,608 Health Check - CPU: 9.3%, RAM: 40.9%, Latency: 121.8ms, Disk: 69.0%, Alerts: None
2025-05-29 04:30:30,918 Health Check - CPU: 5.1%, RAM: 40.8%, Latency: 112.9ms, Disk: 69.0%, Alerts: None
2025-05-29 04:30:32,257 Health Check - CPU: 5.3%, RAM: 40.9%, Latency: 120.9ms, Disk: 69.0%, Alerts: None
2025-05-29 04:30:33,583 Health Check - CPU: 9.9%, RAM: 40.8%, Latency: 134.8ms, Disk: 69.0%, Alerts: None
2025-05-29 04:30:34,928 Health Check - CPU: 8.7%, RAM: 40.8%, Latency: 160.4ms, Disk: 69.0%, Alerts: None
2025-05-29 04:30:39,245 Health Check - CPU: 4.5%, RAM: 40.4%, Latency: 125.6ms, Disk: 69.0%, Alerts: None
2025-05-29 04:30:45,361 Health Check - CPU: 3.7%, RAM: 40.4%, Latency: 113.3ms, Disk: 69.0%, Alerts: None
2025-05-29 04:30:46,692 Health Check - CPU: 31.5%, RAM: 40.2%, Latency: 114.2ms, Disk: 69.0%, Alerts: None
2025-05-29 04:30:48,404 Health Check - CPU: 23.2%, RAM: 40.2%, Latency: 111.3ms, Disk: 69.0%, Alerts: None
2025-05-29 04:30:50,107 Health Check - CPU: 6.3%, RAM: 40.2%, Latency: 145.2ms, Disk: 69.0%, Alerts: None
2025-05-29 04:30:53,531 Health Check - CPU: 5.9%, RAM: 40.2%, Latency: 122.4ms, Disk: 69.0%, Alerts: None
2025-05-29 04:30:54,880 Health Check - CPU: 7.0%, RAM: 40.2%, Latency: 127.0ms, Disk: 69.0%, Alerts: None
2025-05-29 04:30:56,202 Health Check - CPU: 5.3%, RAM: 40.2%, Latency: 115.8ms, Disk: 69.0%, Alerts: None
2025-05-29 04:30:57,581 Health Check - CPU: 7.4%, RAM: 40.2%, Latency: 120.1ms, Disk: 69.0%, Alerts: None
2025-05-29 04:30:58,932 Health Check - CPU: 8.5%, RAM: 40.4%, Latency: 150.4ms, Disk: 69.0%, Alerts: None
2025-05-29 04:31:00,229 Health Check - CPU: 14.7%, RAM: 40.5%, Latency: 101.7ms, Disk: 69.0%, Alerts: None
2025-05-29 04:31:01,537 Health Check - CPU: 4.8%, RAM: 40.4%, Latency: 122.1ms, Disk: 69.0%, Alerts: None
2025-05-29 04:31:02,857 Health Check - CPU: 17.9%, RAM: 40.4%, Latency: 115.7ms, Disk: 69.0%, Alerts: None
2025-05-29 04:31:04,179 Health Check - CPU: 12.9%, RAM: 40.4%, Latency: 119.2ms, Disk: 69.0%, Alerts: None
2025-05-29 04:31:05,500 Health Check - CPU: 3.8%, RAM: 40.5%, Latency: 130.9ms, Disk: 69.0%, Alerts: None
2025-05-29 04:31:06,823 Health Check - CPU: 10.3%, RAM: 40.5%, Latency: 132.4ms, Disk: 69.0%, Alerts: None
2025-05-29 04:31:08,152 Health Check - CPU: 10.7%, RAM: 40.5%, Latency: 117.9ms, Disk: 69.0%, Alerts: None
2025-05-29 04:31:11,735 Health Check - CPU: 7.1%, RAM: 40.5%, Latency: 135.1ms, Disk: 69.0%, Alerts: None
2025-05-29 04:31:13,076 Health Check - CPU: 8.8%, RAM: 40.7%, Latency: 125.3ms, Disk: 69.0%, Alerts: None
2025-05-29 04:31:14,419 Health Check - CPU: 10.6%, RAM: 40.8%, Latency: 146.0ms, Disk: 69.0%, Alerts: None
2025-05-29 04:31:15,780 Health Check - CPU: 9.0%, RAM: 40.8%, Latency: 136.2ms, Disk: 69.0%, Alerts: None
2025-05-29 04:31:17,116 Health Check - CPU: 9.1%, RAM: 40.9%, Latency: 139.0ms, Disk: 69.0%, Alerts: None
2025-05-29 04:31:19,585 Health Check - CPU: 8.1%, RAM: 40.9%, Latency: 126.9ms, Disk: 69.0%, Alerts: None
2025-05-29 04:31:21,968 Health Check - CPU: 14.4%, RAM: 41.0%, Latency: 127.3ms, Disk: 69.0%, Alerts: None
